{"/Users/yanshuyu/Desktop/TheChosenOnes-1/frontend/src/components/AdminTaskList.js": {"path":"/Users/yanshuyu/Desktop/TheChosenOnes-1/frontend/src/components/AdminTaskList.js","statementMap":{"0":{"start":{"line":3,"column":22},"end":{"line":98,"column":1}},"1":{"start":{"line":4,"column":22},"end":{"line":15,"column":3}},"2":{"start":{"line":5,"column":4},"end":{"line":14,"column":5}},"3":{"start":{"line":7,"column":8},"end":{"line":7,"column":23}},"4":{"start":{"line":9,"column":8},"end":{"line":9,"column":29}},"5":{"start":{"line":11,"column":8},"end":{"line":11,"column":22}},"6":{"start":{"line":13,"column":8},"end":{"line":13,"column":22}},"7":{"start":{"line":17,"column":2},"end":{"line":97,"column":4}},"8":{"start":{"line":21,"column":8},"end":{"line":94,"column":14}},"9":{"start":{"line":46,"column":18},"end":{"line":46,"column":47}},"10":{"start":{"line":53,"column":35},"end":{"line":53,"column":51}},"11":{"start":{"line":57,"column":19},"end":{"line":57,"column":43}},"12":{"start":{"line":67,"column":19},"end":{"line":67,"column":44}},"13":{"start":{"line":77,"column":29},"end":{"line":77,"column":50}},"14":{"start":{"line":85,"column":17},"end":{"line":85,"column":38}},"15":{"start":{"line":100,"column":15},"end":{"line":117,"column":1}}},"fnMap":{"0":{"name":"(anonymous_0)","decl":{"start":{"line":3,"column":22},"end":{"line":3,"column":23}},"loc":{"start":{"line":3,"column":96},"end":{"line":98,"column":1}},"line":3},"1":{"name":"(anonymous_1)","decl":{"start":{"line":4,"column":22},"end":{"line":4,"column":23}},"loc":{"start":{"line":4,"column":34},"end":{"line":15,"column":3}},"line":4},"2":{"name":"(anonymous_2)","decl":{"start":{"line":20,"column":17},"end":{"line":20,"column":18}},"loc":{"start":{"line":21,"column":8},"end":{"line":94,"column":14}},"line":21},"3":{"name":"(anonymous_3)","decl":{"start":{"line":45,"column":39},"end":{"line":45,"column":40}},"loc":{"start":{"line":46,"column":18},"end":{"line":46,"column":47}},"line":46},"4":{"name":"(anonymous_4)","decl":{"start":{"line":53,"column":29},"end":{"line":53,"column":30}},"loc":{"start":{"line":53,"column":35},"end":{"line":53,"column":51}},"line":53},"5":{"name":"(anonymous_5)","decl":{"start":{"line":57,"column":13},"end":{"line":57,"column":14}},"loc":{"start":{"line":57,"column":19},"end":{"line":57,"column":43}},"line":57},"6":{"name":"(anonymous_6)","decl":{"start":{"line":67,"column":13},"end":{"line":67,"column":14}},"loc":{"start":{"line":67,"column":19},"end":{"line":67,"column":44}},"line":67},"7":{"name":"(anonymous_7)","decl":{"start":{"line":77,"column":23},"end":{"line":77,"column":24}},"loc":{"start":{"line":77,"column":29},"end":{"line":77,"column":50}},"line":77},"8":{"name":"(anonymous_8)","decl":{"start":{"line":85,"column":11},"end":{"line":85,"column":12}},"loc":{"start":{"line":85,"column":17},"end":{"line":85,"column":38}},"line":85}},"branchMap":{"0":{"loc":{"start":{"line":5,"column":4},"end":{"line":14,"column":5}},"type":"switch","locations":[{"start":{"line":6,"column":6},"end":{"line":7,"column":23}},{"start":{"line":8,"column":6},"end":{"line":9,"column":29}},{"start":{"line":10,"column":6},"end":{"line":11,"column":22}},{"start":{"line":12,"column":6},"end":{"line":13,"column":22}}],"line":5},"1":{"loc":{"start":{"line":41,"column":11},"end":{"line":50,"column":11}},"type":"binary-expr","locations":[{"start":{"line":41,"column":11},"end":{"line":41,"column":28}},{"start":{"line":41,"column":32},"end":{"line":41,"column":60}},{"start":{"line":42,"column":12},"end":{"line":49,"column":18}}],"line":41},"2":{"loc":{"start":{"line":55,"column":13},"end":{"line":63,"column":1}},"type":"binary-expr","locations":[{"start":{"line":55,"column":13},"end":{"line":55,"column":30}},{"start":{"line":55,"column":34},"end":{"line":55,"column":46}},{"start":{"line":56,"column":2},"end":{"line":62,"column":11}}],"line":55},"3":{"loc":{"start":{"line":65,"column":1},"end":{"line":73,"column":1}},"type":"binary-expr","locations":[{"start":{"line":65,"column":1},"end":{"line":65,"column":17}},{"start":{"line":65,"column":21},"end":{"line":65,"column":33}},{"start":{"line":66,"column":2},"end":{"line":72,"column":11}}],"line":65},"4":{"loc":{"start":{"line":78,"column":21},"end":{"line":78,"column":64}},"type":"cond-expr","locations":[{"start":{"line":78,"column":35},"end":{"line":78,"column":48}},{"start":{"line":78,"column":51},"end":{"line":78,"column":64}}],"line":78},"5":{"loc":{"start":{"line":81,"column":15},"end":{"line":81,"column":52}},"type":"cond-expr","locations":[{"start":{"line":81,"column":29},"end":{"line":81,"column":40}},{"start":{"line":81,"column":43},"end":{"line":81,"column":52}}],"line":81}},"s":{"0":1,"1":0,"2":0,"3":0,"4":0,"5":0,"6":0,"7":0,"8":0,"9":0,"10":0,"11":0,"12":0,"13":0,"14":0,"15":1},"f":{"0":0,"1":0,"2":0,"3":0,"4":0,"5":0,"6":0,"7":0,"8":0},"b":{"0":[0,0,0,0],"1":[0,0,0],"2":[0,0,0],"3":[0,0,0],"4":[0,0],"5":[0,0]},"_coverageSchema":"1a1c01bbd47fc00a2c39e90264f33305004495a9","hash":"7334f4c2388f362acf7974c8c6a743b70b3c6d7e"}
,"/Users/yanshuyu/Desktop/TheChosenOnes-1/frontend/src/components/ui/button.js": {"path":"/Users/yanshuyu/Desktop/TheChosenOnes-1/frontend/src/components/ui/button.js","statementMap":{"0":{"start":{"line":3,"column":22},"end":{"line":20,"column":1}},"1":{"start":{"line":4,"column":2},"end":{"line":19,"column":4}}},"fnMap":{"0":{"name":"(anonymous_0)","decl":{"start":{"line":3,"column":22},"end":{"line":3,"column":23}},"loc":{"start":{"line":3,"column":57},"end":{"line":20,"column":1}},"line":3}},"branchMap":{},"s":{"0":1,"1":0},"f":{"0":0},"b":{},"_coverageSchema":"1a1c01bbd47fc00a2c39e90264f33305004495a9","hash":"cdf77bfa4c9f3b3a198a370da25d8c1b175bf008"}
,"/Users/yanshuyu/Desktop/TheChosenOnes-1/frontend/src/pages/AdminManagement.js": {"path":"/Users/yanshuyu/Desktop/TheChosenOnes-1/frontend/src/pages/AdminManagement.js","statementMap":{"0":{"start":{"line":5,"column":24},"end":{"line":61,"column":1}},"1":{"start":{"line":6,"column":21},"end":{"line":6,"column":34}},"2":{"start":{"line":10,"column":30},"end":{"line":14,"column":6}},"3":{"start":{"line":16,"column":27},"end":{"line":21,"column":5}},"4":{"start":{"line":18,"column":8},"end":{"line":18,"column":63}},"5":{"start":{"line":20,"column":8},"end":{"line":20,"column":92}},"6":{"start":{"line":20,"column":35},"end":{"line":20,"column":89}},"7":{"start":{"line":23,"column":4},"end":{"line":60,"column":6}},"8":{"start":{"line":37,"column":24},"end":{"line":50,"column":29}},"9":{"start":{"line":45,"column":81},"end":{"line":45,"column":104}},"10":{"start":{"line":56,"column":65},"end":{"line":56,"column":83}},"11":{"start":{"line":63,"column":15},"end":{"line":115,"column":1}}},"fnMap":{"0":{"name":"(anonymous_0)","decl":{"start":{"line":5,"column":24},"end":{"line":5,"column":25}},"loc":{"start":{"line":5,"column":30},"end":{"line":61,"column":1}},"line":5},"1":{"name":"(anonymous_1)","decl":{"start":{"line":16,"column":27},"end":{"line":16,"column":28}},"loc":{"start":{"line":16,"column":39},"end":{"line":21,"column":5}},"line":16},"2":{"name":"(anonymous_2)","decl":{"start":{"line":20,"column":27},"end":{"line":20,"column":28}},"loc":{"start":{"line":20,"column":35},"end":{"line":20,"column":89}},"line":20},"3":{"name":"(anonymous_3)","decl":{"start":{"line":36,"column":31},"end":{"line":36,"column":32}},"loc":{"start":{"line":37,"column":24},"end":{"line":50,"column":29}},"line":37},"4":{"name":"(anonymous_4)","decl":{"start":{"line":45,"column":75},"end":{"line":45,"column":76}},"loc":{"start":{"line":45,"column":81},"end":{"line":45,"column":104}},"line":45},"5":{"name":"(anonymous_5)","decl":{"start":{"line":56,"column":59},"end":{"line":56,"column":60}},"loc":{"start":{"line":56,"column":65},"end":{"line":56,"column":83}},"line":56}},"branchMap":{"0":{"loc":{"start":{"line":20,"column":35},"end":{"line":20,"column":89}},"type":"cond-expr","locations":[{"start":{"line":20,"column":56},"end":{"line":20,"column":82}},{"start":{"line":20,"column":85},"end":{"line":20,"column":89}}],"line":20},"1":{"loc":{"start":{"line":42,"column":33},"end":{"line":48,"column":33}},"type":"cond-expr","locations":[{"start":{"line":43,"column":36},"end":{"line":43,"column":43}},{"start":{"line":45,"column":36},"end":{"line":47,"column":45}}],"line":42}},"s":{"0":1,"1":0,"2":0,"3":0,"4":0,"5":0,"6":0,"7":0,"8":0,"9":0,"10":0,"11":1},"f":{"0":0,"1":0,"2":0,"3":0,"4":0,"5":0},"b":{"0":[0,0],"1":[0,0]},"_coverageSchema":"1a1c01bbd47fc00a2c39e90264f33305004495a9","hash":"a10a1b4ec515a1936f4d77e386a007aeccdc24fc"}
}
