{"/Users/yanshuyu/Desktop/TheChosenOnes-1/frontend/src/App.js": {"path":"/Users/yanshuyu/Desktop/TheChosenOnes-1/frontend/src/App.js","statementMap":{"0":{"start":{"line":15,"column":23},"end":{"line":27,"column":1}},"1":{"start":{"line":16,"column":16},"end":{"line":16,"column":45}},"2":{"start":{"line":17,"column":15},"end":{"line":17,"column":43}},"3":{"start":{"line":18,"column":2},"end":{"line":20,"column":3}},"4":{"start":{"line":19,"column":4},"end":{"line":19,"column":36}},"5":{"start":{"line":22,"column":2},"end":{"line":24,"column":3}},"6":{"start":{"line":23,"column":4},"end":{"line":23,"column":36}},"7":{"start":{"line":26,"column":2},"end":{"line":26,"column":17}},"8":{"start":{"line":29,"column":2},"end":{"line":34,"column":9}},"9":{"start":{"line":31,"column":4},"end":{"line":33,"column":72}},"10":{"start":{"line":32,"column":24},"end":{"line":32,"column":71}},"11":{"start":{"line":33,"column":22},"end":{"line":33,"column":70}},"12":{"start":{"line":35,"column":2},"end":{"line":57,"column":4}}},"fnMap":{"0":{"name":"(anonymous_0)","decl":{"start":{"line":15,"column":23},"end":{"line":15,"column":24}},"loc":{"start":{"line":15,"column":51},"end":{"line":27,"column":1}},"line":15},"1":{"name":"App","decl":{"start":{"line":28,"column":9},"end":{"line":28,"column":12}},"loc":{"start":{"line":28,"column":15},"end":{"line":58,"column":1}},"line":28},"2":{"name":"(anonymous_2)","decl":{"start":{"line":29,"column":12},"end":{"line":29,"column":13}},"loc":{"start":{"line":29,"column":18},"end":{"line":34,"column":3}},"line":29},"3":{"name":"(anonymous_3)","decl":{"start":{"line":32,"column":12},"end":{"line":32,"column":13}},"loc":{"start":{"line":32,"column":24},"end":{"line":32,"column":71}},"line":32},"4":{"name":"(anonymous_4)","decl":{"start":{"line":33,"column":13},"end":{"line":33,"column":14}},"loc":{"start":{"line":33,"column":22},"end":{"line":33,"column":70}},"line":33}},"branchMap":{"0":{"loc":{"start":{"line":18,"column":2},"end":{"line":20,"column":3}},"type":"if","locations":[{"start":{"line":18,"column":2},"end":{"line":20,"column":3}},{"start":{},"end":{}}],"line":18},"1":{"loc":{"start":{"line":22,"column":2},"end":{"line":24,"column":3}},"type":"if","locations":[{"start":{"line":22,"column":2},"end":{"line":24,"column":3}},{"start":{},"end":{}}],"line":22},"2":{"loc":{"start":{"line":22,"column":6},"end":{"line":22,"column":35}},"type":"binary-expr","locations":[{"start":{"line":22,"column":6},"end":{"line":22,"column":15}},{"start":{"line":22,"column":19},"end":{"line":22,"column":35}}],"line":22}},"s":{"0":1,"1":0,"2":0,"3":0,"4":0,"5":0,"6":0,"7":0,"8":1,"9":1,"10":0,"11":0,"12":1},"f":{"0":0,"1":1,"2":1,"3":0,"4":0},"b":{"0":[0,0],"1":[0,0],"2":[0,0]},"_coverageSchema":"1a1c01bbd47fc00a2c39e90264f33305004495a9","hash":"dc1c322180ca93f9ed4b9a73c89cdb913d1b276f"}
,"/Users/yanshuyu/Desktop/TheChosenOnes-1/frontend/src/index.js": {"path":"/Users/yanshuyu/Desktop/TheChosenOnes-1/frontend/src/index.js","statementMap":{"0":{"start":{"line":7,"column":13},"end":{"line":7,"column":65}},"1":{"start":{"line":8,"column":0},"end":{"line":12,"column":2}},"2":{"start":{"line":17,"column":0},"end":{"line":17,"column":18}}},"fnMap":{},"branchMap":{},"s":{"0":0,"1":0,"2":0},"f":{},"b":{}}
,"/Users/yanshuyu/Desktop/TheChosenOnes-1/frontend/src/reportWebVitals.js": {"path":"/Users/yanshuyu/Desktop/TheChosenOnes-1/frontend/src/reportWebVitals.js","statementMap":{"0":{"start":{"line":1,"column":24},"end":{"line":11,"column":1}},"1":{"start":{"line":2,"column":2},"end":{"line":10,"column":3}},"2":{"start":{"line":3,"column":4},"end":{"line":9,"column":7}},"3":{"start":{"line":4,"column":6},"end":{"line":4,"column":26}},"4":{"start":{"line":5,"column":6},"end":{"line":5,"column":26}},"5":{"start":{"line":6,"column":6},"end":{"line":6,"column":26}},"6":{"start":{"line":7,"column":6},"end":{"line":7,"column":26}},"7":{"start":{"line":8,"column":6},"end":{"line":8,"column":27}}},"fnMap":{"0":{"name":"(anonymous_0)","decl":{"start":{"line":1,"column":24},"end":{"line":1,"column":25}},"loc":{"start":{"line":1,"column":39},"end":{"line":11,"column":1}},"line":1},"1":{"name":"(anonymous_1)","decl":{"start":{"line":3,"column":30},"end":{"line":3,"column":31}},"loc":{"start":{"line":3,"column":79},"end":{"line":9,"column":5}},"line":3}},"branchMap":{"0":{"loc":{"start":{"line":2,"column":2},"end":{"line":10,"column":3}},"type":"if","locations":[{"start":{"line":2,"column":2},"end":{"line":10,"column":3}},{"start":{},"end":{}}],"line":2},"1":{"loc":{"start":{"line":2,"column":6},"end":{"line":2,"column":52}},"type":"binary-expr","locations":[{"start":{"line":2,"column":6},"end":{"line":2,"column":17}},{"start":{"line":2,"column":21},"end":{"line":2,"column":52}}],"line":2}},"s":{"0":0,"1":0,"2":0,"3":0,"4":0,"5":0,"6":0,"7":0},"f":{"0":0,"1":0},"b":{"0":[0,0],"1":[0,0]}}
,"/Users/yanshuyu/Desktop/TheChosenOnes-1/frontend/src/components/AddTask.js": {"path":"/Users/yanshuyu/Desktop/TheChosenOnes-1/frontend/src/components/AddTask.js","statementMap":{"0":{"start":{"line":3,"column":16},"end":{"line":102,"column":1}},"1":{"start":{"line":4,"column":29},"end":{"line":7,"column":3}},"2":{"start":{"line":5,"column":4},"end":{"line":5,"column":25}},"3":{"start":{"line":5,"column":15},"end":{"line":5,"column":25}},"4":{"start":{"line":6,"column":4},"end":{"line":6,"column":54}},"5":{"start":{"line":9,"column":34},"end":{"line":21,"column":4}},"6":{"start":{"line":23,"column":2},"end":{"line":33,"column":13}},"7":{"start":{"line":24,"column":4},"end":{"line":32,"column":5}},"8":{"start":{"line":25,"column":6},"end":{"line":31,"column":9}},"9":{"start":{"line":35,"column":23},"end":{"line":37,"column":3}},"10":{"start":{"line":36,"column":4},"end":{"line":36,"column":66}},"11":{"start":{"line":39,"column":36},"end":{"line":42,"column":3}},"12":{"start":{"line":40,"column":28},"end":{"line":40,"column":92}},"13":{"start":{"line":40,"column":79},"end":{"line":40,"column":91}},"14":{"start":{"line":41,"column":4},"end":{"line":41,"column":65}},"15":{"start":{"line":44,"column":2},"end":{"line":101,"column":4}},"16":{"start":{"line":61,"column":14},"end":{"line":63,"column":23}},"17":{"start":{"line":96,"column":33},"end":{"line":96,"column":53}},"18":{"start":{"line":104,"column":15},"end":{"line":173,"column":1}}},"fnMap":{"0":{"name":"(anonymous_0)","decl":{"start":{"line":3,"column":16},"end":{"line":3,"column":17}},"loc":{"start":{"line":3,"column":67},"end":{"line":102,"column":1}},"line":3},"1":{"name":"(anonymous_1)","decl":{"start":{"line":4,"column":29},"end":{"line":4,"column":30}},"loc":{"start":{"line":4,"column":39},"end":{"line":7,"column":3}},"line":4},"2":{"name":"(anonymous_2)","decl":{"start":{"line":23,"column":12},"end":{"line":23,"column":13}},"loc":{"start":{"line":23,"column":18},"end":{"line":33,"column":3}},"line":23},"3":{"name":"(anonymous_3)","decl":{"start":{"line":35,"column":23},"end":{"line":35,"column":24}},"loc":{"start":{"line":35,"column":30},"end":{"line":37,"column":3}},"line":35},"4":{"name":"(anonymous_4)","decl":{"start":{"line":39,"column":36},"end":{"line":39,"column":37}},"loc":{"start":{"line":39,"column":43},"end":{"line":42,"column":3}},"line":39},"5":{"name":"(anonymous_5)","decl":{"start":{"line":40,"column":69},"end":{"line":40,"column":70}},"loc":{"start":{"line":40,"column":79},"end":{"line":40,"column":91}},"line":40},"6":{"name":"(anonymous_6)","decl":{"start":{"line":60,"column":50},"end":{"line":60,"column":51}},"loc":{"start":{"line":61,"column":14},"end":{"line":63,"column":23}},"line":61},"7":{"name":"(anonymous_7)","decl":{"start":{"line":96,"column":27},"end":{"line":96,"column":28}},"loc":{"start":{"line":96,"column":33},"end":{"line":96,"column":53}},"line":96}},"branchMap":{"0":{"loc":{"start":{"line":5,"column":4},"end":{"line":5,"column":25}},"type":"if","locations":[{"start":{"line":5,"column":4},"end":{"line":5,"column":25}},{"start":{},"end":{}}],"line":5},"1":{"loc":{"start":{"line":9,"column":43},"end":{"line":21,"column":3}},"type":"binary-expr","locations":[{"start":{"line":9,"column":43},"end":{"line":9,"column":47}},{"start":{"line":9,"column":51},"end":{"line":21,"column":3}}],"line":9},"2":{"loc":{"start":{"line":24,"column":4},"end":{"line":32,"column":5}},"type":"if","locations":[{"start":{"line":24,"column":4},"end":{"line":32,"column":5}},{"start":{},"end":{}}],"line":24},"3":{"loc":{"start":{"line":27,"column":23},"end":{"line":27,"column":47}},"type":"binary-expr","locations":[{"start":{"line":27,"column":23},"end":{"line":27,"column":41}},{"start":{"line":27,"column":45},"end":{"line":27,"column":47}}],"line":27},"4":{"loc":{"start":{"line":47,"column":13},"end":{"line":47,"column":48}},"type":"cond-expr","locations":[{"start":{"line":47,"column":20},"end":{"line":47,"column":31}},{"start":{"line":47,"column":34},"end":{"line":47,"column":48}}],"line":47},"5":{"loc":{"start":{"line":60,"column":13},"end":{"line":64,"column":14}},"type":"binary-expr","locations":[{"start":{"line":60,"column":13},"end":{"line":60,"column":27}},{"start":{"line":60,"column":31},"end":{"line":64,"column":14}}],"line":60},"6":{"loc":{"start":{"line":62,"column":17},"end":{"line":62,"column":76}},"type":"binary-expr","locations":[{"start":{"line":62,"column":17},"end":{"line":62,"column":34}},{"start":{"line":62,"column":38},"end":{"line":62,"column":76}}],"line":62},"7":{"loc":{"start":{"line":96,"column":82},"end":{"line":96,"column":115}},"type":"cond-expr","locations":[{"start":{"line":96,"column":89},"end":{"line":96,"column":102}},{"start":{"line":96,"column":105},"end":{"line":96,"column":115}}],"line":96}},"s":{"0":2,"1":0,"2":0,"3":0,"4":0,"5":0,"6":0,"7":0,"8":0,"9":0,"10":0,"11":0,"12":0,"13":0,"14":0,"15":0,"16":0,"17":0,"18":2},"f":{"0":0,"1":0,"2":0,"3":0,"4":0,"5":0,"6":0,"7":0},"b":{"0":[0,0],"1":[0,0],"2":[0,0],"3":[0,0],"4":[0,0],"5":[0,0],"6":[0,0],"7":[0,0]},"_coverageSchema":"1a1c01bbd47fc00a2c39e90264f33305004495a9","hash":"dc12993d675661209a4741b9e26f6c7bfc2e76f4"}
,"/Users/yanshuyu/Desktop/TheChosenOnes-1/frontend/src/components/AdminDashboard.js": {"path":"/Users/yanshuyu/Desktop/TheChosenOnes-1/frontend/src/components/AdminDashboard.js","statementMap":{"0":{"start":{"line":10,"column":23},"end":{"line":446,"column":1}},"1":{"start":{"line":11,"column":19},"end":{"line":11,"column":32}},"2":{"start":{"line":13,"column":28},"end":{"line":17,"column":4}},"3":{"start":{"line":20,"column":32},"end":{"line":25,"column":4}},"4":{"start":{"line":27,"column":36},"end":{"line":33,"column":4}},"5":{"start":{"line":35,"column":48},"end":{"line":35,"column":63}},"6":{"start":{"line":36,"column":46},"end":{"line":36,"column":61}},"7":{"start":{"line":37,"column":40},"end":{"line":37,"column":54}},"8":{"start":{"line":40,"column":46},"end":{"line":40,"column":58}},"9":{"start":{"line":43,"column":30},"end":{"line":43,"column":61}},"10":{"start":{"line":45,"column":2},"end":{"line":48,"column":9}},"11":{"start":{"line":46,"column":4},"end":{"line":46,"column":17}},"12":{"start":{"line":47,"column":4},"end":{"line":47,"column":26}},"13":{"start":{"line":49,"column":21},"end":{"line":54,"column":3}},"14":{"start":{"line":50,"column":4},"end":{"line":52,"column":5}},"15":{"start":{"line":51,"column":6},"end":{"line":51,"column":33}},"16":{"start":{"line":53,"column":4},"end":{"line":53,"column":57}},"17":{"start":{"line":55,"column":23},"end":{"line":62,"column":3}},"18":{"start":{"line":56,"column":4},"end":{"line":56,"column":32}},"19":{"start":{"line":56,"column":17},"end":{"line":56,"column":32}},"20":{"start":{"line":57,"column":22},"end":{"line":57,"column":49}},"21":{"start":{"line":58,"column":4},"end":{"line":58,"column":46}},"22":{"start":{"line":58,"column":31},"end":{"line":58,"column":46}},"23":{"start":{"line":59,"column":4},"end":{"line":59,"column":58}},"24":{"start":{"line":59,"column":37},"end":{"line":59,"column":58}},"25":{"start":{"line":60,"column":4},"end":{"line":60,"column":44}},"26":{"start":{"line":60,"column":30},"end":{"line":60,"column":44}},"27":{"start":{"line":61,"column":4},"end":{"line":61,"column":21}},"28":{"start":{"line":64,"column":21},"end":{"line":98,"column":3}},"29":{"start":{"line":65,"column":4},"end":{"line":97,"column":5}},"30":{"start":{"line":66,"column":23},"end":{"line":66,"column":80}},"31":{"start":{"line":67,"column":6},"end":{"line":67,"column":89}},"32":{"start":{"line":67,"column":24},"end":{"line":67,"column":89}},"33":{"start":{"line":68,"column":19},"end":{"line":68,"column":40}},"34":{"start":{"line":72,"column":20},"end":{"line":80,"column":9}},"35":{"start":{"line":72,"column":44},"end":{"line":80,"column":7}},"36":{"start":{"line":82,"column":6},"end":{"line":82,"column":45}},"37":{"start":{"line":83,"column":28},"end":{"line":87,"column":7}},"38":{"start":{"line":84,"column":35},"end":{"line":84,"column":78}},"39":{"start":{"line":85,"column":41},"end":{"line":85,"column":90}},"40":{"start":{"line":86,"column":35},"end":{"line":86,"column":77}},"41":{"start":{"line":89,"column":6},"end":{"line":89,"column":30}},"42":{"start":{"line":90,"column":6},"end":{"line":90,"column":51}},"43":{"start":{"line":92,"column":6},"end":{"line":92,"column":37}},"44":{"start":{"line":93,"column":6},"end":{"line":93,"column":27}},"45":{"start":{"line":95,"column":6},"end":{"line":95,"column":53}},"46":{"start":{"line":96,"column":6},"end":{"line":96,"column":18}},"47":{"start":{"line":101,"column":30},"end":{"line":112,"column":3}},"48":{"start":{"line":102,"column":4},"end":{"line":111,"column":5}},"49":{"start":{"line":103,"column":23},"end":{"line":105,"column":8}},"50":{"start":{"line":106,"column":6},"end":{"line":106,"column":65}},"51":{"start":{"line":106,"column":24},"end":{"line":106,"column":65}},"52":{"start":{"line":107,"column":19},"end":{"line":107,"column":40}},"53":{"start":{"line":108,"column":6},"end":{"line":108,"column":36}},"54":{"start":{"line":110,"column":6},"end":{"line":110,"column":62}},"55":{"start":{"line":114,"column":26},"end":{"line":146,"column":3}},"56":{"start":{"line":115,"column":17},"end":{"line":115,"column":37}},"57":{"start":{"line":116,"column":23},"end":{"line":116,"column":49}},"58":{"start":{"line":117,"column":17},"end":{"line":117,"column":37}},"59":{"start":{"line":118,"column":23},"end":{"line":118,"column":90}},"60":{"start":{"line":119,"column":26},"end":{"line":123,"column":9}},"61":{"start":{"line":120,"column":23},"end":{"line":120,"column":36}},"62":{"start":{"line":121,"column":6},"end":{"line":121,"column":73}},"63":{"start":{"line":122,"column":6},"end":{"line":122,"column":28}},"64":{"start":{"line":125,"column":26},"end":{"line":125,"column":88}},"65":{"start":{"line":127,"column":18},"end":{"line":127,"column":28}},"66":{"start":{"line":128,"column":27},"end":{"line":130,"column":102}},"67":{"start":{"line":129,"column":22},"end":{"line":129,"column":54}},"68":{"start":{"line":130,"column":22},"end":{"line":130,"column":65}},"69":{"start":{"line":132,"column":6},"end":{"line":137,"column":7}},"70":{"start":{"line":133,"column":8},"end":{"line":133,"column":37}},"71":{"start":{"line":135,"column":21},"end":{"line":135,"column":45}},"72":{"start":{"line":136,"column":8},"end":{"line":136,"column":55}},"73":{"start":{"line":138,"column":4},"end":{"line":145,"column":6}},"74":{"start":{"line":138,"column":31},"end":{"line":145,"column":3}},"75":{"start":{"line":148,"column":25},"end":{"line":166,"column":3}},"76":{"start":{"line":149,"column":4},"end":{"line":149,"column":78}},"77":{"start":{"line":149,"column":21},"end":{"line":149,"column":78}},"78":{"start":{"line":151,"column":4},"end":{"line":165,"column":5}},"79":{"start":{"line":152,"column":23},"end":{"line":156,"column":8}},"80":{"start":{"line":158,"column":6},"end":{"line":160,"column":7}},"81":{"start":{"line":159,"column":8},"end":{"line":159,"column":71}},"82":{"start":{"line":162,"column":6},"end":{"line":162,"column":19}},"83":{"start":{"line":164,"column":6},"end":{"line":164,"column":49}},"84":{"start":{"line":168,"column":27},"end":{"line":188,"column":3}},"85":{"start":{"line":169,"column":4},"end":{"line":187,"column":5}},"86":{"start":{"line":170,"column":23},"end":{"line":173,"column":8}},"87":{"start":{"line":175,"column":6},"end":{"line":177,"column":7}},"88":{"start":{"line":176,"column":8},"end":{"line":176,"column":73}},"89":{"start":{"line":179,"column":6},"end":{"line":183,"column":10}},"90":{"start":{"line":179,"column":31},"end":{"line":183,"column":7}},"91":{"start":{"line":180,"column":41},"end":{"line":180,"column":107}},"92":{"start":{"line":181,"column":53},"end":{"line":181,"column":119}},"93":{"start":{"line":182,"column":41},"end":{"line":182,"column":107}},"94":{"start":{"line":186,"column":6},"end":{"line":186,"column":52}},"95":{"start":{"line":190,"column":27},"end":{"line":206,"column":3}},"96":{"start":{"line":191,"column":4},"end":{"line":205,"column":5}},"97":{"start":{"line":192,"column":23},"end":{"line":195,"column":8}},"98":{"start":{"line":197,"column":6},"end":{"line":199,"column":7}},"99":{"start":{"line":198,"column":8},"end":{"line":198,"column":73}},"100":{"start":{"line":201,"column":26},"end":{"line":201,"column":44}},"101":{"start":{"line":202,"column":6},"end":{"line":202,"column":35}},"102":{"start":{"line":204,"column":6},"end":{"line":204,"column":52}},"103":{"start":{"line":208,"column":25},"end":{"line":214,"column":3}},"104":{"start":{"line":210,"column":4},"end":{"line":210,"column":79}},"105":{"start":{"line":210,"column":21},"end":{"line":210,"column":79}},"106":{"start":{"line":212,"column":4},"end":{"line":212,"column":25}},"107":{"start":{"line":213,"column":4},"end":{"line":213,"column":29}},"108":{"start":{"line":216,"column":27},"end":{"line":236,"column":3}},"109":{"start":{"line":217,"column":4},"end":{"line":217,"column":61}},"110":{"start":{"line":218,"column":4},"end":{"line":218,"column":86}},"111":{"start":{"line":218,"column":28},"end":{"line":218,"column":86}},"112":{"start":{"line":220,"column":4},"end":{"line":234,"column":5}},"113":{"start":{"line":221,"column":23},"end":{"line":225,"column":8}},"114":{"start":{"line":227,"column":6},"end":{"line":229,"column":7}},"115":{"start":{"line":228,"column":8},"end":{"line":228,"column":73}},"116":{"start":{"line":231,"column":6},"end":{"line":231,"column":19}},"117":{"start":{"line":233,"column":6},"end":{"line":233,"column":52}},"118":{"start":{"line":235,"column":4},"end":{"line":235,"column":30}},"119":{"start":{"line":237,"column":24},"end":{"line":259,"column":3}},"120":{"start":{"line":238,"column":4},"end":{"line":258,"column":5}},"121":{"start":{"line":239,"column":6},"end":{"line":239,"column":55}},"122":{"start":{"line":241,"column":23},"end":{"line":245,"column":8}},"123":{"start":{"line":247,"column":6},"end":{"line":249,"column":7}},"124":{"start":{"line":248,"column":8},"end":{"line":248,"column":70}},"125":{"start":{"line":251,"column":6},"end":{"line":251,"column":31}},"126":{"start":{"line":253,"column":26},"end":{"line":253,"column":44}},"127":{"start":{"line":254,"column":6},"end":{"line":254,"column":35}},"128":{"start":{"line":257,"column":6},"end":{"line":257,"column":50}},"129":{"start":{"line":262,"column":30},"end":{"line":287,"column":3}},"130":{"start":{"line":263,"column":4},"end":{"line":286,"column":5}},"131":{"start":{"line":264,"column":23},"end":{"line":269,"column":8}},"132":{"start":{"line":270,"column":6},"end":{"line":282,"column":7}},"133":{"start":{"line":271,"column":26},"end":{"line":271,"column":47}},"134":{"start":{"line":272,"column":8},"end":{"line":272,"column":58}},"135":{"start":{"line":275,"column":25},"end":{"line":275,"column":76}},"136":{"start":{"line":276,"column":26},"end":{"line":276,"column":72}},"137":{"start":{"line":276,"column":48},"end":{"line":276,"column":71}},"138":{"start":{"line":277,"column":26},"end":{"line":277,"column":73}},"139":{"start":{"line":277,"column":54},"end":{"line":277,"column":72}},"140":{"start":{"line":278,"column":8},"end":{"line":281,"column":11}},"141":{"start":{"line":283,"column":6},"end":{"line":283,"column":19}},"142":{"start":{"line":285,"column":6},"end":{"line":285,"column":52}},"143":{"start":{"line":290,"column":35},"end":{"line":315,"column":3}},"144":{"start":{"line":291,"column":4},"end":{"line":314,"column":5}},"145":{"start":{"line":292,"column":23},"end":{"line":297,"column":8}},"146":{"start":{"line":298,"column":6},"end":{"line":310,"column":7}},"147":{"start":{"line":299,"column":26},"end":{"line":299,"column":47}},"148":{"start":{"line":300,"column":8},"end":{"line":300,"column":57}},"149":{"start":{"line":303,"column":25},"end":{"line":303,"column":76}},"150":{"start":{"line":304,"column":26},"end":{"line":304,"column":71}},"151":{"start":{"line":304,"column":48},"end":{"line":304,"column":70}},"152":{"start":{"line":305,"column":26},"end":{"line":305,"column":73}},"153":{"start":{"line":305,"column":54},"end":{"line":305,"column":72}},"154":{"start":{"line":306,"column":8},"end":{"line":309,"column":11}},"155":{"start":{"line":311,"column":6},"end":{"line":311,"column":19}},"156":{"start":{"line":313,"column":6},"end":{"line":313,"column":51}},"157":{"start":{"line":318,"column":2},"end":{"line":350,"column":23}},"158":{"start":{"line":320,"column":25},"end":{"line":320,"column":49}},"159":{"start":{"line":321,"column":31},"end":{"line":321,"column":61}},"160":{"start":{"line":322,"column":25},"end":{"line":322,"column":49}},"161":{"start":{"line":325,"column":29},"end":{"line":325,"column":86}},"162":{"start":{"line":326,"column":23},"end":{"line":326,"column":46}},"163":{"start":{"line":327,"column":26},"end":{"line":329,"column":9}},"164":{"start":{"line":328,"column":6},"end":{"line":328,"column":40}},"165":{"start":{"line":330,"column":26},"end":{"line":330,"column":88}},"166":{"start":{"line":333,"column":27},"end":{"line":335,"column":102}},"167":{"start":{"line":334,"column":22},"end":{"line":334,"column":59}},"168":{"start":{"line":335,"column":22},"end":{"line":335,"column":65}},"169":{"start":{"line":337,"column":4},"end":{"line":341,"column":5}},"170":{"start":{"line":338,"column":6},"end":{"line":338,"column":35}},"171":{"start":{"line":340,"column":6},"end":{"line":340,"column":73}},"172":{"start":{"line":343,"column":4},"end":{"line":349,"column":7}},"173":{"start":{"line":354,"column":26},"end":{"line":355,"column":50}},"174":{"start":{"line":355,"column":4},"end":{"line":355,"column":50}},"175":{"start":{"line":358,"column":23},"end":{"line":374,"column":3}},"176":{"start":{"line":359,"column":4},"end":{"line":373,"column":7}},"177":{"start":{"line":360,"column":6},"end":{"line":372,"column":8}},"178":{"start":{"line":364,"column":12},"end":{"line":366,"column":42}},"179":{"start":{"line":365,"column":46},"end":{"line":365,"column":62}},"180":{"start":{"line":371,"column":35},"end":{"line":371,"column":86}},"181":{"start":{"line":377,"column":2},"end":{"line":445,"column":4}},"182":{"start":{"line":383,"column":25},"end":{"line":383,"column":53}},"183":{"start":{"line":399,"column":25},"end":{"line":399,"column":48}},"184":{"start":{"line":427,"column":10},"end":{"line":438,"column":12}},"185":{"start":{"line":442,"column":76},"end":{"line":442,"column":100}},"186":{"start":{"line":443,"column":75},"end":{"line":443,"column":100}}},"fnMap":{"0":{"name":"(anonymous_0)","decl":{"start":{"line":10,"column":23},"end":{"line":10,"column":24}},"loc":{"start":{"line":10,"column":29},"end":{"line":446,"column":1}},"line":10},"1":{"name":"(anonymous_1)","decl":{"start":{"line":45,"column":12},"end":{"line":45,"column":13}},"loc":{"start":{"line":45,"column":18},"end":{"line":48,"column":3}},"line":45},"2":{"name":"(anonymous_2)","decl":{"start":{"line":49,"column":21},"end":{"line":49,"column":22}},"loc":{"start":{"line":49,"column":34},"end":{"line":54,"column":3}},"line":49},"3":{"name":"(anonymous_3)","decl":{"start":{"line":55,"column":23},"end":{"line":55,"column":24}},"loc":{"start":{"line":55,"column":35},"end":{"line":62,"column":3}},"line":55},"4":{"name":"(anonymous_4)","decl":{"start":{"line":64,"column":21},"end":{"line":64,"column":22}},"loc":{"start":{"line":64,"column":33},"end":{"line":98,"column":3}},"line":64},"5":{"name":"(anonymous_5)","decl":{"start":{"line":72,"column":35},"end":{"line":72,"column":36}},"loc":{"start":{"line":72,"column":44},"end":{"line":80,"column":7}},"line":72},"6":{"name":"(anonymous_6)","decl":{"start":{"line":84,"column":27},"end":{"line":84,"column":28}},"loc":{"start":{"line":84,"column":35},"end":{"line":84,"column":78}},"line":84},"7":{"name":"(anonymous_7)","decl":{"start":{"line":85,"column":33},"end":{"line":85,"column":34}},"loc":{"start":{"line":85,"column":41},"end":{"line":85,"column":90}},"line":85},"8":{"name":"(anonymous_8)","decl":{"start":{"line":86,"column":27},"end":{"line":86,"column":28}},"loc":{"start":{"line":86,"column":35},"end":{"line":86,"column":77}},"line":86},"9":{"name":"(anonymous_9)","decl":{"start":{"line":101,"column":30},"end":{"line":101,"column":31}},"loc":{"start":{"line":101,"column":42},"end":{"line":112,"column":3}},"line":101},"10":{"name":"(anonymous_10)","decl":{"start":{"line":114,"column":26},"end":{"line":114,"column":27}},"loc":{"start":{"line":114,"column":40},"end":{"line":146,"column":3}},"line":114},"11":{"name":"(anonymous_11)","decl":{"start":{"line":119,"column":94},"end":{"line":119,"column":95}},"loc":{"start":{"line":119,"column":109},"end":{"line":123,"column":5}},"line":119},"12":{"name":"(anonymous_12)","decl":{"start":{"line":129,"column":14},"end":{"line":129,"column":15}},"loc":{"start":{"line":129,"column":22},"end":{"line":129,"column":54}},"line":129},"13":{"name":"(anonymous_13)","decl":{"start":{"line":130,"column":12},"end":{"line":130,"column":13}},"loc":{"start":{"line":130,"column":22},"end":{"line":130,"column":65}},"line":130},"14":{"name":"(anonymous_14)","decl":{"start":{"line":138,"column":17},"end":{"line":138,"column":18}},"loc":{"start":{"line":138,"column":31},"end":{"line":145,"column":3}},"line":138},"15":{"name":"(anonymous_15)","decl":{"start":{"line":148,"column":25},"end":{"line":148,"column":26}},"loc":{"start":{"line":148,"column":52},"end":{"line":166,"column":3}},"line":148},"16":{"name":"(anonymous_16)","decl":{"start":{"line":168,"column":27},"end":{"line":168,"column":28}},"loc":{"start":{"line":168,"column":45},"end":{"line":188,"column":3}},"line":168},"17":{"name":"(anonymous_17)","decl":{"start":{"line":179,"column":15},"end":{"line":179,"column":16}},"loc":{"start":{"line":179,"column":31},"end":{"line":183,"column":7}},"line":179},"18":{"name":"(anonymous_18)","decl":{"start":{"line":180,"column":33},"end":{"line":180,"column":34}},"loc":{"start":{"line":180,"column":41},"end":{"line":180,"column":107}},"line":180},"19":{"name":"(anonymous_19)","decl":{"start":{"line":181,"column":45},"end":{"line":181,"column":46}},"loc":{"start":{"line":181,"column":53},"end":{"line":181,"column":119}},"line":181},"20":{"name":"(anonymous_20)","decl":{"start":{"line":182,"column":33},"end":{"line":182,"column":34}},"loc":{"start":{"line":182,"column":41},"end":{"line":182,"column":107}},"line":182},"21":{"name":"(anonymous_21)","decl":{"start":{"line":190,"column":27},"end":{"line":190,"column":28}},"loc":{"start":{"line":190,"column":45},"end":{"line":206,"column":3}},"line":190},"22":{"name":"(anonymous_22)","decl":{"start":{"line":208,"column":25},"end":{"line":208,"column":26}},"loc":{"start":{"line":208,"column":35},"end":{"line":214,"column":3}},"line":208},"23":{"name":"(anonymous_23)","decl":{"start":{"line":216,"column":27},"end":{"line":216,"column":28}},"loc":{"start":{"line":216,"column":50},"end":{"line":236,"column":3}},"line":216},"24":{"name":"(anonymous_24)","decl":{"start":{"line":237,"column":24},"end":{"line":237,"column":25}},"loc":{"start":{"line":237,"column":43},"end":{"line":259,"column":3}},"line":237},"25":{"name":"(anonymous_25)","decl":{"start":{"line":262,"column":30},"end":{"line":262,"column":31}},"loc":{"start":{"line":262,"column":56},"end":{"line":287,"column":3}},"line":262},"26":{"name":"(anonymous_26)","decl":{"start":{"line":276,"column":40},"end":{"line":276,"column":41}},"loc":{"start":{"line":276,"column":48},"end":{"line":276,"column":71}},"line":276},"27":{"name":"(anonymous_27)","decl":{"start":{"line":277,"column":46},"end":{"line":277,"column":47}},"loc":{"start":{"line":277,"column":54},"end":{"line":277,"column":72}},"line":277},"28":{"name":"(anonymous_28)","decl":{"start":{"line":290,"column":35},"end":{"line":290,"column":36}},"loc":{"start":{"line":290,"column":61},"end":{"line":315,"column":3}},"line":290},"29":{"name":"(anonymous_29)","decl":{"start":{"line":304,"column":40},"end":{"line":304,"column":41}},"loc":{"start":{"line":304,"column":48},"end":{"line":304,"column":70}},"line":304},"30":{"name":"(anonymous_30)","decl":{"start":{"line":305,"column":46},"end":{"line":305,"column":47}},"loc":{"start":{"line":305,"column":54},"end":{"line":305,"column":72}},"line":305},"31":{"name":"(anonymous_31)","decl":{"start":{"line":318,"column":12},"end":{"line":318,"column":13}},"loc":{"start":{"line":318,"column":18},"end":{"line":350,"column":3}},"line":318},"32":{"name":"(anonymous_32)","decl":{"start":{"line":327,"column":50},"end":{"line":327,"column":51}},"loc":{"start":{"line":327,"column":65},"end":{"line":329,"column":5}},"line":327},"33":{"name":"(anonymous_33)","decl":{"start":{"line":334,"column":14},"end":{"line":334,"column":15}},"loc":{"start":{"line":334,"column":22},"end":{"line":334,"column":59}},"line":334},"34":{"name":"(anonymous_34)","decl":{"start":{"line":335,"column":12},"end":{"line":335,"column":13}},"loc":{"start":{"line":335,"column":22},"end":{"line":335,"column":65}},"line":335},"35":{"name":"(anonymous_35)","decl":{"start":{"line":354,"column":26},"end":{"line":354,"column":27}},"loc":{"start":{"line":355,"column":4},"end":{"line":355,"column":50}},"line":355},"36":{"name":"(anonymous_36)","decl":{"start":{"line":358,"column":23},"end":{"line":358,"column":24}},"loc":{"start":{"line":358,"column":37},"end":{"line":374,"column":3}},"line":358},"37":{"name":"(anonymous_37)","decl":{"start":{"line":359,"column":27},"end":{"line":359,"column":28}},"loc":{"start":{"line":359,"column":35},"end":{"line":373,"column":5}},"line":359},"38":{"name":"(anonymous_38)","decl":{"start":{"line":363,"column":29},"end":{"line":363,"column":30}},"loc":{"start":{"line":364,"column":12},"end":{"line":366,"column":42}},"line":364},"39":{"name":"(anonymous_39)","decl":{"start":{"line":365,"column":40},"end":{"line":365,"column":41}},"loc":{"start":{"line":365,"column":46},"end":{"line":365,"column":62}},"line":365},"40":{"name":"(anonymous_40)","decl":{"start":{"line":371,"column":30},"end":{"line":371,"column":31}},"loc":{"start":{"line":371,"column":35},"end":{"line":371,"column":86}},"line":371},"41":{"name":"(anonymous_41)","decl":{"start":{"line":383,"column":19},"end":{"line":383,"column":20}},"loc":{"start":{"line":383,"column":25},"end":{"line":383,"column":53}},"line":383},"42":{"name":"(anonymous_42)","decl":{"start":{"line":399,"column":19},"end":{"line":399,"column":20}},"loc":{"start":{"line":399,"column":25},"end":{"line":399,"column":48}},"line":399},"43":{"name":"(anonymous_43)","decl":{"start":{"line":426,"column":32},"end":{"line":426,"column":33}},"loc":{"start":{"line":427,"column":10},"end":{"line":438,"column":12}},"line":427},"44":{"name":"(anonymous_44)","decl":{"start":{"line":442,"column":70},"end":{"line":442,"column":71}},"loc":{"start":{"line":442,"column":76},"end":{"line":442,"column":100}},"line":442},"45":{"name":"(anonymous_45)","decl":{"start":{"line":443,"column":69},"end":{"line":443,"column":70}},"loc":{"start":{"line":443,"column":75},"end":{"line":443,"column":100}},"line":443}},"branchMap":{"0":{"loc":{"start":{"line":50,"column":4},"end":{"line":52,"column":5}},"type":"if","locations":[{"start":{"line":50,"column":4},"end":{"line":52,"column":5}},{"start":{},"end":{}}],"line":50},"1":{"loc":{"start":{"line":50,"column":8},"end":{"line":50,"column":44}},"type":"binary-expr","locations":[{"start":{"line":50,"column":8},"end":{"line":50,"column":16}},{"start":{"line":50,"column":20},"end":{"line":50,"column":44}}],"line":50},"2":{"loc":{"start":{"line":56,"column":4},"end":{"line":56,"column":32}},"type":"if","locations":[{"start":{"line":56,"column":4},"end":{"line":56,"column":32}},{"start":{},"end":{}}],"line":56},"3":{"loc":{"start":{"line":58,"column":4},"end":{"line":58,"column":46}},"type":"if","locations":[{"start":{"line":58,"column":4},"end":{"line":58,"column":46}},{"start":{},"end":{}}],"line":58},"4":{"loc":{"start":{"line":59,"column":4},"end":{"line":59,"column":58}},"type":"if","locations":[{"start":{"line":59,"column":4},"end":{"line":59,"column":58}},{"start":{},"end":{}}],"line":59},"5":{"loc":{"start":{"line":60,"column":4},"end":{"line":60,"column":44}},"type":"if","locations":[{"start":{"line":60,"column":4},"end":{"line":60,"column":44}},{"start":{},"end":{}}],"line":60},"6":{"loc":{"start":{"line":67,"column":6},"end":{"line":67,"column":89}},"type":"if","locations":[{"start":{"line":67,"column":6},"end":{"line":67,"column":89}},{"start":{},"end":{}}],"line":67},"7":{"loc":{"start":{"line":74,"column":12},"end":{"line":74,"column":35}},"type":"binary-expr","locations":[{"start":{"line":74,"column":12},"end":{"line":74,"column":19}},{"start":{"line":74,"column":23},"end":{"line":74,"column":35}}],"line":74},"8":{"loc":{"start":{"line":75,"column":18},"end":{"line":75,"column":36}},"type":"binary-expr","locations":[{"start":{"line":75,"column":18},"end":{"line":75,"column":31}},{"start":{"line":75,"column":35},"end":{"line":75,"column":36}}],"line":75},"9":{"loc":{"start":{"line":76,"column":29},"end":{"line":76,"column":50}},"type":"binary-expr","locations":[{"start":{"line":76,"column":29},"end":{"line":76,"column":40}},{"start":{"line":76,"column":44},"end":{"line":76,"column":50}}],"line":76},"10":{"loc":{"start":{"line":77,"column":17},"end":{"line":77,"column":92}},"type":"cond-expr","locations":[{"start":{"line":77,"column":33},"end":{"line":77,"column":84}},{"start":{"line":77,"column":87},"end":{"line":77,"column":92}}],"line":77},"11":{"loc":{"start":{"line":78,"column":19},"end":{"line":78,"column":98}},"type":"cond-expr","locations":[{"start":{"line":78,"column":37},"end":{"line":78,"column":90}},{"start":{"line":78,"column":93},"end":{"line":78,"column":98}}],"line":78},"12":{"loc":{"start":{"line":79,"column":17},"end":{"line":79,"column":92}},"type":"cond-expr","locations":[{"start":{"line":79,"column":33},"end":{"line":79,"column":84}},{"start":{"line":79,"column":87},"end":{"line":79,"column":92}}],"line":79},"13":{"loc":{"start":{"line":106,"column":6},"end":{"line":106,"column":65}},"type":"if","locations":[{"start":{"line":106,"column":6},"end":{"line":106,"column":65}},{"start":{},"end":{}}],"line":106},"14":{"loc":{"start":{"line":125,"column":26},"end":{"line":125,"column":88}},"type":"cond-expr","locations":[{"start":{"line":125,"column":43},"end":{"line":125,"column":82}},{"start":{"line":125,"column":85},"end":{"line":125,"column":88}}],"line":125},"15":{"loc":{"start":{"line":128,"column":27},"end":{"line":130,"column":102}},"type":"binary-expr","locations":[{"start":{"line":128,"column":27},"end":{"line":130,"column":79}},{"start":{"line":130,"column":83},"end":{"line":130,"column":102}}],"line":128},"16":{"loc":{"start":{"line":132,"column":6},"end":{"line":137,"column":7}},"type":"if","locations":[{"start":{"line":132,"column":6},"end":{"line":137,"column":7}},{"start":{"line":134,"column":13},"end":{"line":137,"column":7}}],"line":132},"17":{"loc":{"start":{"line":149,"column":4},"end":{"line":149,"column":78}},"type":"if","locations":[{"start":{"line":149,"column":4},"end":{"line":149,"column":78}},{"start":{},"end":{}}],"line":149},"18":{"loc":{"start":{"line":158,"column":6},"end":{"line":160,"column":7}},"type":"if","locations":[{"start":{"line":158,"column":6},"end":{"line":160,"column":7}},{"start":{},"end":{}}],"line":158},"19":{"loc":{"start":{"line":175,"column":6},"end":{"line":177,"column":7}},"type":"if","locations":[{"start":{"line":175,"column":6},"end":{"line":177,"column":7}},{"start":{},"end":{}}],"line":175},"20":{"loc":{"start":{"line":180,"column":41},"end":{"line":180,"column":107}},"type":"cond-expr","locations":[{"start":{"line":180,"column":67},"end":{"line":180,"column":100}},{"start":{"line":180,"column":103},"end":{"line":180,"column":107}}],"line":180},"21":{"loc":{"start":{"line":181,"column":53},"end":{"line":181,"column":119}},"type":"cond-expr","locations":[{"start":{"line":181,"column":79},"end":{"line":181,"column":112}},{"start":{"line":181,"column":115},"end":{"line":181,"column":119}}],"line":181},"22":{"loc":{"start":{"line":182,"column":41},"end":{"line":182,"column":107}},"type":"cond-expr","locations":[{"start":{"line":182,"column":67},"end":{"line":182,"column":100}},{"start":{"line":182,"column":103},"end":{"line":182,"column":107}}],"line":182},"23":{"loc":{"start":{"line":197,"column":6},"end":{"line":199,"column":7}},"type":"if","locations":[{"start":{"line":197,"column":6},"end":{"line":199,"column":7}},{"start":{},"end":{}}],"line":197},"24":{"loc":{"start":{"line":210,"column":4},"end":{"line":210,"column":79}},"type":"if","locations":[{"start":{"line":210,"column":4},"end":{"line":210,"column":79}},{"start":{},"end":{}}],"line":210},"25":{"loc":{"start":{"line":218,"column":4},"end":{"line":218,"column":86}},"type":"if","locations":[{"start":{"line":218,"column":4},"end":{"line":218,"column":86}},{"start":{},"end":{}}],"line":218},"26":{"loc":{"start":{"line":227,"column":6},"end":{"line":229,"column":7}},"type":"if","locations":[{"start":{"line":227,"column":6},"end":{"line":229,"column":7}},{"start":{},"end":{}}],"line":227},"27":{"loc":{"start":{"line":247,"column":6},"end":{"line":249,"column":7}},"type":"if","locations":[{"start":{"line":247,"column":6},"end":{"line":249,"column":7}},{"start":{},"end":{}}],"line":247},"28":{"loc":{"start":{"line":270,"column":6},"end":{"line":282,"column":7}},"type":"if","locations":[{"start":{"line":270,"column":6},"end":{"line":282,"column":7}},{"start":{"line":273,"column":13},"end":{"line":282,"column":7}}],"line":270},"29":{"loc":{"start":{"line":279,"column":31},"end":{"line":279,"column":64}},"type":"cond-expr","locations":[{"start":{"line":279,"column":43},"end":{"line":279,"column":55}},{"start":{"line":279,"column":58},"end":{"line":279,"column":64}}],"line":279},"30":{"loc":{"start":{"line":279,"column":79},"end":{"line":279,"column":144}},"type":"cond-expr","locations":[{"start":{"line":279,"column":91},"end":{"line":279,"column":139}},{"start":{"line":279,"column":142},"end":{"line":279,"column":144}}],"line":279},"31":{"loc":{"start":{"line":279,"column":191},"end":{"line":279,"column":230}},"type":"cond-expr","locations":[{"start":{"line":279,"column":203},"end":{"line":279,"column":218}},{"start":{"line":279,"column":221},"end":{"line":279,"column":230}}],"line":279},"32":{"loc":{"start":{"line":298,"column":6},"end":{"line":310,"column":7}},"type":"if","locations":[{"start":{"line":298,"column":6},"end":{"line":310,"column":7}},{"start":{"line":301,"column":13},"end":{"line":310,"column":7}}],"line":298},"33":{"loc":{"start":{"line":307,"column":31},"end":{"line":307,"column":64}},"type":"cond-expr","locations":[{"start":{"line":307,"column":43},"end":{"line":307,"column":55}},{"start":{"line":307,"column":58},"end":{"line":307,"column":64}}],"line":307},"34":{"loc":{"start":{"line":307,"column":79},"end":{"line":307,"column":144}},"type":"cond-expr","locations":[{"start":{"line":307,"column":91},"end":{"line":307,"column":139}},{"start":{"line":307,"column":142},"end":{"line":307,"column":144}}],"line":307},"35":{"loc":{"start":{"line":307,"column":195},"end":{"line":307,"column":234}},"type":"cond-expr","locations":[{"start":{"line":307,"column":207},"end":{"line":307,"column":222}},{"start":{"line":307,"column":225},"end":{"line":307,"column":234}}],"line":307},"36":{"loc":{"start":{"line":328,"column":20},"end":{"line":328,"column":38}},"type":"binary-expr","locations":[{"start":{"line":328,"column":20},"end":{"line":328,"column":33}},{"start":{"line":328,"column":37},"end":{"line":328,"column":38}}],"line":328},"37":{"loc":{"start":{"line":330,"column":26},"end":{"line":330,"column":88}},"type":"cond-expr","locations":[{"start":{"line":330,"column":43},"end":{"line":330,"column":82}},{"start":{"line":330,"column":85},"end":{"line":330,"column":88}}],"line":330},"38":{"loc":{"start":{"line":333,"column":27},"end":{"line":335,"column":102}},"type":"binary-expr","locations":[{"start":{"line":333,"column":27},"end":{"line":335,"column":79}},{"start":{"line":335,"column":83},"end":{"line":335,"column":102}}],"line":333},"39":{"loc":{"start":{"line":337,"column":4},"end":{"line":341,"column":5}},"type":"if","locations":[{"start":{"line":337,"column":4},"end":{"line":341,"column":5}},{"start":{"line":339,"column":11},"end":{"line":341,"column":5}}],"line":337},"40":{"loc":{"start":{"line":361,"column":8},"end":{"line":371,"column":88}},"type":"binary-expr","locations":[{"start":{"line":361,"column":9},"end":{"line":361,"column":28}},{"start":{"line":361,"column":32},"end":{"line":361,"column":61}},{"start":{"line":362,"column":9},"end":{"line":362,"column":35}},{"start":{"line":363,"column":10},"end":{"line":367,"column":11}},{"start":{"line":369,"column":9},"end":{"line":369,"column":40}},{"start":{"line":369,"column":44},"end":{"line":369,"column":94}},{"start":{"line":370,"column":9},"end":{"line":370,"column":36}},{"start":{"line":371,"column":10},"end":{"line":371,"column":87}}],"line":361},"41":{"loc":{"start":{"line":364,"column":12},"end":{"line":366,"column":42}},"type":"cond-expr","locations":[{"start":{"line":365,"column":16},"end":{"line":365,"column":63}},{"start":{"line":366,"column":16},"end":{"line":366,"column":42}}],"line":364},"42":{"loc":{"start":{"line":442,"column":7},"end":{"line":442,"column":136}},"type":"binary-expr","locations":[{"start":{"line":442,"column":7},"end":{"line":442,"column":21}},{"start":{"line":442,"column":25},"end":{"line":442,"column":136}}],"line":442},"43":{"loc":{"start":{"line":443,"column":7},"end":{"line":443,"column":130}},"type":"binary-expr","locations":[{"start":{"line":443,"column":7},"end":{"line":443,"column":22}},{"start":{"line":443,"column":26},"end":{"line":443,"column":130}}],"line":443}},"s":{"0":1,"1":0,"2":0,"3":0,"4":0,"5":0,"6":0,"7":0,"8":0,"9":0,"10":0,"11":0,"12":0,"13":0,"14":0,"15":0,"16":0,"17":0,"18":0,"19":0,"20":0,"21":0,"22":0,"23":0,"24":0,"25":0,"26":0,"27":0,"28":0,"29":0,"30":0,"31":0,"32":0,"33":0,"34":0,"35":0,"36":0,"37":0,"38":0,"39":0,"40":0,"41":0,"42":0,"43":0,"44":0,"45":0,"46":0,"47":0,"48":0,"49":0,"50":0,"51":0,"52":0,"53":0,"54":0,"55":0,"56":0,"57":0,"58":0,"59":0,"60":0,"61":0,"62":0,"63":0,"64":0,"65":0,"66":0,"67":0,"68":0,"69":0,"70":0,"71":0,"72":0,"73":0,"74":0,"75":0,"76":0,"77":0,"78":0,"79":0,"80":0,"81":0,"82":0,"83":0,"84":0,"85":0,"86":0,"87":0,"88":0,"89":0,"90":0,"91":0,"92":0,"93":0,"94":0,"95":0,"96":0,"97":0,"98":0,"99":0,"100":0,"101":0,"102":0,"103":0,"104":0,"105":0,"106":0,"107":0,"108":0,"109":0,"110":0,"111":0,"112":0,"113":0,"114":0,"115":0,"116":0,"117":0,"118":0,"119":0,"120":0,"121":0,"122":0,"123":0,"124":0,"125":0,"126":0,"127":0,"128":0,"129":0,"130":0,"131":0,"132":0,"133":0,"134":0,"135":0,"136":0,"137":0,"138":0,"139":0,"140":0,"141":0,"142":0,"143":0,"144":0,"145":0,"146":0,"147":0,"148":0,"149":0,"150":0,"151":0,"152":0,"153":0,"154":0,"155":0,"156":0,"157":0,"158":0,"159":0,"160":0,"161":0,"162":0,"163":0,"164":0,"165":0,"166":0,"167":0,"168":0,"169":0,"170":0,"171":0,"172":0,"173":0,"174":0,"175":0,"176":0,"177":0,"178":0,"179":0,"180":0,"181":0,"182":0,"183":0,"184":0,"185":0,"186":0},"f":{"0":0,"1":0,"2":0,"3":0,"4":0,"5":0,"6":0,"7":0,"8":0,"9":0,"10":0,"11":0,"12":0,"13":0,"14":0,"15":0,"16":0,"17":0,"18":0,"19":0,"20":0,"21":0,"22":0,"23":0,"24":0,"25":0,"26":0,"27":0,"28":0,"29":0,"30":0,"31":0,"32":0,"33":0,"34":0,"35":0,"36":0,"37":0,"38":0,"39":0,"40":0,"41":0,"42":0,"43":0,"44":0,"45":0},"b":{"0":[0,0],"1":[0,0],"2":[0,0],"3":[0,0],"4":[0,0],"5":[0,0],"6":[0,0],"7":[0,0],"8":[0,0],"9":[0,0],"10":[0,0],"11":[0,0],"12":[0,0],"13":[0,0],"14":[0,0],"15":[0,0],"16":[0,0],"17":[0,0],"18":[0,0],"19":[0,0],"20":[0,0],"21":[0,0],"22":[0,0],"23":[0,0],"24":[0,0],"25":[0,0],"26":[0,0],"27":[0,0],"28":[0,0],"29":[0,0],"30":[0,0],"31":[0,0],"32":[0,0],"33":[0,0],"34":[0,0],"35":[0,0],"36":[0,0],"37":[0,0],"38":[0,0],"39":[0,0],"40":[0,0,0,0,0,0,0,0],"41":[0,0],"42":[0,0],"43":[0,0]},"_coverageSchema":"1a1c01bbd47fc00a2c39e90264f33305004495a9","hash":"f69c893d07d01f0ab1734a4220c414437aeed0a4"}
,"/Users/yanshuyu/Desktop/TheChosenOnes-1/frontend/src/components/AdminTaskList.js": {"path":"/Users/yanshuyu/Desktop/TheChosenOnes-1/frontend/src/components/AdminTaskList.js","statementMap":{"0":{"start":{"line":3,"column":22},"end":{"line":106,"column":1}},"1":{"start":{"line":4,"column":22},"end":{"line":15,"column":3}},"2":{"start":{"line":5,"column":4},"end":{"line":14,"column":5}},"3":{"start":{"line":7,"column":8},"end":{"line":7,"column":23}},"4":{"start":{"line":9,"column":8},"end":{"line":9,"column":29}},"5":{"start":{"line":11,"column":8},"end":{"line":11,"column":22}},"6":{"start":{"line":13,"column":8},"end":{"line":13,"column":22}},"7":{"start":{"line":17,"column":27},"end":{"line":23,"column":3}},"8":{"start":{"line":25,"column":2},"end":{"line":105,"column":4}},"9":{"start":{"line":29,"column":8},"end":{"line":102,"column":14}},"10":{"start":{"line":54,"column":18},"end":{"line":54,"column":47}},"11":{"start":{"line":61,"column":35},"end":{"line":61,"column":51}},"12":{"start":{"line":65,"column":19},"end":{"line":65,"column":43}},"13":{"start":{"line":75,"column":19},"end":{"line":75,"column":44}},"14":{"start":{"line":85,"column":19},"end":{"line":85,"column":45}},"15":{"start":{"line":93,"column":19},"end":{"line":93,"column":45}},"16":{"start":{"line":108,"column":15},"end":{"line":125,"column":1}}},"fnMap":{"0":{"name":"(anonymous_0)","decl":{"start":{"line":3,"column":22},"end":{"line":3,"column":23}},"loc":{"start":{"line":3,"column":96},"end":{"line":106,"column":1}},"line":3},"1":{"name":"(anonymous_1)","decl":{"start":{"line":4,"column":22},"end":{"line":4,"column":23}},"loc":{"start":{"line":4,"column":34},"end":{"line":15,"column":3}},"line":4},"2":{"name":"(anonymous_2)","decl":{"start":{"line":28,"column":17},"end":{"line":28,"column":18}},"loc":{"start":{"line":29,"column":8},"end":{"line":102,"column":14}},"line":29},"3":{"name":"(anonymous_3)","decl":{"start":{"line":53,"column":39},"end":{"line":53,"column":40}},"loc":{"start":{"line":54,"column":18},"end":{"line":54,"column":47}},"line":54},"4":{"name":"(anonymous_4)","decl":{"start":{"line":61,"column":29},"end":{"line":61,"column":30}},"loc":{"start":{"line":61,"column":35},"end":{"line":61,"column":51}},"line":61},"5":{"name":"(anonymous_5)","decl":{"start":{"line":65,"column":13},"end":{"line":65,"column":14}},"loc":{"start":{"line":65,"column":19},"end":{"line":65,"column":43}},"line":65},"6":{"name":"(anonymous_6)","decl":{"start":{"line":75,"column":13},"end":{"line":75,"column":14}},"loc":{"start":{"line":75,"column":19},"end":{"line":75,"column":44}},"line":75},"7":{"name":"(anonymous_7)","decl":{"start":{"line":85,"column":13},"end":{"line":85,"column":14}},"loc":{"start":{"line":85,"column":19},"end":{"line":85,"column":45}},"line":85},"8":{"name":"(anonymous_8)","decl":{"start":{"line":93,"column":13},"end":{"line":93,"column":14}},"loc":{"start":{"line":93,"column":19},"end":{"line":93,"column":45}},"line":93}},"branchMap":{"0":{"loc":{"start":{"line":5,"column":4},"end":{"line":14,"column":5}},"type":"switch","locations":[{"start":{"line":6,"column":6},"end":{"line":7,"column":23}},{"start":{"line":8,"column":6},"end":{"line":9,"column":29}},{"start":{"line":10,"column":6},"end":{"line":11,"column":22}},{"start":{"line":12,"column":6},"end":{"line":13,"column":22}}],"line":5},"1":{"loc":{"start":{"line":49,"column":11},"end":{"line":58,"column":11}},"type":"binary-expr","locations":[{"start":{"line":49,"column":11},"end":{"line":49,"column":28}},{"start":{"line":49,"column":32},"end":{"line":49,"column":60}},{"start":{"line":50,"column":12},"end":{"line":57,"column":18}}],"line":49},"2":{"loc":{"start":{"line":63,"column":13},"end":{"line":71,"column":1}},"type":"binary-expr","locations":[{"start":{"line":63,"column":13},"end":{"line":63,"column":30}},{"start":{"line":63,"column":34},"end":{"line":63,"column":46}},{"start":{"line":64,"column":2},"end":{"line":70,"column":11}}],"line":63},"3":{"loc":{"start":{"line":73,"column":1},"end":{"line":81,"column":1}},"type":"binary-expr","locations":[{"start":{"line":73,"column":1},"end":{"line":73,"column":17}},{"start":{"line":73,"column":21},"end":{"line":73,"column":33}},{"start":{"line":74,"column":2},"end":{"line":80,"column":11}}],"line":73},"4":{"loc":{"start":{"line":86,"column":11},"end":{"line":86,"column":54}},"type":"cond-expr","locations":[{"start":{"line":86,"column":25},"end":{"line":86,"column":38}},{"start":{"line":86,"column":41},"end":{"line":86,"column":54}}],"line":86},"5":{"loc":{"start":{"line":89,"column":5},"end":{"line":89,"column":36}},"type":"cond-expr","locations":[{"start":{"line":89,"column":19},"end":{"line":89,"column":27}},{"start":{"line":89,"column":30},"end":{"line":89,"column":36}}],"line":89}},"s":{"0":3,"1":10,"2":10,"3":2,"4":2,"5":2,"6":4,"7":10,"8":10,"9":10,"10":0,"11":0,"12":1,"13":1,"14":1,"15":0,"16":3},"f":{"0":10,"1":10,"2":10,"3":0,"4":0,"5":1,"6":1,"7":1,"8":0},"b":{"0":[2,2,2,4],"1":[10,0,0],"2":[10,4,4],"3":[10,10,7],"4":[3,7],"5":[3,7]},"_coverageSchema":"1a1c01bbd47fc00a2c39e90264f33305004495a9","hash":"a1a7831446a2d31eb3ba50ff2c04eb2b3b63b04b"}
,"/Users/yanshuyu/Desktop/TheChosenOnes-1/frontend/src/components/CallToAction.js": {"path":"/Users/yanshuyu/Desktop/TheChosenOnes-1/frontend/src/components/CallToAction.js","statementMap":{"0":{"start":{"line":3,"column":21},"end":{"line":15,"column":1}},"1":{"start":{"line":4,"column":2},"end":{"line":14,"column":4}},"2":{"start":{"line":9,"column":53},"end":{"line":9,"column":74}},"3":{"start":{"line":17,"column":15},"end":{"line":46,"column":1}}},"fnMap":{"0":{"name":"(anonymous_0)","decl":{"start":{"line":3,"column":21},"end":{"line":3,"column":22}},"loc":{"start":{"line":3,"column":27},"end":{"line":15,"column":1}},"line":3},"1":{"name":"(anonymous_1)","decl":{"start":{"line":9,"column":47},"end":{"line":9,"column":48}},"loc":{"start":{"line":9,"column":53},"end":{"line":9,"column":74}},"line":9}},"branchMap":{},"s":{"0":1,"1":1,"2":0,"3":1},"f":{"0":1,"1":0},"b":{},"_coverageSchema":"1a1c01bbd47fc00a2c39e90264f33305004495a9","hash":"c2485a96e60e42cff3235e68ffa3ba4f7bb2eef7"}
,"/Users/yanshuyu/Desktop/TheChosenOnes-1/frontend/src/components/DateFilter.js": {"path":"/Users/yanshuyu/Desktop/TheChosenOnes-1/frontend/src/components/DateFilter.js","statementMap":{"0":{"start":{"line":9,"column":19},"end":{"line":46,"column":1}},"1":{"start":{"line":15,"column":27},"end":{"line":17,"column":3}},"2":{"start":{"line":16,"column":4},"end":{"line":16,"column":28}},"3":{"start":{"line":20,"column":46},"end":{"line":20,"column":58}},"4":{"start":{"line":22,"column":2},"end":{"line":27,"column":9}},"5":{"start":{"line":23,"column":4},"end":{"line":26,"column":73}},"6":{"start":{"line":24,"column":24},"end":{"line":24,"column":39}},"7":{"start":{"line":25,"column":20},"end":{"line":25,"column":49}},"8":{"start":{"line":26,"column":22},"end":{"line":26,"column":71}},"9":{"start":{"line":29,"column":2},"end":{"line":45,"column":4}},"10":{"start":{"line":36,"column":32},"end":{"line":36,"column":77}},"11":{"start":{"line":37,"column":10},"end":{"line":41,"column":12}}},"fnMap":{"0":{"name":"(anonymous_0)","decl":{"start":{"line":9,"column":19},"end":{"line":9,"column":20}},"loc":{"start":{"line":9,"column":42},"end":{"line":46,"column":1}},"line":9},"1":{"name":"(anonymous_1)","decl":{"start":{"line":15,"column":27},"end":{"line":15,"column":28}},"loc":{"start":{"line":15,"column":34},"end":{"line":17,"column":3}},"line":15},"2":{"name":"(anonymous_2)","decl":{"start":{"line":22,"column":12},"end":{"line":22,"column":13}},"loc":{"start":{"line":22,"column":18},"end":{"line":27,"column":3}},"line":22},"3":{"name":"(anonymous_3)","decl":{"start":{"line":24,"column":12},"end":{"line":24,"column":13}},"loc":{"start":{"line":24,"column":24},"end":{"line":24,"column":39}},"line":24},"4":{"name":"(anonymous_4)","decl":{"start":{"line":25,"column":12},"end":{"line":25,"column":13}},"loc":{"start":{"line":25,"column":20},"end":{"line":25,"column":49}},"line":25},"5":{"name":"(anonymous_5)","decl":{"start":{"line":26,"column":13},"end":{"line":26,"column":14}},"loc":{"start":{"line":26,"column":22},"end":{"line":26,"column":71}},"line":26},"6":{"name":"(anonymous_6)","decl":{"start":{"line":34,"column":28},"end":{"line":34,"column":29}},"loc":{"start":{"line":34,"column":39},"end":{"line":42,"column":9}},"line":34}},"branchMap":{},"s":{"0":2,"1":2,"2":0,"3":2,"4":2,"5":2,"6":0,"7":0,"8":0,"9":2,"10":0,"11":0},"f":{"0":2,"1":0,"2":2,"3":0,"4":0,"5":0,"6":0},"b":{},"_coverageSchema":"1a1c01bbd47fc00a2c39e90264f33305004495a9","hash":"2096dcdd1a5cedf331c815570cb8b5fb4c793c43"}
,"/Users/yanshuyu/Desktop/TheChosenOnes-1/frontend/src/components/EditTaskModal.js": {"path":"/Users/yanshuyu/Desktop/TheChosenOnes-1/frontend/src/components/EditTaskModal.js","statementMap":{"0":{"start":{"line":3,"column":22},"end":{"line":159,"column":1}},"1":{"start":{"line":4,"column":21},"end":{"line":6,"column":3}},"2":{"start":{"line":5,"column":4},"end":{"line":5,"column":66}},"3":{"start":{"line":7,"column":34},"end":{"line":19,"column":6}},"4":{"start":{"line":20,"column":4},"end":{"line":37,"column":16}},"5":{"start":{"line":22,"column":7},"end":{"line":35,"column":11}},"6":{"start":{"line":22,"column":34},"end":{"line":35,"column":8}},"7":{"start":{"line":36,"column":7},"end":{"line":36,"column":67}},"8":{"start":{"line":39,"column":23},"end":{"line":45,"column":3}},"9":{"start":{"line":40,"column":28},"end":{"line":40,"column":36}},"10":{"start":{"line":41,"column":4},"end":{"line":44,"column":8}},"11":{"start":{"line":41,"column":31},"end":{"line":44,"column":5}},"12":{"start":{"line":47,"column":21},"end":{"line":64,"column":3}},"13":{"start":{"line":48,"column":22},"end":{"line":60,"column":5}},"14":{"start":{"line":62,"column":4},"end":{"line":62,"column":22}},"15":{"start":{"line":63,"column":4},"end":{"line":63,"column":46}},"16":{"start":{"line":66,"column":2},"end":{"line":158,"column":4}},"17":{"start":{"line":161,"column":15},"end":{"line":213,"column":1}}},"fnMap":{"0":{"name":"(anonymous_0)","decl":{"start":{"line":3,"column":22},"end":{"line":3,"column":23}},"loc":{"start":{"line":3,"column":53},"end":{"line":159,"column":1}},"line":3},"1":{"name":"(anonymous_1)","decl":{"start":{"line":4,"column":21},"end":{"line":4,"column":22}},"loc":{"start":{"line":4,"column":31},"end":{"line":6,"column":3}},"line":4},"2":{"name":"(anonymous_2)","decl":{"start":{"line":20,"column":14},"end":{"line":20,"column":15}},"loc":{"start":{"line":20,"column":20},"end":{"line":37,"column":6}},"line":20},"3":{"name":"(anonymous_3)","decl":{"start":{"line":22,"column":19},"end":{"line":22,"column":20}},"loc":{"start":{"line":22,"column":34},"end":{"line":35,"column":8}},"line":22},"4":{"name":"(anonymous_4)","decl":{"start":{"line":39,"column":23},"end":{"line":39,"column":24}},"loc":{"start":{"line":39,"column":30},"end":{"line":45,"column":3}},"line":39},"5":{"name":"(anonymous_5)","decl":{"start":{"line":41,"column":16},"end":{"line":41,"column":17}},"loc":{"start":{"line":41,"column":31},"end":{"line":44,"column":5}},"line":41},"6":{"name":"(anonymous_6)","decl":{"start":{"line":47,"column":21},"end":{"line":47,"column":22}},"loc":{"start":{"line":47,"column":27},"end":{"line":64,"column":3}},"line":47}},"branchMap":{"0":{"loc":{"start":{"line":5,"column":11},"end":{"line":5,"column":65}},"type":"cond-expr","locations":[{"start":{"line":5,"column":18},"end":{"line":5,"column":60}},{"start":{"line":5,"column":63},"end":{"line":5,"column":65}}],"line":5},"1":{"loc":{"start":{"line":8,"column":10},"end":{"line":8,"column":25}},"type":"binary-expr","locations":[{"start":{"line":8,"column":10},"end":{"line":8,"column":17}},{"start":{"line":8,"column":21},"end":{"line":8,"column":25}}],"line":8},"2":{"loc":{"start":{"line":9,"column":17},"end":{"line":9,"column":39}},"type":"binary-expr","locations":[{"start":{"line":9,"column":17},"end":{"line":9,"column":31}},{"start":{"line":9,"column":35},"end":{"line":9,"column":39}}],"line":9},"3":{"loc":{"start":{"line":10,"column":16},"end":{"line":10,"column":36}},"type":"binary-expr","locations":[{"start":{"line":10,"column":16},"end":{"line":10,"column":28}},{"start":{"line":10,"column":32},"end":{"line":10,"column":36}}],"line":10},"4":{"loc":{"start":{"line":11,"column":13},"end":{"line":11,"column":29}},"type":"binary-expr","locations":[{"start":{"line":11,"column":13},"end":{"line":11,"column":23}},{"start":{"line":11,"column":27},"end":{"line":11,"column":29}}],"line":11},"5":{"loc":{"start":{"line":12,"column":19},"end":{"line":12,"column":41}},"type":"binary-expr","locations":[{"start":{"line":12,"column":19},"end":{"line":12,"column":35}},{"start":{"line":12,"column":39},"end":{"line":12,"column":41}}],"line":12},"6":{"loc":{"start":{"line":13,"column":16},"end":{"line":13,"column":41}},"type":"binary-expr","locations":[{"start":{"line":13,"column":16},"end":{"line":13,"column":29}},{"start":{"line":13,"column":33},"end":{"line":13,"column":41}}],"line":13},"7":{"loc":{"start":{"line":14,"column":15},"end":{"line":14,"column":45}},"type":"binary-expr","locations":[{"start":{"line":14,"column":15},"end":{"line":14,"column":40}},{"start":{"line":14,"column":43},"end":{"line":14,"column":45}}],"line":14},"8":{"loc":{"start":{"line":15,"column":17},"end":{"line":15,"column":50}},"type":"binary-expr","locations":[{"start":{"line":15,"column":17},"end":{"line":15,"column":44}},{"start":{"line":15,"column":48},"end":{"line":15,"column":50}}],"line":15},"9":{"loc":{"start":{"line":16,"column":15},"end":{"line":16,"column":46}},"type":"binary-expr","locations":[{"start":{"line":16,"column":15},"end":{"line":16,"column":40}},{"start":{"line":16,"column":44},"end":{"line":16,"column":46}}],"line":16},"10":{"loc":{"start":{"line":17,"column":16},"end":{"line":17,"column":34}},"type":"binary-expr","locations":[{"start":{"line":17,"column":16},"end":{"line":17,"column":29}},{"start":{"line":17,"column":33},"end":{"line":17,"column":34}}],"line":17},"11":{"loc":{"start":{"line":18,"column":14},"end":{"line":18,"column":35}},"type":"binary-expr","locations":[{"start":{"line":18,"column":14},"end":{"line":18,"column":25}},{"start":{"line":18,"column":29},"end":{"line":18,"column":35}}],"line":18},"12":{"loc":{"start":{"line":24,"column":13},"end":{"line":24,"column":28}},"type":"binary-expr","locations":[{"start":{"line":24,"column":13},"end":{"line":24,"column":20}},{"start":{"line":24,"column":24},"end":{"line":24,"column":28}}],"line":24},"13":{"loc":{"start":{"line":25,"column":20},"end":{"line":25,"column":42}},"type":"binary-expr","locations":[{"start":{"line":25,"column":20},"end":{"line":25,"column":34}},{"start":{"line":25,"column":38},"end":{"line":25,"column":42}}],"line":25},"14":{"loc":{"start":{"line":26,"column":18},"end":{"line":26,"column":38}},"type":"binary-expr","locations":[{"start":{"line":26,"column":18},"end":{"line":26,"column":30}},{"start":{"line":26,"column":34},"end":{"line":26,"column":38}}],"line":26},"15":{"loc":{"start":{"line":27,"column":16},"end":{"line":27,"column":32}},"type":"binary-expr","locations":[{"start":{"line":27,"column":16},"end":{"line":27,"column":26}},{"start":{"line":27,"column":30},"end":{"line":27,"column":32}}],"line":27},"16":{"loc":{"start":{"line":28,"column":22},"end":{"line":28,"column":44}},"type":"binary-expr","locations":[{"start":{"line":28,"column":22},"end":{"line":28,"column":38}},{"start":{"line":28,"column":42},"end":{"line":28,"column":44}}],"line":28},"17":{"loc":{"start":{"line":29,"column":19},"end":{"line":29,"column":44}},"type":"binary-expr","locations":[{"start":{"line":29,"column":19},"end":{"line":29,"column":32}},{"start":{"line":29,"column":36},"end":{"line":29,"column":44}}],"line":29},"18":{"loc":{"start":{"line":33,"column":19},"end":{"line":33,"column":37}},"type":"binary-expr","locations":[{"start":{"line":33,"column":19},"end":{"line":33,"column":32}},{"start":{"line":33,"column":36},"end":{"line":33,"column":37}}],"line":33},"19":{"loc":{"start":{"line":34,"column":17},"end":{"line":34,"column":38}},"type":"binary-expr","locations":[{"start":{"line":34,"column":17},"end":{"line":34,"column":28}},{"start":{"line":34,"column":32},"end":{"line":34,"column":38}}],"line":34},"20":{"loc":{"start":{"line":50,"column":17},"end":{"line":50,"column":36}},"type":"binary-expr","locations":[{"start":{"line":50,"column":17},"end":{"line":50,"column":31}},{"start":{"line":50,"column":35},"end":{"line":50,"column":36}}],"line":50},"21":{"loc":{"start":{"line":51,"column":15},"end":{"line":51,"column":32}},"type":"binary-expr","locations":[{"start":{"line":51,"column":15},"end":{"line":51,"column":27}},{"start":{"line":51,"column":31},"end":{"line":51,"column":32}}],"line":51},"22":{"loc":{"start":{"line":55,"column":15},"end":{"line":55,"column":57}},"type":"cond-expr","locations":[{"start":{"line":55,"column":34},"end":{"line":55,"column":50}},{"start":{"line":55,"column":53},"end":{"line":55,"column":57}}],"line":55},"23":{"loc":{"start":{"line":56,"column":17},"end":{"line":56,"column":63}},"type":"cond-expr","locations":[{"start":{"line":56,"column":38},"end":{"line":56,"column":56}},{"start":{"line":56,"column":59},"end":{"line":56,"column":63}}],"line":56},"24":{"loc":{"start":{"line":57,"column":13},"end":{"line":57,"column":55}},"type":"cond-expr","locations":[{"start":{"line":57,"column":32},"end":{"line":57,"column":48}},{"start":{"line":57,"column":51},"end":{"line":57,"column":55}}],"line":57},"25":{"loc":{"start":{"line":58,"column":16},"end":{"line":58,"column":52}},"type":"binary-expr","locations":[{"start":{"line":58,"column":16},"end":{"line":58,"column":47}},{"start":{"line":58,"column":51},"end":{"line":58,"column":52}}],"line":58}},"s":{"0":2,"1":0,"2":0,"3":0,"4":0,"5":0,"6":0,"7":0,"8":0,"9":0,"10":0,"11":0,"12":0,"13":0,"14":0,"15":0,"16":0,"17":2},"f":{"0":0,"1":0,"2":0,"3":0,"4":0,"5":0,"6":0},"b":{"0":[0,0],"1":[0,0],"2":[0,0],"3":[0,0],"4":[0,0],"5":[0,0],"6":[0,0],"7":[0,0],"8":[0,0],"9":[0,0],"10":[0,0],"11":[0,0],"12":[0,0],"13":[0,0],"14":[0,0],"15":[0,0],"16":[0,0],"17":[0,0],"18":[0,0],"19":[0,0],"20":[0,0],"21":[0,0],"22":[0,0],"23":[0,0],"24":[0,0],"25":[0,0]},"_coverageSchema":"1a1c01bbd47fc00a2c39e90264f33305004495a9","hash":"e28e6dd14511e19514d2abd369b02c0c2b827353"}
,"/Users/yanshuyu/Desktop/TheChosenOnes-1/frontend/src/components/FeaturesSection.js": {"path":"/Users/yanshuyu/Desktop/TheChosenOnes-1/frontend/src/components/FeaturesSection.js","statementMap":{"0":{"start":{"line":3,"column":24},"end":{"line":23,"column":1}},"1":{"start":{"line":4,"column":2},"end":{"line":22,"column":4}},"2":{"start":{"line":25,"column":15},"end":{"line":43,"column":1}}},"fnMap":{"0":{"name":"(anonymous_0)","decl":{"start":{"line":3,"column":24},"end":{"line":3,"column":25}},"loc":{"start":{"line":3,"column":30},"end":{"line":23,"column":1}},"line":3}},"branchMap":{},"s":{"0":1,"1":1,"2":1},"f":{"0":1},"b":{},"_coverageSchema":"1a1c01bbd47fc00a2c39e90264f33305004495a9","hash":"4f8e0c3e165ee695023c2e94fd6ca651d53ae898"}
,"/Users/yanshuyu/Desktop/TheChosenOnes-1/frontend/src/components/Footer.js": {"path":"/Users/yanshuyu/Desktop/TheChosenOnes-1/frontend/src/components/Footer.js","statementMap":{"0":{"start":{"line":4,"column":15},"end":{"line":34,"column":1}},"1":{"start":{"line":5,"column":2},"end":{"line":33,"column":4}}},"fnMap":{"0":{"name":"(anonymous_0)","decl":{"start":{"line":4,"column":15},"end":{"line":4,"column":16}},"loc":{"start":{"line":4,"column":21},"end":{"line":34,"column":1}},"line":4}},"branchMap":{},"s":{"0":1,"1":1},"f":{"0":1},"b":{},"_coverageSchema":"1a1c01bbd47fc00a2c39e90264f33305004495a9","hash":"50cccac2e9ef3c3c3e556a4d199b58324314c995"}
,"/Users/yanshuyu/Desktop/TheChosenOnes-1/frontend/src/components/Header.js": {"path":"/Users/yanshuyu/Desktop/TheChosenOnes-1/frontend/src/components/Header.js","statementMap":{"0":{"start":{"line":9,"column":15},"end":{"line":108,"column":1}},"1":{"start":{"line":10,"column":21},"end":{"line":10,"column":34}},"2":{"start":{"line":11,"column":18},"end":{"line":11,"column":47}},"3":{"start":{"line":12,"column":17},"end":{"line":12,"column":45}},"4":{"start":{"line":13,"column":23},"end":{"line":13,"column":56}},"5":{"start":{"line":15,"column":29},"end":{"line":15,"column":60}},"6":{"start":{"line":17,"column":28},"end":{"line":23,"column":5}},"7":{"start":{"line":18,"column":8},"end":{"line":22,"column":9}},"8":{"start":{"line":19,"column":12},"end":{"line":19,"column":30}},"9":{"start":{"line":21,"column":12},"end":{"line":21,"column":32}},"10":{"start":{"line":25,"column":25},"end":{"line":28,"column":7}},"11":{"start":{"line":26,"column":8},"end":{"line":26,"column":52}},"12":{"start":{"line":27,"column":8},"end":{"line":27,"column":27}},"13":{"start":{"line":29,"column":29},"end":{"line":31,"column":5}},"14":{"start":{"line":30,"column":8},"end":{"line":30,"column":27}},"15":{"start":{"line":34,"column":36},"end":{"line":38,"column":5}},"16":{"start":{"line":35,"column":8},"end":{"line":37,"column":9}},"17":{"start":{"line":36,"column":12},"end":{"line":36,"column":40}},"18":{"start":{"line":40,"column":4},"end":{"line":107,"column":6}},"19":{"start":{"line":43,"column":34},"end":{"line":43,"column":48}},"20":{"start":{"line":45,"column":38},"end":{"line":45,"column":52}},"21":{"start":{"line":46,"column":38},"end":{"line":46,"column":52}},"22":{"start":{"line":47,"column":38},"end":{"line":47,"column":52}},"23":{"start":{"line":65,"column":27},"end":{"line":65,"column":54}},"24":{"start":{"line":99,"column":71},"end":{"line":99,"column":89}},"25":{"start":{"line":100,"column":71},"end":{"line":100,"column":90}}},"fnMap":{"0":{"name":"(anonymous_0)","decl":{"start":{"line":9,"column":15},"end":{"line":9,"column":16}},"loc":{"start":{"line":9,"column":21},"end":{"line":108,"column":1}},"line":9},"1":{"name":"(anonymous_1)","decl":{"start":{"line":17,"column":28},"end":{"line":17,"column":29}},"loc":{"start":{"line":17,"column":34},"end":{"line":23,"column":5}},"line":17},"2":{"name":"(anonymous_2)","decl":{"start":{"line":25,"column":25},"end":{"line":25,"column":26}},"loc":{"start":{"line":25,"column":31},"end":{"line":28,"column":7}},"line":25},"3":{"name":"(anonymous_3)","decl":{"start":{"line":29,"column":29},"end":{"line":29,"column":30}},"loc":{"start":{"line":29,"column":35},"end":{"line":31,"column":5}},"line":29},"4":{"name":"(anonymous_4)","decl":{"start":{"line":34,"column":36},"end":{"line":34,"column":37}},"loc":{"start":{"line":34,"column":42},"end":{"line":38,"column":5}},"line":34},"5":{"name":"(anonymous_5)","decl":{"start":{"line":43,"column":28},"end":{"line":43,"column":29}},"loc":{"start":{"line":43,"column":34},"end":{"line":43,"column":48}},"line":43},"6":{"name":"(anonymous_6)","decl":{"start":{"line":45,"column":32},"end":{"line":45,"column":33}},"loc":{"start":{"line":45,"column":38},"end":{"line":45,"column":52}},"line":45},"7":{"name":"(anonymous_7)","decl":{"start":{"line":46,"column":32},"end":{"line":46,"column":33}},"loc":{"start":{"line":46,"column":38},"end":{"line":46,"column":52}},"line":46},"8":{"name":"(anonymous_8)","decl":{"start":{"line":47,"column":32},"end":{"line":47,"column":33}},"loc":{"start":{"line":47,"column":38},"end":{"line":47,"column":52}},"line":47},"9":{"name":"(anonymous_9)","decl":{"start":{"line":65,"column":21},"end":{"line":65,"column":22}},"loc":{"start":{"line":65,"column":27},"end":{"line":65,"column":54}},"line":65},"10":{"name":"(anonymous_10)","decl":{"start":{"line":99,"column":65},"end":{"line":99,"column":66}},"loc":{"start":{"line":99,"column":71},"end":{"line":99,"column":89}},"line":99},"11":{"name":"(anonymous_11)","decl":{"start":{"line":100,"column":65},"end":{"line":100,"column":66}},"loc":{"start":{"line":100,"column":71},"end":{"line":100,"column":90}},"line":100}},"branchMap":{"0":{"loc":{"start":{"line":13,"column":23},"end":{"line":13,"column":56}},"type":"binary-expr","locations":[{"start":{"line":13,"column":23},"end":{"line":13,"column":30}},{"start":{"line":13,"column":34},"end":{"line":13,"column":56}}],"line":13},"1":{"loc":{"start":{"line":18,"column":8},"end":{"line":22,"column":9}},"type":"if","locations":[{"start":{"line":18,"column":8},"end":{"line":22,"column":9}},{"start":{"line":20,"column":15},"end":{"line":22,"column":9}}],"line":18},"2":{"loc":{"start":{"line":35,"column":8},"end":{"line":37,"column":9}},"type":"if","locations":[{"start":{"line":35,"column":8},"end":{"line":37,"column":9}},{"start":{},"end":{}}],"line":35},"3":{"loc":{"start":{"line":53,"column":17},"end":{"line":61,"column":17}},"type":"binary-expr","locations":[{"start":{"line":53,"column":17},"end":{"line":53,"column":27}},{"start":{"line":54,"column":20},"end":{"line":60,"column":29}}],"line":53},"4":{"loc":{"start":{"line":62,"column":17},"end":{"line":70,"column":9}},"type":"binary-expr","locations":[{"start":{"line":62,"column":17},"end":{"line":62,"column":27}},{"start":{"line":62,"column":31},"end":{"line":62,"column":48}},{"start":{"line":63,"column":10},"end":{"line":69,"column":19}}],"line":62},"5":{"loc":{"start":{"line":97,"column":1},"end":{"line":104,"column":17}},"type":"cond-expr","locations":[{"start":{"line":98,"column":20},"end":{"line":101,"column":23}},{"start":{"line":103,"column":20},"end":{"line":103,"column":90}}],"line":97}},"s":{"0":1,"1":1,"2":1,"3":1,"4":1,"5":1,"6":1,"7":0,"8":0,"9":0,"10":1,"11":0,"12":0,"13":1,"14":0,"15":1,"16":0,"17":0,"18":1,"19":0,"20":0,"21":0,"22":0,"23":0,"24":0,"25":0},"f":{"0":1,"1":0,"2":0,"3":0,"4":0,"5":0,"6":0,"7":0,"8":0,"9":0,"10":0,"11":0},"b":{"0":[1,0],"1":[0,0],"2":[0,0],"3":[1,0],"4":[1,0,0],"5":[1,0]},"_coverageSchema":"1a1c01bbd47fc00a2c39e90264f33305004495a9","hash":"85fa1ba66c1cbf5a31e283c8f004c5139a915027"}
,"/Users/yanshuyu/Desktop/TheChosenOnes-1/frontend/src/components/HeroSection.js": {"path":"/Users/yanshuyu/Desktop/TheChosenOnes-1/frontend/src/components/HeroSection.js","statementMap":{"0":{"start":{"line":3,"column":20},"end":{"line":18,"column":1}},"1":{"start":{"line":4,"column":2},"end":{"line":17,"column":4}},"2":{"start":{"line":11,"column":51},"end":{"line":11,"column":75}},"3":{"start":{"line":20,"column":15},"end":{"line":44,"column":1}}},"fnMap":{"0":{"name":"(anonymous_0)","decl":{"start":{"line":3,"column":20},"end":{"line":3,"column":21}},"loc":{"start":{"line":3,"column":26},"end":{"line":18,"column":1}},"line":3},"1":{"name":"(anonymous_1)","decl":{"start":{"line":11,"column":45},"end":{"line":11,"column":46}},"loc":{"start":{"line":11,"column":51},"end":{"line":11,"column":75}},"line":11}},"branchMap":{},"s":{"0":1,"1":1,"2":0,"3":1},"f":{"0":1,"1":0},"b":{},"_coverageSchema":"1a1c01bbd47fc00a2c39e90264f33305004495a9","hash":"d5b34549aae49cef1849014e508b1eb4fd7dcb80"}
,"/Users/yanshuyu/Desktop/TheChosenOnes-1/frontend/src/components/LoginBody.js": {"path":"/Users/yanshuyu/Desktop/TheChosenOnes-1/frontend/src/components/LoginBody.js","statementMap":{"0":{"start":{"line":5,"column":18},"end":{"line":41,"column":1}},"1":{"start":{"line":6,"column":34},"end":{"line":6,"column":46}},"2":{"start":{"line":7,"column":34},"end":{"line":7,"column":46}},"3":{"start":{"line":9,"column":22},"end":{"line":15,"column":3}},"4":{"start":{"line":10,"column":4},"end":{"line":14,"column":5}},"5":{"start":{"line":11,"column":6},"end":{"line":11,"column":42}},"6":{"start":{"line":13,"column":6},"end":{"line":13,"column":33}},"7":{"start":{"line":17,"column":2},"end":{"line":40,"column":4}},"8":{"start":{"line":25,"column":27},"end":{"line":25,"column":54}},"9":{"start":{"line":32,"column":27},"end":{"line":32,"column":54}},"10":{"start":{"line":43,"column":15},"end":{"line":73,"column":1}}},"fnMap":{"0":{"name":"(anonymous_0)","decl":{"start":{"line":5,"column":18},"end":{"line":5,"column":19}},"loc":{"start":{"line":5,"column":24},"end":{"line":41,"column":1}},"line":5},"1":{"name":"(anonymous_1)","decl":{"start":{"line":9,"column":22},"end":{"line":9,"column":23}},"loc":{"start":{"line":9,"column":28},"end":{"line":15,"column":3}},"line":9},"2":{"name":"(anonymous_2)","decl":{"start":{"line":25,"column":20},"end":{"line":25,"column":21}},"loc":{"start":{"line":25,"column":27},"end":{"line":25,"column":54}},"line":25},"3":{"name":"(anonymous_3)","decl":{"start":{"line":32,"column":20},"end":{"line":32,"column":21}},"loc":{"start":{"line":32,"column":27},"end":{"line":32,"column":54}},"line":32}},"branchMap":{"0":{"loc":{"start":{"line":10,"column":4},"end":{"line":14,"column":5}},"type":"if","locations":[{"start":{"line":10,"column":4},"end":{"line":14,"column":5}},{"start":{"line":12,"column":11},"end":{"line":14,"column":5}}],"line":10},"1":{"loc":{"start":{"line":10,"column":8},"end":{"line":10,"column":30}},"type":"binary-expr","locations":[{"start":{"line":10,"column":8},"end":{"line":10,"column":17}},{"start":{"line":10,"column":21},"end":{"line":10,"column":30}}],"line":10}},"s":{"0":1,"1":2,"2":2,"3":2,"4":1,"5":1,"6":0,"7":2,"8":0,"9":0,"10":1},"f":{"0":2,"1":1,"2":0,"3":0},"b":{"0":[1,0],"1":[1,0]},"_coverageSchema":"1a1c01bbd47fc00a2c39e90264f33305004495a9","hash":"89b71ab3d0a30b034e748235495bdffe37c120ab"}
,"/Users/yanshuyu/Desktop/TheChosenOnes-1/frontend/src/components/Navbar.js": {"path":"/Users/yanshuyu/Desktop/TheChosenOnes-1/frontend/src/components/Navbar.js","statementMap":{"0":{"start":{"line":3,"column":15},"end":{"line":11,"column":1}},"1":{"start":{"line":4,"column":2},"end":{"line":10,"column":4}},"2":{"start":{"line":13,"column":15},"end":{"line":33,"column":1}}},"fnMap":{"0":{"name":"(anonymous_0)","decl":{"start":{"line":3,"column":15},"end":{"line":3,"column":16}},"loc":{"start":{"line":3,"column":21},"end":{"line":11,"column":1}},"line":3}},"branchMap":{},"s":{"0":0,"1":0,"2":0},"f":{"0":0},"b":{}}
,"/Users/yanshuyu/Desktop/TheChosenOnes-1/frontend/src/components/NotificationContext.js": {"path":"/Users/yanshuyu/Desktop/TheChosenOnes-1/frontend/src/components/NotificationContext.js","statementMap":{"0":{"start":{"line":5,"column":35},"end":{"line":5,"column":50}},"1":{"start":{"line":7,"column":36},"end":{"line":19,"column":1}},"2":{"start":{"line":9,"column":42},"end":{"line":12,"column":4}},"3":{"start":{"line":14,"column":2},"end":{"line":18,"column":4}}},"fnMap":{"0":{"name":"(anonymous_0)","decl":{"start":{"line":7,"column":36},"end":{"line":7,"column":37}},"loc":{"start":{"line":7,"column":54},"end":{"line":19,"column":1}},"line":7}},"branchMap":{},"s":{"0":1,"1":1,"2":1,"3":1},"f":{"0":1},"b":{},"_coverageSchema":"1a1c01bbd47fc00a2c39e90264f33305004495a9","hash":"471164b4eb8d0c17171c8f060f486914608225f9"}
,"/Users/yanshuyu/Desktop/TheChosenOnes-1/frontend/src/components/PriorityFilter.js": {"path":"/Users/yanshuyu/Desktop/TheChosenOnes-1/frontend/src/components/PriorityFilter.js","statementMap":{"0":{"start":{"line":3,"column":23},"end":{"line":89,"column":1}},"1":{"start":{"line":4,"column":48},"end":{"line":4,"column":63}},"2":{"start":{"line":5,"column":22},"end":{"line":5,"column":34}},"3":{"start":{"line":6,"column":19},"end":{"line":6,"column":31}},"4":{"start":{"line":9,"column":29},"end":{"line":9,"column":72}},"5":{"start":{"line":14,"column":31},"end":{"line":22,"column":3}},"6":{"start":{"line":15,"column":18},"end":{"line":15,"column":32}},"7":{"start":{"line":16,"column":4},"end":{"line":16,"column":71}},"8":{"start":{"line":18,"column":24},"end":{"line":20,"column":51}},"9":{"start":{"line":20,"column":39},"end":{"line":20,"column":50}},"10":{"start":{"line":21,"column":4},"end":{"line":21,"column":31}},"11":{"start":{"line":25,"column":48},"end":{"line":25,"column":60}},"12":{"start":{"line":26,"column":2},"end":{"line":34,"column":9}},"13":{"start":{"line":27,"column":4},"end":{"line":33,"column":74}},"14":{"start":{"line":28,"column":24},"end":{"line":28,"column":39}},"15":{"start":{"line":30,"column":8},"end":{"line":30,"column":60}},"16":{"start":{"line":31,"column":8},"end":{"line":31,"column":60}},"17":{"start":{"line":33,"column":22},"end":{"line":33,"column":72}},"18":{"start":{"line":37,"column":2},"end":{"line":53,"column":9}},"19":{"start":{"line":38,"column":31},"end":{"line":47,"column":5}},"20":{"start":{"line":39,"column":6},"end":{"line":46,"column":7}},"21":{"start":{"line":45,"column":8},"end":{"line":45,"column":34}},"22":{"start":{"line":49,"column":4},"end":{"line":49,"column":63}},"23":{"start":{"line":50,"column":4},"end":{"line":52,"column":6}},"24":{"start":{"line":51,"column":6},"end":{"line":51,"column":68}},"25":{"start":{"line":56,"column":26},"end":{"line":59,"column":4}},"26":{"start":{"line":57,"column":27},"end":{"line":57,"column":78}},"27":{"start":{"line":57,"column":66},"end":{"line":57,"column":77}},"28":{"start":{"line":58,"column":4},"end":{"line":58,"column":52}},"29":{"start":{"line":61,"column":2},"end":{"line":88,"column":4}},"30":{"start":{"line":69,"column":23},"end":{"line":69,"column":59}},"31":{"start":{"line":75,"column":12},"end":{"line":83,"column":20}}},"fnMap":{"0":{"name":"(anonymous_0)","decl":{"start":{"line":3,"column":23},"end":{"line":3,"column":24}},"loc":{"start":{"line":3,"column":58},"end":{"line":89,"column":1}},"line":3},"1":{"name":"(anonymous_1)","decl":{"start":{"line":14,"column":31},"end":{"line":14,"column":32}},"loc":{"start":{"line":14,"column":38},"end":{"line":22,"column":3}},"line":14},"2":{"name":"(anonymous_2)","decl":{"start":{"line":20,"column":34},"end":{"line":20,"column":35}},"loc":{"start":{"line":20,"column":39},"end":{"line":20,"column":50}},"line":20},"3":{"name":"(anonymous_3)","decl":{"start":{"line":26,"column":12},"end":{"line":26,"column":13}},"loc":{"start":{"line":26,"column":18},"end":{"line":34,"column":3}},"line":26},"4":{"name":"(anonymous_4)","decl":{"start":{"line":28,"column":12},"end":{"line":28,"column":13}},"loc":{"start":{"line":28,"column":24},"end":{"line":28,"column":39}},"line":28},"5":{"name":"(anonymous_5)","decl":{"start":{"line":29,"column":12},"end":{"line":29,"column":13}},"loc":{"start":{"line":29,"column":20},"end":{"line":32,"column":7}},"line":29},"6":{"name":"(anonymous_6)","decl":{"start":{"line":33,"column":13},"end":{"line":33,"column":14}},"loc":{"start":{"line":33,"column":22},"end":{"line":33,"column":72}},"line":33},"7":{"name":"(anonymous_7)","decl":{"start":{"line":37,"column":12},"end":{"line":37,"column":13}},"loc":{"start":{"line":37,"column":18},"end":{"line":53,"column":3}},"line":37},"8":{"name":"(anonymous_8)","decl":{"start":{"line":38,"column":31},"end":{"line":38,"column":32}},"loc":{"start":{"line":38,"column":42},"end":{"line":47,"column":5}},"line":38},"9":{"name":"(anonymous_9)","decl":{"start":{"line":50,"column":11},"end":{"line":50,"column":12}},"loc":{"start":{"line":50,"column":17},"end":{"line":52,"column":5}},"line":50},"10":{"name":"(anonymous_10)","decl":{"start":{"line":56,"column":49},"end":{"line":56,"column":50}},"loc":{"start":{"line":56,"column":56},"end":{"line":59,"column":3}},"line":56},"11":{"name":"(anonymous_11)","decl":{"start":{"line":57,"column":48},"end":{"line":57,"
[...]
,"end":{"line":315,"column":8}}],"line":299},"23":{"loc":{"start":{"line":320,"column":44},"end":{"line":320,"column":86}},"type":"cond-expr","locations":[{"start":{"line":320,"column":70},"end":{"line":320,"column":76}},{"start":{"line":320,"column":79},"end":{"line":320,"column":86}}],"line":320},"24":{"loc":{"start":{"line":321,"column":7},"end":{"line":325,"column":7}},"type":"cond-expr","locations":[{"start":{"line":322,"column":8},"end":{"line":322,"column":68}},{"start":{"line":324,"column":8},"end":{"line":324,"column":31}}],"line":321},"25":{"loc":{"start":{"line":328,"column":28},"end":{"line":328,"column":71}},"type":"cond-expr","locations":[{"start":{"line":328,"column":59},"end":{"line":328,"column":66}},{"start":{"line":328,"column":69},"end":{"line":328,"column":71}}],"line":328},"26":{"loc":{"start":{"line":344,"column":15},"end":{"line":348,"column":15}},"type":"binary-expr","locations":[{"start":{"line":344,"column":15},"end":{"line":344,"column":30}},{"start":{"line":345,"column":16},"end":{"line":347,"column":22}}],"line":344}},"s":{"0":1,"1":0,"2":0,"3":0,"4":0,"5":0,"6":0,"7":0,"8":0,"9":0,"10":0,"11":0,"12":0,"13":0,"14":0,"15":0,"16":0,"17":0,"18":0,"19":0,"20":0,"21":0,"22":0,"23":0,"24":0,"25":0,"26":0,"27":0,"28":0,"29":0,"30":0,"31":0,"32":0,"33":0,"34":0,"35":0,"36":0,"37":0,"38":0,"39":0,"40":0,"41":0,"42":0,"43":0,"44":0,"45":0,"46":0,"47":0,"48":0,"49":0,"50":0,"51":0,"52":0,"53":0,"54":0,"55":0,"56":0,"57":0,"58":0,"59":0,"60":0,"61":0,"62":0,"63":0,"64":0,"65":0,"66":0,"67":0,"68":0,"69":0,"70":0,"71":0,"72":0,"73":0,"74":0,"75":0,"76":0,"77":0,"78":0,"79":0,"80":0,"81":0,"82":0,"83":0,"84":0,"85":0,"86":0,"87":0,"88":0,"89":0,"90":0,"91":0,"92":0,"93":0,"94":0,"95":0,"96":0,"97":0,"98":0,"99":0,"100":0,"101":0,"102":0,"103":0,"104":0,"105":0,"106":0,"107":0,"108":0,"109":0,"110":0,"111":0,"112":0,"113":0,"114":0,"115":0,"116":0,"117":0,"118":0,"119":0,"120":0,"121":0,"122":0,"123":0,"124":0,"125":0,"126":0},"f":{"0":0,"1":0,"2":0,"3":0,"4":0,"5":0,"6":0,"7":0,"8":0,"9":0,"10":0,"11":0,"12":0,"13":0,"14":0,"15":0,"16":0,"17":0,"18":0,"19":0,"20":0,"21":0,"22":0,"23":0,"24":0,"25":0,"26":0,"27":0,"28":0,"29":0,"30":0,"31":0,"32":0,"33":0,"34":0,"35":0,"36":0,"37":0,"38":0,"39":0,"40":0,"41":0},"b":{"0":[0,0],"1":[0,0],"2":[0],"3":[0,0],"4":[0,0],"5":[0,0],"6":[0,0],"7":[0,0],"8":[0,0],"9":[0,0],"10":[0,0],"11":[0,0],"12":[0,0,0],"13":[0,0],"14":[0,0],"15":[0,0],"16":[0,0],"17":[0,0],"18":[0,0],"19":[0,0],"20":[0,0],"21":[0,0],"22":[0,0],"23":[0,0],"24":[0,0],"25":[0,0],"26":[0,0]},"_coverageSchema":"1a1c01bbd47fc00a2c39e90264f33305004495a9","hash":"d902ab8a3cd99b40f1d7ee188af4f17ef938d986"}
,"/Users/yanshuyu/Desktop/TheChosenOnes-1/frontend/src/pages/LoginPage.js": {"path":"/Users/yanshuyu/Desktop/TheChosenOnes-1/frontend/src/pages/LoginPage.js","statementMap":{"0":{"start":{"line":7,"column":18},"end":{"line":122,"column":1}},"1":{"start":{"line":8,"column":19},"end":{"line":8,"column":32}},"2":{"start":{"line":9,"column":34},"end":{"line":12,"column":4}},"3":{"start":{"line":15,"column":2},"end":{"line":24,"column":9}},"4":{"start":{"line":16,"column":17},"end":{"line":16,"column":47}},"5":{"start":{"line":17,"column":4},"end":{"line":17,"column":28}},"6":{"start":{"line":18,"column":4},"end":{"line":18,"column":80}},"7":{"start":{"line":19,"column":4},"end":{"line":19,"column":36}},"8":{"start":{"line":21,"column":19},"end":{"line":21,"column":51}},"9":{"start":{"line":22,"column":4},"end":{"line":22,"column":60}},"10":{"start":{"line":23,"column":4},"end":{"line":23,"column":38}},"11":{"start":{"line":26,"column":23},"end":{"line":31,"column":3}},"12":{"start":{"line":27,"column":4},"end":{"line":30,"column":7}},"13":{"start":{"line":33,"column":23},"end":{"line":79,"column":3}},"14":{"start":{"line":34,"column":4},"end":{"line":34,"column":23}},"15":{"start":{"line":36,"column":4},"end":{"line":39,"column":5}},"16":{"start":{"line":37,"column":6},"end":{"line":37,"column":173}},"17":{"start":{"line":38,"column":6},"end":{"line":38,"column":13}},"18":{"start":{"line":41,"column":23},"end":{"line":41,"column":51}},"19":{"start":{"line":42,"column":4},"end":{"line":45,"column":5}},"20":{"start":{"line":43,"column":6},"end":{"line":43,"column":170}},"21":{"start":{"line":44,"column":6},"end":{"line":44,"column":13}},"22":{"start":{"line":47,"column":4},"end":{"line":78,"column":5}},"23":{"start":{"line":48,"column":26},"end":{"line":51,"column":7}},"24":{"start":{"line":52,"column":6},"end":{"line":52,"column":57}},"25":{"start":{"line":54,"column":23},"end":{"line":62,"column":7}},"26":{"start":{"line":64,"column":6},"end":{"line":73,"column":7}},"27":{"start":{"line":65,"column":8},"end":{"line":65,"column":59}},"28":{"start":{"line":66,"column":8},"end":{"line":66,"column":57}},"29":{"start":{"line":67,"column":8},"end":{"line":67,"column":57}},"30":{"start":{"line":68,"column":8},"end":{"line":68,"column":55}},"31":{"start":{"line":69,"column":8},"end":{"line":69,"column":119}},"32":{"start":{"line":70,"column":8},"end":{"line":70,"column":27}},"33":{"start":{"line":72,"column":8},"end":{"line":72,"column":65}},"34":{"start":{"line":75,"column":27},"end":{"line":75,"column":97}},"35":{"start":{"line":76,"column":6},"end":{"line":76,"column":167}},"36":{"start":{"line":77,"column":6},"end":{"line":77,"column":75}},"37":{"start":{"line":81,"column":2},"end":{"line":121,"column":4}},"38":{"start":{"line":118,"column":52},"end":{"line":118,"column":71}},"39":{"start":{"line":124,"column":15},"end":{"line":200,"column":1}}},"fnMap":{"0":{"name":"(anonymous_0)","decl":{"start":{"line":7,"column":18},"end":{"line":7,"column":19}},"loc":{"start":{"line":7,"column":24},"end":{"line":122,"column":1}},"line":7},"1":{"name":"(anonymous_1)","decl":{"start":{"line":15,"column":12},"end":{"line":15,"column":13}},"loc":{"start":{"line":15,"column":18},"end":{"line":24,"column":3}},"line":15},"2":{"name":"(anonymous_2)","decl":{"start":{"line":26,"column":23},"end":{"line":26,"column":24}},"loc":{"start":{"line":26,"column":30},"end":{"line":31,"column":3}},"line":26},"3":{"name":"(anonymous_3)","decl":{"start":{"line":33,"column":23},"end":{"line":33,"column":24}},"loc":{"start":{"line":33,"column":36},"end":{"line":79,"column":3}},"line":33},"4":{"name":"(anonymous_4)","decl":{"start":{"line":118,"column":46},"end":{"line":118,"column":47}},"loc":{"start":{"line":118,"column":52},"end":{"line":118,"column":71}},"line":118}},"branchMap":{"0":{"loc":{"start":{"line":36,"column":4},"end":{"line":39,"column":5}},"type":"if","locations":[{"start":{"line":36,"column":4},"end":{"line":39,"column":5}},{"start":{},"end":{}}],"line":36},"1":{"loc":{"start":{"line":36,"column":8},"end":{"line":36,"column":59}},"type":"binary-expr","locations":[{"start":{"line":36,"column":8},"end":{"line":36,"column":30}},{"start":{"line":36,"column":34},"end":{"line":36,"column":59}}],"line":36},"2":{"loc":{"start":{"line":42,"column":4},"end":{"line":45,"column":5}},"type":"if","locations":[{"start":{"line":42,"column":4},"end":{"line":45,"column":5}},{"start":{},"end":{}}],"line":42},"3":{"loc":{"start":{"line":64,"column":6},"end":{"line":73,"column":7}},"type":"if","locations":[{"start":{"line":64,"column":6},"end":{"line":73,"column":7}},{"start":{"line":71,"column":13},"end":{"line":73,"column":7}}],"line":64},"4":{"loc":{"start":{"line":75,"column":27},"end":{"line":75,"column":97}},"type":"binary-expr","locations":[{"start":{"line":75,"column":27},"end":{"line":75,"column":54}},{"start":{"line":75,"column":58},"end":{"line":75,"column":97}}],"line":75},"5":{"loc":{"start":{"line":77,"column":36},"end":{"line":77,"column":73}},"type":"binary-expr","locations":[{"start":{"line":77,"column":36},"end":{"line":77,"column":56}},{"start":{"line":77,"column":60},"end":{"line":77,"column":73}}],"line":77},"6":{"loc":{"start":{"line":95,"column":23},"end":{"line":95,"column":79}},"type":"cond-expr","locations":[{"start":{"line":95,"column":40},"end":{"line":95,"column":60}},{"start":{"line":95,"column":63},"end":{"line":95,"column":79}}],"line":95},"7":{"loc":{"start":{"line":109,"column":23},"end":{"line":109,"column":82}},"type":"cond-expr","locations":[{"start":{"line":109,"column":43},"end":{"line":109,"column":63}},{"start":{"line":109,"column":66},"end":{"line":109,"column":82}}],"line":109}},"s":{"0":2,"1":6,"2":6,"3":6,"4":2,"5":2,"6":2,"7":2,"8":2,"9":2,"10":2,"11":6,"12":4,"13":6,"14":2,"15":2,"16":0,"17":0,"18":2,"19":2,"20":0,"21":0,"22":2,"23":2,"24":2,"25":2,"26":1,"27":0,"28":0,"29":0,"30":0,"31":0,"32":0,"33":1,"34":1,"35":1,"36":0,"37":6,"38":0,"39":2},"f":{"0":6,"1":2,"2":4,"3":2,"4":0},"b":{"0":[0,2],"1":[2,2],"2":[0,2],"3":[0,1],"4":[1,1],"5":[0,0],"6":[4,2],"7":[2,4]},"_coverageSchema":"1a1c01bbd47fc00a2c39e90264f33305004495a9","hash":"4b242016a152fff02f233d178131f2695bcf3d78"}
,"/Users/yanshuyu/Desktop/TheChosenOnes-1/frontend/src/pages/MainPage.js": {"path":"/Users/yanshuyu/Desktop/TheChosenOnes-1/frontend/src/pages/MainPage.js","statementMap":{"0":{"start":{"line":7,"column":17},"end":{"line":16,"column":1}},"1":{"start":{"line":8,"column":2},"end":{"line":15,"column":4}}},"fnMap":{"0":{"name":"(anonymous_0)","decl":{"start":{"line":7,"column":17},"end":{"line":7,"column":18}},"loc":{"start":{"line":7,"column":23},"end":{"line":16,"column":1}},"line":7}},"branchMap":{},"s":{"0":1,"1":1},"f":{"0":1},"b":{},"_coverageSchema":"1a1c01bbd47fc00a2c39e90264f33305004495a9","hash":"c372151d183749b7df50ba45207bb7a605ddf1e7"}
,"/Users/yanshuyu/Desktop/TheChosenOnes-1/frontend/src/pages/SignupPage.js": {"path":"/Users/yanshuyu/Desktop/TheChosenOnes-1/frontend/src/pages/SignupPage.js","statementMap":{"0":{"start":{"line":7,"column":19},"end":{"line":259,"column":1}},"1":{"start":{"line":8,"column":19},"end":{"line":8,"column":32}},"2":{"start":{"line":9,"column":34},"end":{"line":18,"column":4}},"3":{"start":{"line":21,"column":4},"end":{"line":30,"column":11}},"4":{"start":{"line":22,"column":19},"end":{"line":22,"column":49}},"5":{"start":{"line":23,"column":6},"end":{"line":23,"column":30}},"6":{"start":{"line":24,"column":6},"end":{"line":24,"column":82}},"7":{"start":{"line":25,"column":6},"end":{"line":25,"column":38}},"8":{"start":{"line":27,"column":21},"end":{"line":27,"column":53}},"9":{"start":{"line":28,"column":6},"end":{"line":28,"column":62}},"10":{"start":{"line":29,"column":6},"end":{"line":29,"column":40}},"11":{"start":{"line":32,"column":32},"end":{"line":32,"column":44}},"12":{"start":{"line":34,"column":23},"end":{"line":39,"column":3}},"13":{"start":{"line":35,"column":4},"end":{"line":38,"column":7}},"14":{"start":{"line":41,"column":23},"end":{"line":110,"column":3}},"15":{"start":{"line":42,"column":4},"end":{"line":42,"column":23}},"16":{"start":{"line":44,"column":4},"end":{"line":68,"column":5}},"17":{"start":{"line":45,"column":6},"end":{"line":45,"column":158}},"18":{"start":{"line":46,"column":6},"end":{"line":46,"column":13}},"19":{"start":{"line":47,"column":10},"end":{"line":68,"column":5}},"20":{"start":{"line":48,"column":6},"end":{"line":48,"column":163}},"21":{"start":{"line":49,"column":6},"end":{"line":49,"column":13}},"22":{"start":{"line":50,"column":10},"end":{"line":68,"column":5}},"23":{"start":{"line":51,"column":6},"end":{"line":51,"column":162}},"24":{"start":{"line":52,"column":6},"end":{"line":52,"column":13}},"25":{"start":{"line":53,"column":10},"end":{"line":68,"column":5}},"26":{"start":{"line":54,"column":6},"end":{"line":54,"column":166}},"27":{"start":{"line":55,"column":6},"end":{"line":55,"column":13}},"28":{"start":{"line":56,"column":10},"end":{"line":68,"column":5}},"29":{"start":{"line":57,"column":6},"end":{"line":57,"column":165}},"30":{"start":{"line":58,"column":6},"end":{"line":58,"column":13}},"31":{"start":{"line":59,"column":10},"end":{"line":68,"column":5}},"32":{"start":{"line":60,"column":6},"end":{"line":60,"column":158}},"33":{"start":{"line":61,"column":6},"end":{"line":61,"column":13}},"34":{"start":{"line":62,"column":10},"end":{"line":68,"column":5}},"35":{"start":{"line":63,"column":6},"end":{"line":63,"column":158}},"36":{"start":{"line":64,"column":6},"end":{"line":64,"column":13}},"37":{"start":{"line":65,"column":10},"end":{"line":68,"column":5}},"38":{"start":{"line":66,"column":6},"end":{"line":66,"column":162}},"39":{"start":{"line":67,"column":6},"end":{"line":67,"column":13}},"40":{"start":{"line":71,"column":23},"end":{"line":71,"column":51}},"41":{"start":{"line":72,"column":4},"end":{"line":76,"column":5}},"42":{"start":{"line":74,"column":6},"end":{"line":74,"column":169}},"43":{"start":{"line":75,"column":6},"end":{"line":75,"column":13}},"44":{"start":{"line":78,"column":4},"end":{"line":82,"column":5}},"45":{"start":{"line":80,"column":6},"end":{"line":80,"column":178}},"46":{"start":{"line":81,"column":6},"end":{"line":81,"column":13}},"47":{"start":{"line":84,"column":4},"end":{"line":88,"column":5}},"48":{"start":{"line":86,"column":6},"end":{"line":86,"column":157}},"49":{"start":{"line":87,"column":6},"end":{"line":87,"column":13}},"50":{"start":{"line":90,"column":4},"end":{"line":109,"column":5}},"51":{"start":{"line":91,"column":23},"end":{"line":100,"column":8}},"52":{"start":{"line":101,"column":6},"end":{"line":101,"column":40}},"53":{"start":{"line":103,"column":6},"end":{"line":103,"column":132}},"54":{"start":{"line":104,"column":6},"end":{"line":104,"column":25}},"55":{"start":{"line":106,"column":6},"end":{"line":106,"column":67}},"56":{"start":{"line":108,"column":6},"end":{"line":108,"column":149}},"57":{"start":{"line":114,"column":2},"end":{"line":258,"column":4}},"58":{"start":{"line":254,"column":56},"end":{"line":254,"column":74}},"59":{"start":{"line":261,"column":15},"end":{"line":348,"column":1}}},"fnMap":{"0":{"name":"(anonymous_0)","decl":{"start":{"line":7,"column":19},"end":{"line":7,"column":20}},"loc":{"start":{"line":7,"column":25},"end":{"line":259,"column":1}},"line":7},"1":{"name":"(anonymous_1)","decl":{"start":{"line":21,"column":14},"end":{"line":21,"column":15}},"loc":{"start":{"line":21,"column":20},"end":{"line":30,"column":5}},"line":21},"2":{"name":"(anonymous_2)","decl":{"start":{"line":34,"column":23},"end":{"line":34,"column":24}},"loc":{"start":{"line":34,"column":30},"end":{"line":39,"column":3}},"line":34},"3":{"name":"(anonymous_3)","decl":{"start":{"line":41,"column":23},"end":{"line":41,"column":24}},"loc":{"start":{"line":41,"column":36},"end":{"line":110,"column":3}},"line":41},"4":{"name":"(anonymous_4)","decl":{"start":{"line":254,"column":50},"end":{"line":254,"column":51}},"loc":{"start":{"line":254,"column":56},"end":{"line":254,"column":74}},"line":254}},"branchMap":{"0":{"loc":{"start":{"line":44,"column":4},"end":{"line":68,"column":5}},"type":"if","locations":[{"start":{"line":44,"column":4},"end":{"line":68,"column":5}},{"start":{"line":47,"column":10},"end":{"line":68,"column":5}}],"line":44},"1":{"loc":{"start":{"line":47,"column":10},"end":{"line":68,"column":5}},"type":"if","locations":[{"start":{"line":47,"column":10},"end":{"line":68,"column":5}},{"start":{"line":50,"column":10},"end":{"line":68,"column":5}}],"line":47},"2":{"loc":{"start":{"line":50,"column":10},"end":{"line":68,"column":5}},"type":"if","locations":[{"start":{"line":50,"column":10},"end":{"line":68,"column":5}},{"start":{"line":53,"column":10},"end":{"line":68,"column":5}}],"line":50},"3":{"loc":{"start":{"line":53,"column":10},"end":{"line":68,"column":5}},"type":"if","locations":[{"start":{"line":53,"column":10},"end":{"line":68,"column":5}},{"start":{"line":56,"column":10},"end":{"line":68,"column":5}}],"line":53},"4":{"loc":{"start":{"line":56,"column":10},"end":{"line":68,"column":5}},"type":"if","locations":[{"start":{"line":56,"column":10},"end":{"line":68,"column":5}},{"start":{"line":59,"column":10},"end":{"line":68,"column":5}}],"line":56},"5":{"loc":{"start":{"line":59,"column":10},"end":{"line":68,"column":5}},"type":"if","locations":[{"start":{"line":59,"column":10},"end":{"line":68,"column":5}},{"start":{"line":62,"column":10},"end":{"line":68,"column":5}}],"line":59},"6":{"loc":{"start":{"line":62,"column":10},"end":{"line":68,"column":5}},"type":"if","locations":[{"start":{"line":62,"column":10},"end":{"line":68,"column":5}},{"start":{"line":65,"column":10},"end":{"line":68,"column":5}}],"line":62},"7":{"loc":{"start":{"line":65,"column":10},"end":{"line":68,"column":5}},"type":"if","locations":[{"start":{"line":65,"column":10},"end":{"line":68,"column":5}},{"start":{},"end":{}}],"line":65},"8":{"loc":{"start":{"line":72,"column":4},"end":{"line":76,"column":5}},"type":"if","locations":[{"start":{"line":72,"column":4},"end":{"line":76,"column":5}},{"start":{},"end":{}}],"line":72},"9":{"loc":{"start":{"line":78,"column":4},"end":{"line":82,"column":5}},"type":"if","locations":[{"start":{"line":78,"column":4},"end":{"line":82,"column":5}},{"start":{},"end":{}}],"line":78},"10":{"loc":{"start":{"line":84,"column":4},"end":{"line":88,"column":5}},"type":"if","locations":[{"start":{"line":84,"column":4},"end":{"line":88,"column":5}},{"start":{},"end":{}}],"line":84},"11":{"loc":{"start":{"line":106,"column":17},"end":{"line":106,"column":65}},"type":"binary-expr","locations":[{"start":{"line":106,"column":17},"end":{"line":106,"column":42}},{"start":{"line":106,"column":46},"end":{"line":106,"column":65}}],"line":106},"12":{"loc":{"start":{"line":129,"column":25},"end":{"line":129,"column":84}},"type":"cond-expr","locations":[{"start":{"line":129,"column":45},"end":{"line":129,"column":65}},{"start":{"line":129,"column":68},"end":{"line":129,"column":84}}],"line":129},"13":{"loc":{"start":{"line":144,"column":27},"end":{"line":144,"column":87}},"type":"cond-expr","locations":[{"start":{"line":144,"column":48},"end":{"line":144,"column":68}},{"start":{"line":144,"column":71},"end":{"line":144,"column":87}}],"line":144},"14":{"loc":{"start":{"line":158,"column":27},"end":{"line":158,"column":86}},"type":"cond-expr","locations":[{"start":{"line":158,"column":47},"end":{"line":158,"column":67}},{"start":{"line":158,"column":70},"end":{"line":158,"column":86}}],"line":158},"15":{"loc":{"start":{"line":174,"column":27},"end":{"line":174,"column":83}},"type":"cond-expr","locations":[{"start":{"line":174,"column":44},"end":{"line":174,"column":64}},{"start":{"line":174,"column":67},"end":{"line":174,"column":83}}],"line":174},"16":{"loc":{"start":{"line":188,"column":27},"end":{"line":188,"column":86}},"type":"cond-expr","locations":[{"start":{"line":188,"column":47},"end":{"line":188,"column":67}},{"start":{"line":188,"column":70},"end":{"line":188,"column":86}}],"line":188},"17":{"loc":{"start":{"line":229,"column":25},"end":{"line":229,"column":84}},"type":"cond-expr","locations":[{"start":{"line":229,"column":45},"end":{"line":229,"column":65}},{"start":{"line":229,"column":68},"end":{"line":229,"column":84}}],"line":229},"18":{"loc":{"start":{"line":243,"column":25},"end":{"line":243,"column":91}},"type":"cond-expr","locations":[{"start":{"line":243,"column":52},"end":{"line":243,"column":72}},{"start":{"line":243,"column":75},"end":{"line":243,"column":91}}],"line":243}},"s":{"0":2,"1":318,"2":318,"3":318,"4":9,"5":9,"6":9,"7":9,"8":9,"9":9,"10":9,"11":318,"12":318,"13":309,"14":318,"15":8,"16":8,"17":1,"18":0,"19":7,"20":7,"21":0,"22":0,"23":0,"24":0,"25":0,"26":0,"27":0,"28":0,"29":0,"30":0,"31":0,"32":0,"33":0,"34":0,"35":0,"36":0,"37":0,"38":0,"39":0,"40":0,"41":0,"42":0,"43":0,"44":0,"45":0,"46":0,"47":0,"48":0,"49":0,"50":0,"51":0,"52":0,"53":0,"54":0,"55":0,"56":0,"57":318,"58":1,"59":2},"f":{"0":318,"1":9,"2":309,"3":8,"4":1},"b":{"0":[1,7],"1":[7,0],"2":[0,0],"3":[0,0],"4":[0,0],"5":[0,0],"6":[0,0],"7":[0,0],"8":[0,0],"9":[0,0],"10":[0,0],"11":[0,0],"12":[309,9],"13":[0,318],"14":[0,318],"15":[253,65],"16":[0,318],"17":[144,174],"18":[73,245]},"_coverageSchema":"1a1c01bbd47fc00a2c39e90264f33305004495a9","hash":"d99948e786dad5288c33a30ccf5e46552103d54d"}
}
