TN:
SF:src/App.js
FN:15,(anonymous_0)
FN:28,App
FN:29,(anonymous_2)
FN:32,(anonymous_3)
FN:33,(anonymous_4)
FNF:5
FNH:2
FNDA:0,(anonymous_0)
FNDA:1,App
FNDA:1,(anonymous_2)
FNDA:0,(anonymous_3)
FNDA:0,(anonymous_4)
DA:15,1
DA:16,0
DA:17,0
DA:18,0
DA:19,0
DA:22,0
DA:23,0
DA:26,0
DA:29,1
DA:31,1
DA:32,0
DA:33,0
DA:35,1
LF:13
LH:4
BRDA:18,0,0,0
BRDA:18,0,1,0
BRDA:22,1,0,0
BRDA:22,1,1,0
BRDA:22,2,0,0
BRDA:22,2,1,0
BRF:6
BRH:0
end_of_record
TN:
SF:src/index.js
FNF:0
FNH:0
DA:7,0
DA:8,0
DA:17,0
LF:3
LH:0
BRF:0
BRH:0
end_of_record
TN:
SF:src/reportWebVitals.js
FN:1,(anonymous_0)
FN:3,(anonymous_1)
FNF:2
FNH:0
FNDA:0,(anonymous_0)
FNDA:0,(anonymous_1)
DA:1,0
DA:2,0
DA:3,0
DA:4,0
DA:5,0
DA:6,0
DA:7,0
DA:8,0
LF:8
LH:0
BRDA:2,0,0,0
BRDA:2,0,1,0
BRDA:2,1,0,0
BRDA:2,1,1,0
BRF:4
BRH:0
end_of_record
TN:
SF:src/components/AddTask.js
FN:3,(anonymous_0)
FN:4,(anonymous_1)
FN:23,(anonymous_2)
FN:35,(anonymous_3)
FN:39,(anonymous_4)
FN:40,(anonymous_5)
FN:60,(anonymous_6)
FN:96,(anonymous_7)
FNF:8
FNH:0
FNDA:0,(anonymous_0)
FNDA:0,(anonymous_1)
FNDA:0,(anonymous_2)
FNDA:0,(anonymous_3)
FNDA:0,(anonymous_4)
FNDA:0,(anonymous_5)
FNDA:0,(anonymous_6)
FNDA:0,(anonymous_7)
DA:3,2
DA:4,0
DA:5,0
DA:6,0
DA:9,0
DA:23,0
DA:24,0
DA:25,0
DA:35,0
DA:36,0
DA:39,0
DA:40,0
DA:41,0
DA:44,0
DA:61,0
DA:96,0
DA:104,2
LF:17
LH:2
BRDA:5,0,0,0
BRDA:5,0,1,0
BRDA:9,1,0,0
BRDA:9,1,1,0
BRDA:24,2,0,0
BRDA:24,2,1,0
BRDA:27,3,0,0
BRDA:27,3,1,0
BRDA:47,4,0,0
BRDA:47,4,1,0
BRDA:60,5,0,0
BRDA:60,5,1,0
BRDA:62,6,0,0
BRDA:62,6,1,0
BRDA:96,7,0,0
BRDA:96,7,1,0
BRF:16
BRH:0
end_of_record
TN:
SF:src/components/AdminDashboard.js
FN:10,(anonymous_0)
FN:45,(anonymous_1)
FN:49,(anonymous_2)
FN:55,(anonymous_3)
FN:64,(anonymous_4)
FN:72,(anonymous_5)
FN:84,(anonymous_6)
FN:85,(anonymous_7)
FN:86,(anonymous_8)
FN:101,(anonymous_9)
FN:114,(anonymous_10)
FN:119,(anonymous_11)
FN:129,(anonymous_12)
FN:130,(anonymous_13)
FN:138,(anonymous_14)
FN:148,(anonymous_15)
FN:168,(anonymous_16)
FN:179,(anonymous_17)
FN:180,(anonymous_18)
FN:181,(anonymous_19)
FN:182,(anonymous_20)
FN:190,(anonymous_21)
FN:208,(anonymous_22)
FN:216,(anonymous_23)
FN:237,(anonymous_24)
FN:262,(anonymous_25)
FN:276,(anonymous_26)
FN:277,(anonymous_27)
FN:290,(anonymous_28)
FN:304,(anonymous_29)
FN:305,(anonymous_30)
FN:318,(anonymous_31)
FN:327,(anonymous_32)
FN:334,(anonymous_33)
FN:335,(anonymous_34)
FN:354,(anonymous_35)
FN:358,(anonymous_36)
FN:359,(anonymous_37)
FN:363,(anonymous_38)
FN:365,(anonymous_39)
FN:371,(anonymous_40)
FN:383,(anonymous_41)
FN:399,(anonymous_42)
FN:426,(anonymous_43)
FN:442,(anonymous_44)
FN:443,(anonymous_45)
FNF:46
FNH:0
FNDA:0,(anonymous_0)
FNDA:0,(anonymous_1)
FNDA:0,(anonymous_2)
FNDA:0,(anonymous_3)
FNDA:0,(anonymous_4)
FNDA:0,(anonymous_5)
FNDA:0,(anonymous_6)
FNDA:0,(anonymous_7)
FNDA:0,(anonymous_8)
FNDA:0,(anonymous_9)
FNDA:0,(anonymous_10)
FNDA:0,(anonymous_11)
FNDA:0,(anonymous_12)
FNDA:0,(anonymous_13)
FNDA:0,(anonymous_14)
FNDA:0,(anonymous_15)
FNDA:0,(anonymous_16)
FNDA:0,(anonymous_17)
FNDA:0,(anonymous_18)
FNDA:0,(anonymous_19)
FNDA:0,(anonymous_20)
FNDA:0,(anonymous_21)
FNDA:0,(anonymous_22)
FNDA:0,(anonymous_23)
FNDA:0,(anonymous_24)
FNDA:0,(anonymous_25)
FNDA:0,(anonymous_26)
FNDA:0,(anonymous_27)
FNDA:0,(anonymous_28)
FNDA:0,(anonymous_29)
FNDA:0,(anonymous_30)
FNDA:0,(anonymous_31)
FNDA:0,(anonymous_32)
FNDA:0,(anonymous_33)
FNDA:0,(anonymous_34)
FNDA:0,(anonymous_35)
FNDA:0,(anonymous_36)
FNDA:0,(anonymous_37)
FNDA:0,(anonymous_38)
FNDA:0,(anonymous_39)
FNDA:0,(anonymous_40)
FNDA:0,(anonymous_41)
FNDA:0,(anonymous_42)
FNDA:0,(anonymous_43)
FNDA:0,(anonymous_44)
FNDA:0,(anonymous_45)
DA:10,1
DA:11,0
DA:13,0
DA:20,0
DA:27,0
DA:35,0
DA:36,0
DA:37,0
DA:40,0
DA:43,0
DA:45,0
DA:46,0
DA:47,0
DA:49,0
DA:50,0
DA:51,0
DA:53,0
DA:55,0
DA:56,0
DA:57,0
DA:58,0
DA:59,0
DA:60,0
DA:61,0
DA:64,0
DA:65,0
DA:66,0
DA:67,0
DA:68,0
DA:72,0
DA:82,0
DA:83,0
DA:84,0
DA:85,0
DA:86,0
DA:89,0
DA:90,0
DA:92,0
DA:93,0
DA:95,0
DA:96,0
DA:101,0
DA:102,0
DA:103,0
DA:106,0
DA:107,0
DA:108,0
DA:110,0
DA:114,0
DA:115,0
DA:116,0
DA:117,0
DA:118,0
DA:119,0
DA:120,0
DA:121,0
DA:122,0
DA:125,0
DA:127,0
DA:128,0
DA:129,0
DA:130,0
DA:132,0
DA:133,0
DA:135,0
DA:136,0
DA:138,0
DA:148,0
DA:149,0
DA:151,0
DA:152,0
DA:158,0
DA:159,0
DA:162,0
DA:164,0
DA:168,0
DA:169,0
DA:170,0
DA:175,0
DA:176,0
DA:179,0
DA:180,0
DA:181,0
DA:182,0
DA:186,0
DA:190,0
DA:191,0
DA:192,0
DA:197,0
DA:198,0
DA:201,0
DA:202,0
DA:204,0
DA:208,0
DA:210,0
DA:212,0
DA:213,0
DA:216,0
DA:217,0
DA:218,0
DA:220,0
DA:221,0
DA:227,0
DA:228,0
DA:231,0
DA:233,0
DA:235,0
DA:237,0
DA:238,0
DA:239,0
DA:241,0
DA:247,0
DA:248,0
DA:251,0
DA:253,0
DA:254,0
DA:257,0
DA:262,0
DA:263,0
DA:264,0
DA:270,0
DA:271,0
DA:272,0
DA:275,0
DA:276,0
DA:277,0
DA:278,0
DA:283,0
DA:285,0
DA:290,0
DA:291,0
DA:292,0
DA:298,0
DA:299,0
DA:300,0
DA:303,0
DA:304,0
DA:305,0
DA:306,0
DA:311,0
DA:313,0
DA:318,0
DA:320,0
DA:321,0
DA:322,0
DA:325,0
DA:326,0
DA:327,0
DA:328,0
DA:330,0
DA:333,0
DA:334,0
DA:335,0
DA:337,0
DA:338,0
DA:340,0
DA:343,0
DA:354,0
DA:355,0
DA:358,0
DA:359,0
DA:360,0
DA:364,0
DA:365,0
DA:371,0
DA:377,0
DA:383,0
DA:399,0
DA:427,0
DA:442,0
DA:443,0
LF:171
LH:1
BRDA:50,0,0,0
BRDA:50,0,1,0
BRDA:50,1,0,0
BRDA:50,1,1,0
BRDA:56,2,0,0
BRDA:56,2,1,0
BRDA:58,3,0,0
BRDA:58,3,1,0
BRDA:59,4,0,0
BRDA:59,4,1,0
BRDA:60,5,0,0
BRDA:60,5,1,0
BRDA:67,6,0,0
BRDA:67,6,1,0
BRDA:74,7,0,0
BRDA:74,7,1,0
BRDA:75,8,0,0
BRDA:75,8,1,0
BRDA:76,9,0,0
BRDA:76,9,1,0
BRDA:77,10,0,0
BRDA:77,10,1,0
BRDA:78,11,0,0
BRDA:78,11,1,0
BRDA:79,12,0,0
BRDA:79,12,1,0
BRDA:106,13,0,0
BRDA:106,13,1,0
BRDA:125,14,0,0
BRDA:125,14,1,0
BRDA:128,15,0,0
BRDA:128,15,1,0
BRDA:132,16,0,0
BRDA:132,16,1,0
BRDA:149,17,0,0
BRDA:149,17,1,0
BRDA:158,18,0,0
BRDA:158,18,1,0
BRDA:175,19,0,0
BRDA:175,19,1,0
BRDA:180,20,0,0
BRDA:180,20,1,0
BRDA:181,21,0,0
BRDA:181,21,1,0
BRDA:182,22,0,0
BRDA:182,22,1,0
BRDA:197,23,0,0
BRDA:197,23,1,0
BRDA:210,24,0,0
BRDA:210,24,1,0
BRDA:218,25,0,0
BRDA:218,25,1,0
BRDA:227,26,0,0
BRDA:227,26,1,0
BRDA:247,27,0,0
BRDA:247,27,1,0
BRDA:270,28,0,0
BRDA:270,28,1,0
BRDA:279,29,0,0
BRDA:279,29,1,0
BRDA:279,30,0,0
BRDA:279,30,1,0
BRDA:279,31,0,0
BRDA:279,31,1,0
BRDA:298,32,0,0
BRDA:298,32,1,0
BRDA:307,33,0,0
BRDA:307,33,1,0
BRDA:307,34,0,0
BRDA:307,34,1,0
BRDA:307,35,0,0
BRDA:307,35,1,0
BRDA:328,36,0,0
BRDA:328,36,1,0
BRDA:330,37,0,0
BRDA:330,37,1,0
BRDA:333,38,0,0
BRDA:333,38,1,0
BRDA:337,39,0,0
BRDA:337,39,1,0
BRDA:361,40,0,0
BRDA:361,40,1,0
BRDA:361,40,2,0
BRDA:361,40,3,0
BRDA:361,40,4,0
BRDA:361,40,5,0
BRDA:361,40,6,0
BRDA:361,40,7,0
BRDA:364,41,0,0
BRDA:364,41,1,0
BRDA:442,42,0,0
BRDA:442,42,1,0
BRDA:443,43,0,0
BRDA:443,43,1,0
BRF:94
BRH:0
end_of_record
TN:
SF:src/components/AdminTaskList.js
FN:3,(anonymous_0)
FN:4,(anonymous_1)
FN:28,(anonymous_2)
FN:53,(anonymous_3)
FN:61,(anonymous_4)
FN:65,(anonymous_5)
FN:75,(anonymous_6)
FN:85,(anonymous_7)
FN:93,(anonymous_8)
FNF:9
FNH:6
FNDA:10,(anonymous_0)
FNDA:10,(anonymous_1)
FNDA:10,(anonymous_2)
FNDA:0,(anonymous_3)
FNDA:0,(anonymous_4)
FNDA:1,(anonymous_5)
FNDA:1,(anonymous_6)
FNDA:1,(anonymous_7)
FNDA:0,(anonymous_8)
DA:3,3
DA:4,10
DA:5,10
DA:7,2
DA:9,2
DA:11,2
DA:13,4
DA:17,10
DA:25,10
DA:29,10
DA:54,0
DA:61,0
DA:65,1
DA:75,1
DA:85,1
DA:93,0
DA:108,3
LF:17
LH:14
BRDA:5,0,0,2
BRDA:5,0,1,2
BRDA:5,0,2,2
BRDA:5,0,3,4
BRDA:49,1,0,10
BRDA:49,1,1,0
BRDA:49,1,2,0
BRDA:63,2,0,10
BRDA:63,2,1,4
BRDA:63,2,2,4
BRDA:73,3,0,10
BRDA:73,3,1,10
BRDA:73,3,2,7
BRDA:86,4,0,3
BRDA:86,4,1,7
BRDA:89,5,0,3
BRDA:89,5,1,7
BRF:17
BRH:15
end_of_record
TN:
SF:src/components/CallToAction.js
FN:3,(anonymous_0)
FN:9,(anonymous_1)
FNF:2
FNH:1
FNDA:1,(anonymous_0)
FNDA:0,(anonymous_1)
DA:3,1
DA:4,1
DA:9,0
DA:17,1
LF:4
LH:3
BRF:0
BRH:0
end_of_record
TN:
SF:src/components/DateFilter.js
FN:9,(anonymous_0)
FN:15,(anonymous_1)
FN:22,(anonymous_2)
FN:24,(anonymous_3)
FN:25,(anonymous_4)
FN:26,(anonymous_5)
FN:34,(anonymous_6)
FNF:7
FNH:2
FNDA:2,(anonymous_0)
FNDA:0,(anonymous_1)
FNDA:2,(anonymous_2)
FNDA:0,(anonymous_3)
FNDA:0,(anonymous_4)
FNDA:0,(anonymous_5)
FNDA:0,(anonymous_6)
DA:9,2
DA:15,2
DA:16,0
DA:20,2
DA:22,2
DA:23,2
DA:24,0
DA:25,0
DA:26,0
DA:29,2
DA:36,0
DA:37,0
LF:12
LH:6
BRF:0
BRH:0
end_of_record
TN:
SF:src/components/EditTaskModal.js
FN:3,(anonymous_0)
FN:4,(anonymous_1)
FN:20,(anonymous_2)
FN:22,(anonymous_3)
FN:39,(anonymous_4)
FN:41,(anonymous_5)
FN:47,(anonymous_6)
FNF:7
FNH:0
FNDA:0,(anonymous_0)
FNDA:0,(anonymous_1)
FNDA:0,(anonymous_2)
FNDA:0,(anonymous_3)
FNDA:0,(anonymous_4)
FNDA:0,(anonymous_5)
FNDA:0,(anonymous_6)
DA:3,2
DA:4,0
DA:5,0
DA:7,0
DA:20,0
DA:22,0
DA:36,0
DA:39,0
DA:40,0
DA:41,0
DA:47,0
DA:48,0
DA:62,0
DA:63,0
DA:66,0
DA:161,2
LF:16
LH:2
BRDA:5,0,0,0
BRDA:5,0,1,0
BRDA:8,1,0,0
BRDA:8,1,1,0
BRDA:9,2,0,0
BRDA:9,2,1,0
BRDA:10,3,0,0
BRDA:10,3,1,0
BRDA:11,4,0,0
BRDA:11,4,1,0
BRDA:12,5,0,0
BRDA:12,5,1,0
BRDA:13,6,0,0
BRDA:13,6,1,0
BRDA:14,7,0,0
BRDA:14,7,1,0
BRDA:15,8,0,0
BRDA:15,8,1,0
BRDA:16,9,0,0
BRDA:16,9,1,0
BRDA:17,10,0,0
BRDA:17,10,1,0
BRDA:18,11,0,0
BRDA:18,11,1,0
BRDA:24,12,0,0
BRDA:24,12,1,0
BRDA:25,13,0,0
BRDA:25,13,1,0
BRDA:26,14,0,0
BRDA:26,14,1,0
BRDA:27,15,0,0
BRDA:27,15,1,0
BRDA:28,16,0,0
BRDA:28,16,1,0
BRDA:29,17,0,0
BRDA:29,17,1,0
BRDA:33,18,0,0
BRDA:33,18,1,0
BRDA:34,19,0,0
BRDA:34,19,1,0
BRDA:50,20,0,0
BRDA:50,20,1,0
BRDA:51,21,0,0
BRDA:51,21,1,0
BRDA:55,22,0,0
BRDA:55,22,1,0
BRDA:56,23,0,0
BRDA:56,23,1,0
BRDA:57,24,0,0
BRDA:57,24,1,0
BRDA:58,25,0,0
BRDA:58,25,1,0
BRF:52
BRH:0
end_of_record
TN:
SF:src/components/FeaturesSection.js
FN:3,(anonymous_0)
FNF:1
FNH:1
FNDA:1,(anonymous_0)
DA:3,1
DA:4,1
DA:25,1
LF:3
LH:3
BRF:0
BRH:0
end_of_record
TN:
SF:src/components/Footer.js
FN:4,(anonymous_0)
FNF:1
FNH:1
FNDA:1,(anonymous_0)
DA:4,1
DA:5,1
LF:2
LH:2
BRF:0
BRH:0
end_of_record
TN:
SF:src/components/Header.js
FN:9,(anonymous_0)
FN:17,(anonymous_1)
FN:25,(anonymous_2)
FN:29,(anonymous_3)
FN:34,(anonymous_4)
FN:43,(anonymous_5)
FN:45,(anonymous_6)
FN:46,(anonymous_7)
FN:47,(anonymous_8)
FN:65,(anonymous_9)
FN:99,(anonymous_10)
FN:100,(anonymous_11)
FNF:12
FNH:1
FNDA:1,(anonymous_0)
FNDA:0,(anonymous_1)
FNDA:0,(anonymous_2)
FNDA:0,(anonymous_3)
FNDA:0,(anonymous_4)
FNDA:0,(anonymous_5)
FNDA:0,(anonymous_6)
FNDA:0,(anonymous_7)
FNDA:0,(anonymous_8)
FNDA:0,(anonymous_9)
FNDA:0,(anonymous_10)
FNDA:0,(anonymous_11)
DA:9,1
DA:10,1
DA:11,1
DA:12,1
DA:13,1
DA:15,1
DA:17,1
DA:18,0
DA:19,0
DA:21,0
DA:25,1
DA:26,0
DA:27,0
DA:29,1
DA:30,0
DA:34,1
DA:35,0
DA:36,0
DA:40,1
DA:43,0
DA:45,0
DA:46,0
DA:47,0
DA:65,0
DA:99,0
DA:100,0
LF:26
LH:11
BRDA:13,0,0,1
BRDA:13,0,1,0
BRDA:18,1,0,0
BRDA:18,1,1,0
BRDA:35,2,0,0
BRDA:35,2,1,0
BRDA:53,3,0,1
BRDA:53,3,1,0
BRDA:62,4,0,1
BRDA:62,4,1,0
BRDA:62,4,2,0
BRDA:97,5,0,1
BRDA:97,5,1,0
BRF:13
BRH:4
end_of_record
TN:
SF:src/components/HeroSection.js
FN:3,(anonymous_0)
FN:11,(anonymous_1)
FNF:2
FNH:1
FNDA:1,(anonymous_0)
FNDA:0,(anonymous_1)
DA:3,1
DA:4,1
DA:11,0
DA:20,1
LF:4
LH:3
BRF:0
BRH:0
end_of_record
TN:
SF:src/components/LoginBody.js
FN:5,(anonymous_0)
FN:9,(anonymous_1)
FN:25,(anonymous_2)
FN:32,(anonymous_3)
FNF:4
FNH:2
FNDA:2,(anonymous_0)
FNDA:1,(anonymous_1)
FNDA:0,(anonymous_2)
FNDA:0,(anonymous_3)
DA:5,1
DA:6,2
DA:7,2
DA:9,2
DA:10,1
DA:11,1
DA:13,0
DA:17,2
DA:25,0
DA:32,0
DA:43,1
LF:11
LH:8
BRDA:10,0,0,1
BRDA:10,0,1,0
BRDA:10,1,0,1
BRDA:10,1,1,0
BRF:4
BRH:2
end_of_record
TN:
SF:src/components/Navbar.js
FN:3,(anonymous_0)
FNF:1
FNH:0
FNDA:0,(anonymous_0)
DA:3,0
DA:4,0
DA:13,0
LF:3
LH:0
BRF:0
BRH:0
end_of_record
TN:
SF:src/components/NotificationContext.js
FN:7,(anonymous_0)
FNF:1
FNH:1
FNDA:1,(anonymous_0)
DA:5,1
DA:7,1
DA:9,1
DA:14,1
LF:4
LH:4
BRF:0
BRH:0
end_of_record
TN:
SF:src/components/PriorityFilter.js
FN:3,(anonymous_0)
FN:14,(anonymous_1)
FN:20,(anonymous_2)
FN:26,(anonymous_3)
FN:28,(anonymous_4)
FN:29,(anonymous_5)
FN:33,(anonymous_6)
FN:37,(anonymous_7)
FN:38,(anonymous_8)
FN:50,(anonymous_9)
FN:56,(anonymous_10)
FN:57,(anonymous_11)
FN:69,(anonymous_12)
FN:74,(anonymous_13)
FNF:14
FNH:2
FNDA:2,(anonymous_0)
FNDA:0,(anonymous_1)
FNDA:0,(anonymous_2)
FNDA:2,(anonymous_3)
FNDA:0,(anonymous_4)
FNDA:0,(anonymous_5)
FNDA:0,(anonymous_6)
FNDA:0,(anonymous_7)
FNDA:0,(anonymous_8)
FNDA:0,(anonymous_9)
FNDA:0,(anonymous_10)
FNDA:0,(anonymous_11)
FNDA:0,(anonymous_12)
FNDA:0,(anonymous_13)
DA:3,2
DA:4,2
DA:5,2
DA:6,2
DA:9,2
DA:14,2
DA:15,0
DA:16,0
DA:18,0
DA:20,0
DA:21,0
DA:25,2
DA:26,2
DA:27,2
DA:28,0
DA:30,0
DA:31,0
DA:33,0
DA:37,2
DA:38,0
DA:39,0
DA:45,0
DA:49,0
DA:50,0
DA:51,0
DA:56,2
DA:57,0
DA:58,0
DA:61,2
DA:69,0
DA:75,0
LF:31
LH:12
BRDA:9,0,0,0
BRDA:9,0,1,2
BRDA:18,1,0,0
BRDA:18,1,1,0
BRDA:39,2,0,0
BRDA:39,2,1,0
BRDA:40,3,0,0
BRDA:40,3,1,0
BRDA:40,3,2,0
BRDA:40,3,3,0
BRDA:58,4,0,0
BRDA:58,4,1,0
BRDA:67,5,0,2
BRDA:67,5,1,2
BRDA:72,6,0,2
BRDA:72,6,1,0
BRF:16
BRH:4
end_of_record
TN:
SF:src/components/SearchBar.js
FN:8,(anonymous_0)
FN:8,(anonymous_1)
FN:9,(anonymous_2)
FN:18,(anonymous_3)
FN:18,(anonymous_4)
FN:22,(anonymous_5)
FN:22,(anonymous_6)
FN:26,(anonymous_7)
FN:26,(anonymous_8)
FN:30,(anonymous_9)
FN:30,(anonymous_10)
FNF:11
FNH:1
FNDA:2,(anonymous_0)
FNDA:0,(anonymous_1)
FNDA:0,(anonymous_2)
FNDA:0,(anonymous_3)
FNDA:0,(anonymous_4)
FNDA:0,(anonymous_5)
FNDA:0,(anonymous_6)
FNDA:0,(anonymous_7)
FNDA:0,(anonymous_8)
FNDA:0,(anonymous_9)
FNDA:0,(anonymous_10)
DA:8,2
DA:9,2
DA:10,0
DA:14,2
DA:18,0
DA:22,0
DA:26,0
DA:30,0
LF:8
LH:3
BRDA:8,0,0,2
BRDA:8,1,0,2
BRF:2
BRH:2
end_of_record
TN:
SF:src/components/StatusFilter.js
FN:5,(anonymous_0)
FN:16,(anonymous_1)
FN:22,(anonymous_2)
FN:28,(anonymous_3)
FN:30,(anonymous_4)
FN:31,(anonymous_5)
FN:35,(anonymous_6)
FN:39,(anonymous_7)
FN:40,(anonymous_8)
FN:52,(anonymous_9)
FN:65,(anonymous_10)
FN:71,(anonymous_11)
FNF:12
FNH:2
FNDA:2,(anonymous_0)
FNDA:0,(anonymous_1)
FNDA:0,(anonymous_2)
FNDA:2,(anonymous_3)
FNDA:0,(anonymous_4)
FNDA:0,(anonymous_5)
FNDA:0,(anonymous_6)
FNDA:0,(anonymous_7)
FNDA:0,(anonymous_8)
FNDA:0,(anonymous_9)
FNDA:0,(anonymous_10)
FNDA:0,(anonymous_11)
DA:5,2
DA:6,2
DA:7,2
DA:8,2
DA:11,2
DA:16,2
DA:17,0
DA:18,0
DA:20,0
DA:22,0
DA:23,0
DA:27,2
DA:28,2
DA:29,2
DA:30,0
DA:32,0
DA:33,0
DA:35,0
DA:39,2
DA:40,0
DA:41,0
DA:47,0
DA:51,0
DA:52,0
DA:53,0
DA:57,2
DA:65,0
DA:72,0
LF:28
LH:11
BRDA:11,0,0,0
BRDA:11,0,1,2
BRDA:20,1,0,0
BRDA:20,1,1,0
BRDA:41,2,0,0
BRDA:41,2,1,0
BRDA:42,3,0,0
BRDA:42,3,1,0
BRDA:42,3,2,0
BRDA:42,3,3,0
BRDA:63,4,0,2
BRDA:63,4,1,2
BRDA:68,5,0,2
BRDA:68,5,1,0
BRDA:70,6,0,0
BRDA:70,6,1,0
BRF:16
BRH:4
end_of_record
TN:
SF:src/components/TaskBoard.js
FN:8,(anonymous_0)
FN:39,(anonymous_1)
FN:51,(anonymous_2)
FN:61,(anonymous_3)
FN:68,(anonymous_4)
FN:79,(anonymous_5)
FN:80,(anonymous_6)
FN:81,(anonymous_7)
FN:86,(anonymous_8)
FN:87,(anonymous_9)
FN:88,(anonymous_10)
FN:97,(anonymous_11)
FN:118,(anonymous_12)
FN:124,(anonymous_13)
FN:192,(anonymous_14)
FN:206,(anonymous_15)
FN:207,(anonymous_16)
FN:220,(anonymous_17)
FN:234,(anonymous_18)
FN:235,(anonymous_19)
FN:249,(anonymous_20)
FN:260,(anonymous_21)
FN:280,(anonymous_22)
FN:301,(anonymous_23)
FN:302,(anonymous_24)
FN:309,(anonymous_25)
FN:313,(anonymous_26)
FN:314,(anonymous_27)
FN:318,(anonymous_28)
FN:320,(anonymous_29)
FN:326,(anonymous_30)
FN:337,(anonymous_31)
FN:340,(anonymous_32)
FN:350,(anonymous_33)
FN:362,(anonymous_34)
FN:374,(anonymous_35)
FNF:36
FNH:0
FNDA:0,(anonymous_0)
FNDA:0,(anonymous_1)
FNDA:0,(anonymous_2)
FNDA:0,(anonymous_3)
FNDA:0,(anonymous_4)
FNDA:0,(anonymous_5)
FNDA:0,(anonymous_6)
FNDA:0,(anonymous_7)
FNDA:0,(anonymous_8)
FNDA:0,(anonymous_9)
FNDA:0,(anonymous_10)
FNDA:0,(anonymous_11)
FNDA:0,(anonymous_12)
FNDA:0,(anonymous_13)
FNDA:0,(anonymous_14)
FNDA:0,(anonymous_15)
FNDA:0,(anonymous_16)
FNDA:0,(anonymous_17)
FNDA:0,(anonymous_18)
FNDA:0,(anonymous_19)
FNDA:0,(anonymous_20)
FNDA:0,(anonymous_21)
FNDA:0,(anonymous_22)
FNDA:0,(anonymous_23)
FNDA:0,(anonymous_24)
FNDA:0,(anonymous_25)
FNDA:0,(anonymous_26)
FNDA:0,(anonymous_27)
FNDA:0,(anonymous_28)
FNDA:0,(anonymous_29)
FNDA:0,(anonymous_30)
FNDA:0,(anonymous_31)
FNDA:0,(anonymous_32)
FNDA:0,(anonymous_33)
FNDA:0,(anonymous_34)
FNDA:0,(anonymous_35)
DA:8,1
DA:9,0
DA:10,0
DA:17,0
DA:25,0
DA:31,0
DA:32,0
DA:35,0
DA:38,0
DA:39,0
DA:40,0
DA:41,0
DA:44,0
DA:45,0
DA:46,0
DA:49,0
DA:51,0
DA:52,0
DA:53,0
DA:54,0
DA:55,0
DA:56,0
DA:57,0
DA:61,0
DA:62,0
DA:63,0
DA:64,0
DA:65,0
DA:67,0
DA:68,0
DA:78,0
DA:79,0
DA:80,0
DA:81,0
DA:85,0
DA:86,0
DA:87,0
DA:88,0
DA:92,0
DA:97,0
DA:98,0
DA:99,0
DA:108,0
DA:109,0
DA:111,0
DA:112,0
DA:114,0
DA:118,0
DA:119,0
DA:120,0
DA:124,0
DA:125,0
DA:127,0
DA:128,0
DA:129,0
DA:132,0
DA:146,0
DA:148,0
DA:149,0
DA:152,0
DA:154,0
DA:161,0
DA:162,0
DA:163,0
DA:164,0
DA:168,0
DA:170,0
DA:173,0
DA:174,0
DA:182,0
DA:183,0
DA:184,0
DA:186,0
DA:192,0
DA:193,0
DA:194,0
DA:200,0
DA:201,0
DA:202,0
DA:205,0
DA:206,0
DA:207,0
DA:208,0
DA:213,0
DA:215,0
DA:220,0
DA:221,0
DA:222,0
DA:228,0
DA:229,0
DA:230,0
DA:233,0
DA:234,0
DA:235,0
DA:236,0
DA:241,0
DA:243,0
DA:249,0
DA:250,0
DA:251,0
DA:252,0
DA:254,0
DA:255,0
DA:260,0
DA:261,0
DA:262,0
DA:268,0
DA:269,0
DA:271,0
DA:272,0
DA:275,0
DA:280,0
DA:281,0
DA:282,0
DA:283,0
DA:286,0
DA:287,0
DA:294,0
DA:296,0
DA:298,0
DA:301,0
DA:302,0
DA:309,0
DA:310,0
DA:313,0
DA:314,0
DA:315,0
DA:319,0
DA:320,0
DA:326,0
DA:331,0
DA:337,0
DA:340,0
DA:350,0
DA:362,0
DA:374,0
DA:384,1
LF:137
LH:2
BRDA:40,0,0,0
BRDA:40,0,1,0
BRDA:40,1,0,0
BRDA:40,1,1,0
BRDA:40,1,2,0
BRDA:45,2,0,0
BRDA:45,2,1,0
BRDA:52,3,0,0
BRDA:52,3,1,0
BRDA:54,4,0,0
BRDA:54,4,1,0
BRDA:55,5,0,0
BRDA:55,5,1,0
BRDA:56,6,0,0
BRDA:56,6,1,0
BRDA:64,7,0,0
BRDA:64,7,1,0
BRDA:70,8,0,0
BRDA:70,8,1,0
BRDA:71,9,0,0
BRDA:71,9,1,0
BRDA:72,10,0,0
BRDA:72,10,1,0
BRDA:108,11,0,0
BRDA:108,11,1,0
BRDA:127,12,0,0
BRDA:127,12,1,0
BRDA:127,13,0,0
BRDA:127,13,1,0
BRDA:127,13,2,0
BRDA:127,13,3,0
BRDA:133,14,0,0
BRDA:133,14,1,0
BRDA:140,15,0,0
BRDA:140,15,1,0
BRDA:141,16,0,0
BRDA:141,16,1,0
BRDA:142,17,0,0
BRDA:142,17,1,0
BRDA:143,18,0,0
BRDA:143,18,1,0
BRDA:149,19,0,0
BRDA:149,19,1,0
BRDA:152,20,0,0
BRDA:152,20,1,0
BRDA:161,21,0,0
BRDA:161,21,1,0
BRDA:173,22,0,0
BRDA:173,22,1,0
BRDA:173,23,0,0
BRDA:173,23,1,0
BRDA:173,23,2,0
BRDA:200,24,0,0
BRDA:200,24,1,0
BRDA:209,25,0,0
BRDA:209,25,1,0
BRDA:209,26,0,0
BRDA:209,26,1,0
BRDA:209,27,0,0
BRDA:209,27,1,0
BRDA:228,28,0,0
BRDA:228,28,1,0
BRDA:237,29,0,0
BRDA:237,29,1,0
BRDA:237,30,0,0
BRDA:237,30,1,0
BRDA:237,31,0,0
BRDA:237,31,1,0
BRDA:250,32,0,0
BRDA:250,32,1,0
BRDA:268,33,0,0
BRDA:268,33,1,0
BRDA:281,34,0,0
BRDA:281,34,1,0
BRDA:294,35,0,0
BRDA:294,35,1,0
BRDA:316,36,0,0
BRDA:316,36,1,0
BRDA:316,36,2,0
BRDA:316,36,3,0
BRDA:316,36,4,0
BRDA:316,36,5,0
BRDA:316,36,6,0
BRDA:316,36,7,0
BRDA:319,37,0,0
BRDA:319,37,1,0
BRDA:340,38,0,0
BRDA:340,38,1,0
BRF:88
BRH:0
end_of_record
TN:
SF:src/components/TaskCard.js
FN:4,(anonymous_0)
FN:7,(anonymous_1)
FNF:2
FNH:0
FNDA:0,(anonymous_0)
FNDA:0,(anonymous_1)
DA:4,0
DA:5,0
DA:8,0
DA:22,0
LF:4
LH:0
BRF:0
BRH:0
end_of_record
TN:
SF:src/components/TaskList.js
FN:4,(anonymous_0)
FN:26,(anonymous_1)
FN:27,(anonymous_2)
FN:30,(anonymous_3)
FN:34,(anonymous_4)
FN:35,(anonymous_5)
FN:50,(anonymous_6)
FN:54,(anonymous_7)
FN:54,(anonymous_8)
FN:58,(anonymous_9)
FN:60,(anonymous_10)
FN:60,(anonymous_11)
FN:64,(anonymous_12)
FN:64,(anonymous_13)
FN:71,(anonymous_14)
FN:74,(anonymous_15)
FN:81,(anonymous_16)
FN:85,(anonymous_17)
FN:97,(anonymous_18)
FN:124,(anonymous_19)
FN:130,(anonymous_20)
FN:138,(anonymous_21)
FN:144,(anonymous_22)
FN:152,(anonymous_23)
FN:154,(anonymous_24)
FN:157,(anonymous_25)
FN:159,(anonymous_26)
FNF:27
FNH:0
FNDA:0,(anonymous_0)
FNDA:0,(anonymous_1)
FNDA:0,(anonymous_2)
FNDA:0,(anonymous_3)
FNDA:0,(anonymous_4)
FNDA:0,(anonymous_5)
FNDA:0,(anonymous_6)
FNDA:0,(anonymous_7)
FNDA:0,(anonymous_8)
FNDA:0,(anonymous_9)
FNDA:0,(anonymous_10)
FNDA:0,(anonymous_11)
FNDA:0,(anonymous_12)
FNDA:0,(anonymous_13)
FNDA:0,(anonymous_14)
FNDA:0,(anonymous_15)
FNDA:0,(anonymous_16)
FNDA:0,(anonymous_17)
FNDA:0,(anonymous_18)
FNDA:0,(anonymous_19)
FNDA:0,(anonymous_20)
FNDA:0,(anonymous_21)
FNDA:0,(anonymous_22)
FNDA:0,(anonymous_23)
FNDA:0,(anonymous_24)
FNDA:0,(anonymous_25)
FNDA:0,(anonymous_26)
DA:4,1
DA:5,0
DA:7,0
DA:17,0
DA:26,0
DA:27,0
DA:30,0
DA:31,0
DA:32,0
DA:34,0
DA:35,0
DA:36,0
DA:37,0
DA:40,0
DA:41,0
DA:44,0
DA:47,0
DA:50,0
DA:51,0
DA:52,0
DA:53,0
DA:54,0
DA:58,0
DA:59,0
DA:60,0
DA:63,0
DA:64,0
DA:67,0
DA:72,0
DA:74,0
DA:81,0
DA:86,0
DA:97,0
DA:98,0
DA:99,0
DA:100,0
DA:102,0
DA:103,0
DA:104,0
DA:111,0
DA:112,0
DA:114,0
DA:116,0
DA:120,0
DA:124,0
DA:131,0
DA:132,0
DA:133,0
DA:134,0
DA:139,0
DA:145,0
DA:152,0
DA:154,0
DA:157,0
DA:159,0
DA:167,1
DA:176,1
LF:57
LH:3
BRDA:27,0,0,0
BRDA:27,0,1,0
BRDA:40,1,0,0
BRDA:40,1,1,0
BRDA:51,2,0,0
BRDA:51,2,1,0
BRDA:73,3,0,0
BRDA:73,3,1,0
BRDA:87,4,0,0
BRDA:87,4,1,0
BRDA:98,5,0,0
BRDA:98,5,1,0
BRDA:111,6,0,0
BRDA:111,6,1,0
BRDA:127,7,0,0
BRDA:127,7,1,0
BRDA:132,8,0,0
BRDA:132,8,1,0
BRDA:153,9,0,0
BRDA:153,9,1,0
BRDA:156,10,0,0
BRDA:156,10,1,0
BRF:22
BRH:0
end_of_record
TN:
SF:src/components/TaskMenu.js
FN:3,(anonymous_0)
FN:8,(anonymous_1)
FN:17,(anonymous_2)
FN:23,(anonymous_3)
FN:24,(anonymous_4)
FN:25,(anonymous_5)
FN:30,(anonymous_6)
FN:35,(anonymous_7)
FN:36,(anonymous_8)
FNF:9
FNH:0
FNDA:0,(anonymous_0)
FNDA:0,(anonymous_1)
FNDA:0,(anonymous_2)
FNDA:0,(anonymous_3)
FNDA:0,(anonymous_4)
FNDA:0,(anonymous_5)
FNDA:0,(anonymous_6)
FNDA:0,(anonymous_7)
FNDA:0,(anonymous_8)
DA:3,0
DA:4,0
DA:5,0
DA:6,0
DA:8,0
DA:9,0
DA:10,0
DA:11,0
DA:14,0
DA:17,0
DA:23,0
DA:24,0
DA:25,0
DA:30,0
DA:35,0
DA:36,0
DA:45,0
LF:17
LH:0
BRDA:19,0,0,0
BRDA:19,0,1,0
BRDA:21,1,0,0
BRDA:21,1,1,0
BRF:4
BRH:0
end_of_record
TN:
SF:src/components/Testimonials.js
FN:3,(anonymous_0)
FN:16,(anonymous_1)
FNF:2
FNH:2
FNDA:1,(anonymous_0)
FNDA:3,(anonymous_1)
DA:3,1
DA:5,1
DA:11,1
DA:17,3
DA:28,1
LF:5
LH:5
BRF:0
BRH:0
end_of_record
TN:
SF:src/components/UserFilter.js
FN:3,(anonymous_0)
FN:13,(anonymous_1)
FN:15,(anonymous_2)
FN:16,(anonymous_3)
FN:20,(anonymous_4)
FN:24,(anonymous_5)
FN:29,(anonymous_6)
FN:34,(anonymous_7)
FN:35,(anonymous_8)
FN:39,(anonymous_9)
FN:40,(anonymous_10)
FN:52,(anonymous_11)
FN:65,(anonymous_12)
FN:70,(anonymous_13)
FNF:14
FNH:2
FNDA:2,(anonymous_0)
FNDA:2,(anonymous_1)
FNDA:0,(anonymous_2)
FNDA:0,(anonymous_3)
FNDA:0,(anonymous_4)
FNDA:0,(anonymous_5)
FNDA:0,(anonymous_6)
FNDA:0,(anonymous_7)
FNDA:0,(anonymous_8)
FNDA:0,(anonymous_9)
FNDA:0,(anonymous_10)
FNDA:0,(anonymous_11)
FNDA:0,(anonymous_12)
FNDA:0,(anonymous_13)
DA:3,2
DA:4,2
DA:5,2
DA:6,2
DA:9,2
DA:12,2
DA:13,2
DA:14,2
DA:15,0
DA:17,0
DA:18,0
DA:20,0
DA:24,2
DA:25,0
DA:26,0
DA:27,0
DA:29,0
DA:30,0
DA:34,2
DA:35,0
DA:36,0
DA:39,2
DA:40,0
DA:41,0
DA:47,0
DA:51,0
DA:52,0
DA:53,0
DA:57,2
DA:65,0
DA:71,0
LF:31
LH:12
BRDA:9,0,0,0
BRDA:9,0,1,2
BRDA:27,1,0,0
BRDA:27,1,1,0
BRDA:36,2,0,0
BRDA:36,2,1,0
BRDA:41,3,0,0
BRDA:41,3,1,0
BRDA:42,4,0,0
BRDA:42,4,1,0
BRDA:42,4,2,0
BRDA:42,4,3,0
BRDA:63,5,0,2
BRDA:63,5,1,2
BRDA:68,6,0,2
BRDA:68,6,1,0
BRF:16
BRH:4
end_of_record
TN:
SF:src/components/firebaseConfig.js
FNF:0
FNH:0
DA:5,1
DA:16,1
DA:17,1
DA:18,1
LF:4
LH:4
BRF:0
BRH:0
end_of_record
TN:
SF:src/components/ui/button.js
FN:3,(anonymous_0)
FNF:1
FNH:1
FNDA:328,(anonymous_0)
DA:3,4
DA:4,328
LF:2
LH:2
BRF:0
BRH:0
end_of_record
TN:
SF:src/components/ui/input.js
FN:3,(anonymous_0)
FNF:1
FNH:1
FNDA:2242,(anonymous_0)
DA:3,3
DA:4,2242
LF:2
LH:2
BRF:0
BRH:0
end_of_record
TN:
SF:src/pages/AdminManagement.js
FN:5,(anonymous_0)
FN:9,(anonymous_1)
FN:16,(anonymous_2)
FN:62,(anonymous_3)
FN:83,(anonymous_4)
FN:103,(anonymous_5)
FN:123,(anonymous_6)
FN:152,(anonymous_7)
FN:179,(anonymous_8)
FN:187,(anonymous_9)
FN:190,(anonymous_10)
FN:192,(anonymous_11)
FN:204,(anonymous_12)
FNF:13
FNH:4
FNDA:2,(anonymous_0)
FNDA:1,(anonymous_1)
FNDA:1,(anonymous_2)
FNDA:0,(anonymous_3)
FNDA:0,(anonymous_4)
FNDA:0,(anonymous_5)
FNDA:0,(anonymous_6)
FNDA:0,(anonymous_7)
FNDA:0,(anonymous_8)
FNDA:0,(anonymous_9)
FNDA:0,(anonymous_10)
FNDA:0,(anonymous_11)
FNDA:1,(anonymous_12)
DA:5,2
DA:6,2
DA:7,2
DA:9,2
DA:10,1
DA:13,2
DA:16,2
DA:17,1
DA:18,1
DA:19,1
DA:21,1
DA:22,0
DA:23,0
DA:26,1
DA:35,0
DA:36,0
DA:37,0
DA:38,0
DA:40,0
DA:41,0
DA:42,0
DA:45,0
DA:46,0
DA:48,0
DA:51,1
DA:52,1
DA:62,2
DA:63,0
DA:64,0
DA:66,0
DA:76,0
DA:78,0
DA:83,2
DA:84,0
DA:85,0
DA:87,0
DA:97,0
DA:99,0
DA:103,2
DA:104,0
DA:105,0
DA:107,0
DA:117,0
DA:119,0
DA:123,2
DA:124,0
DA:125,0
DA:127,0
DA:135,0
DA:136,0
DA:140,0
DA:141,0
DA:142,0
DA:143,0
DA:144,0
DA:147,0
DA:149,0
DA:152,2
DA:153,0
DA:154,0
DA:155,0
DA:156,0
DA:157,0
DA:159,0
DA:163,2
DA:180,0
DA:187,0
DA:190,0
DA:192,0
DA:204,1
DA:209,2
LF:71
LH:22
BRDA:13,0,0,2
BRDA:13,0,1,2
BRDA:21,1,0,0
BRDA:21,1,1,1
BRDA:40,2,0,0
BRDA:40,2,1,0
BRDA:135,3,0,0
BRDA:135,3,1,0
BRDA:141,4,0,0
BRDA:141,4,1,0
BRDA:167,5,0,0
BRDA:167,5,1,2
BRDA:184,6,0,0
BRDA:184,6,1,0
BRDA:186,7,0,0
BRDA:186,7,1,0
BRDA:189,8,0,0
BRDA:189,8,1,0
BRF:18
BRH:4
end_of_record
TN:
SF:src/pages/ChatPage.js
FN:17,ChatPage
FN:31,(anonymous_1)
FN:34,(anonymous_2)
FN:39,(anonymous_3)
FN:51,(anonymous_4)
FN:64,(anonymous_5)
FN:65,(anonymous_6)
FN:74,(anonymous_7)
FN:79,(anonymous_8)
FN:97,(anonymous_9)
FN:111,(anonymous_10)
FN:132,(anonymous_11)
FN:133,(anonymous_12)
FN:154,(anonymous_13)
FN:168,(anonymous_14)
FN:179,(anonymous_15)
FN:192,(anonymous_16)
FN:193,(anonymous_17)
FN:199,(anonymous_18)
FN:216,(anonymous_19)
FN:233,(anonymous_20)
FN:246,(anonymous_21)
FN:248,(anonymous_22)
FN:254,(anonymous_23)
FN:257,(anonymous_24)
FN:264,(anonymous_25)
FN:274,(anonymous_26)
FN:275,(anonymous_27)
FN:282,(anonymous_28)
FN:283,(anonymous_29)
FN:296,(anonymous_30)
FN:304,(anonymous_31)
FN:308,(anonymous_32)
FN:319,(anonymous_33)
FN:329,(anonymous_34)
FN:340,(anonymous_35)
FN:346,(anonymous_36)
FN:346,(anonymous_37)
FN:350,(anonymous_38)
FN:352,(anonymous_39)
FN:353,(anonymous_40)
FN:357,(anonymous_41)
FNF:42
FNH:0
FNDA:0,ChatPage
FNDA:0,(anonymous_1)
FNDA:0,(anonymous_2)
FNDA:0,(anonymous_3)
FNDA:0,(anonymous_4)
FNDA:0,(anonymous_5)
FNDA:0,(anonymous_6)
FNDA:0,(anonymous_7)
FNDA:0,(anonymous_8)
FNDA:0,(anonymous_9)
FNDA:0,(anonymous_10)
FNDA:0,(anonymous_11)
FNDA:0,(anonymous_12)
FNDA:0,(anonymous_13)
FNDA:0,(anonymous_14)
FNDA:0,(anonymous_15)
FNDA:0,(anonymous_16)
FNDA:0,(anonymous_17)
FNDA:0,(anonymous_18)
FNDA:0,(anonymous_19)
FNDA:0,(anonymous_20)
FNDA:0,(anonymous_21)
FNDA:0,(anonymous_22)
FNDA:0,(anonymous_23)
FNDA:0,(anonymous_24)
FNDA:0,(anonymous_25)
FNDA:0,(anonymous_26)
FNDA:0,(anonymous_27)
FNDA:0,(anonymous_28)
FNDA:0,(anonymous_29)
FNDA:0,(anonymous_30)
FNDA:0,(anonymous_31)
FNDA:0,(anonymous_32)
FNDA:0,(anonymous_33)
FNDA:0,(anonymous_34)
FNDA:0,(anonymous_35)
FNDA:0,(anonymous_36)
FNDA:0,(anonymous_37)
FNDA:0,(anonymous_38)
FNDA:0,(anonymous_39)
FNDA:0,(anonymous_40)
FNDA:0,(anonymous_41)
DA:15,1
DA:18,0
DA:19,0
DA:20,0
DA:21,0
DA:22,0
DA:23,0
DA:24,0
DA:25,0
DA:26,0
DA:27,0
DA:28,0
DA:31,0
DA:32,0
DA:34,0
DA:35,0
DA:36,0
DA:37,0
DA:39,0
DA:40,0
DA:47,0
DA:51,0
DA:52,0
DA:54,0
DA:56,0
DA:64,0
DA:65,0
DA:70,0
DA:71,0
DA:74,0
DA:79,0
DA:80,0
DA:82,0
DA:84,0
DA:97,0
DA:99,0
DA:101,0
DA:102,0
DA:104,0
DA:107,0
DA:111,0
DA:112,0
DA:114,0
DA:115,0
DA:117,0
DA:118,0
DA:119,0
DA:122,0
DA:123,0
DA:125,0
DA:126,0
DA:127,0
DA:130,0
DA:132,0
DA:133,0
DA:134,0
DA:140,0
DA:145,0
DA:147,0
DA:154,0
DA:155,0
DA:156,0
DA:159,0
DA:160,0
DA:166,0
DA:167,0
DA:168,0
DA:169,0
DA:171,0
DA:172,0
DA:173,0
DA:175,0
DA:179,0
DA:180,0
DA:182,0
DA:184,0
DA:185,0
DA:187,0
DA:188,0
DA:189,0
DA:192,0
DA:193,0
DA:194,0
DA:199,0
DA:204,0
DA:206,0
DA:209,0
DA:216,0
DA:217,0
DA:219,0
DA:221,0
DA:222,0
DA:224,0
DA:229,0
DA:234,0
DA:246,0
DA:249,0
DA:255,0
DA:257,0
DA:258,0
DA:265,0
DA:275,0
DA:283,0
DA:296,0
DA:304,0
DA:309,0
DA:310,0
DA:320,0
DA:329,0
DA:340,0
DA:346,0
DA:350,0
DA:352,0
DA:353,0
DA:357,0
LF:115
LH:1
BRDA:21,0,0,0
BRDA:21,0,1,0
BRDA:52,1,0,0
BRDA:52,1,1,0
BRDA:79,2,0,0
BRDA:80,3,0,0
BRDA:80,3,1,0
BRDA:80,4,0,0
BRDA:80,4,1,0
BRDA:90,5,0,0
BRDA:90,5,1,0
BRDA:117,6,0,0
BRDA:117,6,1,0
BRDA:125,7,0,0
BRDA:125,7,1,0
BRDA:134,8,0,0
BRDA:134,8,1,0
BRDA:155,9,0,0
BRDA:155,9,1,0
BRDA:162,10,0,0
BRDA:162,10,1,0
BRDA:180,11,0,0
BRDA:180,11,1,0
BRDA:180,12,0,0
BRDA:180,12,1,0
BRDA:180,12,2,0
BRDA:187,13,0,0
BRDA:187,13,1,0
BRDA:194,14,0,0
BRDA:194,14,1,0
BRDA:217,15,0,0
BRDA:217,15,1,0
BRDA:221,16,0,0
BRDA:221,16,1,0
BRDA:239,17,0,0
BRDA:239,17,1,0
BRDA:255,18,0,0
BRDA:255,18,1,0
BRDA:291,19,0,0
BRDA:291,19,1,0
BRDA:294,20,0,0
BRDA:294,20,1,0
BRDA:295,21,0,0
BRDA:295,21,1,0
BRDA:299,22,0,0
BRDA:299,22,1,0
BRDA:320,23,0,0
BRDA:320,23,1,0
BRDA:321,24,0,0
BRDA:321,24,1,0
BRDA:328,25,0,0
BRDA:328,25,1,0
BRDA:344,26,0,0
BRDA:344,26,1,0
BRF:54
BRH:0
end_of_record
TN:
SF:src/pages/LoginPage.js
FN:7,(anonymous_0)
FN:15,(anonymous_1)
FN:26,(anonymous_2)
FN:33,(anonymous_3)
FN:118,(anonymous_4)
FNF:5
FNH:4
FNDA:6,(anonymous_0)
FNDA:2,(anonymous_1)
FNDA:4,(anonymous_2)
FNDA:2,(anonymous_3)
FNDA:0,(anonymous_4)
DA:7,2
DA:8,6
DA:9,6
DA:15,6
DA:16,2
DA:17,2
DA:18,2
DA:19,2
DA:21,2
DA:22,2
DA:23,2
DA:26,6
DA:27,4
DA:33,6
DA:34,2
DA:36,2
DA:37,0
DA:38,0
DA:41,2
DA:42,2
DA:43,0
DA:44,0
DA:47,2
DA:48,2
DA:52,2
DA:54,2
DA:64,1
DA:65,0
DA:66,0
DA:67,0
DA:68,0
DA:69,0
DA:70,0
DA:72,1
DA:75,1
DA:76,1
DA:77,0
DA:81,6
DA:118,0
DA:124,2
LF:40
LH:28
BRDA:36,0,0,0
BRDA:36,0,1,2
BRDA:36,1,0,2
BRDA:36,1,1,2
BRDA:42,2,0,0
BRDA:42,2,1,2
BRDA:64,3,0,0
BRDA:64,3,1,1
BRDA:75,4,0,1
BRDA:75,4,1,1
BRDA:77,5,0,0
BRDA:77,5,1,0
BRDA:95,6,0,4
BRDA:95,6,1,2
BRDA:109,7,0,2
BRDA:109,7,1,4
BRF:16
BRH:11
end_of_record
TN:
SF:src/pages/MainPage.js
FN:7,(anonymous_0)
FNF:1
FNH:1
FNDA:1,(anonymous_0)
DA:7,1
DA:8,1
LF:2
LH:2
BRF:0
BRH:0
end_of_record
TN:
SF:src/pages/SignupPage.js
FN:7,(anonymous_0)
FN:21,(anonymous_1)
FN:34,(anonymous_2)
FN:41,(anonymous_3)
FN:254,(anonymous_4)
FNF:5
FNH:5
FNDA:318,(anonymous_0)
FNDA:9,(anonymous_1)
FNDA:309,(anonymous_2)
FNDA:8,(anonymous_3)
FNDA:1,(anonymous_4)
DA:7,2
DA:8,318
DA:9,318
DA:21,318
DA:22,9
DA:23,9
DA:24,9
DA:25,9
DA:27,9
DA:28,9
DA:29,9
DA:32,318
DA:34,318
DA:35,309
DA:41,318
DA:42,8
DA:44,8
DA:45,1
DA:46,0
DA:47,7
DA:48,7
DA:49,0
DA:50,0
DA:51,0
DA:52,0
DA:53,0
DA:54,0
DA:55,0
DA:56,0
DA:57,0
DA:58,0
DA:59,0
DA:60,0
DA:61,0
DA:62,0
DA:63,0
DA:64,0
DA:65,0
DA:66,0
DA:67,0
DA:71,0
DA:72,0
DA:74,0
DA:75,0
DA:78,0
DA:80,0
DA:81,0
DA:84,0
DA:86,0
DA:87,0
DA:90,0
DA:91,0
DA:101,0
DA:103,0
DA:104,0
DA:106,0
DA:108,0
DA:114,318
DA:254,1
DA:261,2
LF:60
LH:23
BRDA:44,0,0,1
BRDA:44,0,1,7
BRDA:47,1,0,7
BRDA:47,1,1,0
BRDA:50,2,0,0
BRDA:50,2,1,0
BRDA:53,3,0,0
BRDA:53,3,1,0
BRDA:56,4,0,0
BRDA:56,4,1,0
BRDA:59,5,0,0
BRDA:59,5,1,0
BRDA:62,6,0,0
BRDA:62,6,1,0
BRDA:65,7,0,0
BRDA:65,7,1,0
BRDA:72,8,0,0
BRDA:72,8,1,0
BRDA:78,9,0,0
BRDA:78,9,1,0
BRDA:84,10,0,0
BRDA:84,10,1,0
BRDA:106,11,0,0
BRDA:106,11,1,0
BRDA:129,12,0,309
BRDA:129,12,1,9
BRDA:144,13,0,0
BRDA:144,13,1,318
BRDA:158,14,0,0
BRDA:158,14,1,318
BRDA:174,15,0,253
BRDA:174,15,1,65
BRDA:188,16,0,0
BRDA:188,16,1,318
BRDA:229,17,0,144
BRDA:229,17,1,174
BRDA:243,18,0,73
BRDA:243,18,1,245
BRF:38
BRH:14
end_of_record
