{"/Users/yanshuyu/Desktop/TheChosenOnes-1/backend/src/controllers/adminController.js": {"path":"/Users/yanshuyu/Desktop/TheChosenOnes-1/backend/src/controllers/adminController.js","statementMap":{"0":{"start":{"line":1,"column":19},"end":{"line":1,"column":32}},"1":{"start":{"line":4,"column":15},"end":{"line":7,"column":2}},"2":{"start":{"line":10,"column":0},"end":{"line":12,"column":1}},"3":{"start":{"line":11,"column":4},"end":{"line":11,"column":21}},"4":{"start":{"line":14,"column":23},"end":{"line":49,"column":1}},"5":{"start":{"line":15,"column":23},"end":{"line":15,"column":31}},"6":{"start":{"line":17,"column":4},"end":{"line":48,"column":5}},"7":{"start":{"line":19,"column":31},"end":{"line":19,"column":101}},"8":{"start":{"line":20,"column":8},"end":{"line":22,"column":9}},"9":{"start":{"line":21,"column":12},"end":{"line":21,"column":69}},"10":{"start":{"line":25,"column":32},"end":{"line":25,"column":104}},"11":{"start":{"line":26,"column":8},"end":{"line":28,"column":9}},"12":{"start":{"line":27,"column":12},"end":{"line":27,"column":79}},"13":{"start":{"line":31,"column":33},"end":{"line":31,"column":118}},"14":{"start":{"line":33,"column":25},"end":{"line":33,"column":49}},"15":{"start":{"line":36,"column":8},"end":{"line":41,"column":11}},"16":{"start":{"line":43,"column":8},"end":{"line":43,"column":57}},"17":{"start":{"line":44,"column":8},"end":{"line":47,"column":11}},"18":{"start":{"line":52,"column":22},"end":{"line":102,"column":1}},"19":{"start":{"line":53,"column":4},"end":{"line":101,"column":5}},"20":{"start":{"line":55,"column":26},"end":{"line":55,"column":97}},"21":{"start":{"line":56,"column":32},"end":{"line":56,"column":109}},"22":{"start":{"line":57,"column":26},"end":{"line":57,"column":96}},"23":{"start":{"line":59,"column":26},"end":{"line":59,"column":63}},"24":{"start":{"line":60,"column":32},"end":{"line":60,"column":75}},"25":{"start":{"line":61,"column":26},"end":{"line":61,"column":63}},"26":{"start":{"line":64,"column":27},"end":{"line":64,"column":66}},"27":{"start":{"line":65,"column":31},"end":{"line":65,"column":95}},"28":{"start":{"line":68,"column":33},"end":{"line":73,"column":10}},"29":{"start":{"line":74,"column":33},"end":{"line":74,"column":77}},"30":{"start":{"line":77,"column":37},"end":{"line":83,"column":10}},"31":{"start":{"line":84,"column":32},"end":{"line":84,"column":115}},"32":{"start":{"line":87,"column":8},"end":{"line":94,"column":11}},"33":{"start":{"line":97,"column":8},"end":{"line":97,"column":60}},"34":{"start":{"line":98,"column":8},"end":{"line":100,"column":110}},"35":{"start":{"line":104,"column":0},"end":{"line":104,"column":51}}},"fnMap":{"0":{"name":"(anonymous_0)","decl":{"start":{"line":14,"column":23},"end":{"line":14,"column":24}},"loc":{"start":{"line":14,"column":43},"end":{"line":49,"column":1}},"line":14},"1":{"name":"(anonymous_1)","decl":{"start":{"line":52,"column":22},"end":{"line":52,"column":23}},"loc":{"start":{"line":52,"column":42},"end":{"line":102,"column":1}},"line":52}},"branchMap":{"0":{"loc":{"start":{"line":10,"column":0},"end":{"line":12,"column":1}},"type":"if","locations":[{"start":{"line":10,"column":0},"end":{"line":12,"column":1}},{"start":{},"end":{}}],"line":10},"1":{"loc":{"start":{"line":20,"column":8},"end":{"line":22,"column":9}},"type":"if","locations":[{"start":{"line":20,"column":8},"end":{"line":22,"column":9}},{"start":{},"end":{}}],"line":20},"2":{"loc":{"start":{"line":26,"column":8},"end":{"line":28,"column":9}},"type":"if","locations":[{"start":{"line":26,"column":8},"end":{"line":28,"column":9}},{"start":{},"end":{}}],"line":26},"3":{"loc":{"start":{"line":65,"column":31},"end":{"line":65,"column":95}},"type":"cond-expr","locations":[{"start":{"line":65,"column":48},"end":{"line":65,"column":91}},{"start":{"line":65,"column":94},"end":{"line":65,"column":95}}],"line":65},"4":{"loc":{"start":{"line":84,"column":32},"end":{"line":84,"column":115}},"type":"cond-expr","locations":[{"start":{"line":84,"column":71},"end":{"line":84,"column":108}},{"start":{"line":84,"column":111},"end":{"line":84,"column":115}}],"line":84}},"s":{"0":2,"1":2,"2":2,"3":0,"4":2,"5":3,"6":3,"7":3,"8":3,"9":1,"10":2,"11":2,"12":1,"13":1,"14":1,"15":1,"16":0,"17":0,"18":2,"19":4,"20":4,"21":3,"22":3,"23":3,"24":3,"25":3,"26":3,"27":3,"28":3,"29":3,"30":3,"31":3,"32":3,"33":1,"34":1,"35":2},"f":{"0":3,"1":4},"b":{"0":[0,2],"1":[1,2],"2":[1,1],"3":[2,1],"4":[1,2]},"_coverageSchema":"1a1c01bbd47fc00a2c39e90264f33305004495a9","hash":"c9f56dd1a986c2e8ae3a5fdbbcad2b000721f0ae"}
,"/Users/yanshuyu/Desktop/TheChosenOnes-1/backend/src/controllers/authController.js": {"path":"/Users/yanshuyu/Desktop/TheChosenOnes-1/backend/src/controllers/authController.js","statementMap":{"0":{"start":{"line":4,"column":15},"end":{"line":4,"column":34}},"1":{"start":{"line":5,"column":15},"end":{"line":5,"column":32}},"2":{"start":{"line":6,"column":21},"end":{"line":6,"column":44}},"3":{"start":{"line":7,"column":17},"end":{"line":7,"column":37}},"4":{"start":{"line":8,"column":16},"end":{"line":8,"column":37}},"5":{"start":{"line":9,"column":19},"end":{"line":9,"column":32}},"6":{"start":{"line":12,"column":15},"end":{"line":15,"column":2}},"7":{"start":{"line":18,"column":0},"end":{"line":20,"column":1}},"8":{"start":{"line":19,"column":4},"end":{"line":19,"column":21}},"9":{"start":{"line":23,"column":16},"end":{"line":23,"column":37}},"10":{"start":{"line":24,"column":11},"end":{"line":24,"column":99}},"11":{"start":{"line":26,"column":18},"end":{"line":55,"column":1}},"12":{"start":{"line":27,"column":30},"end":{"line":27,"column":38}},"13":{"start":{"line":29,"column":4},"end":{"line":54,"column":5}},"14":{"start":{"line":31,"column":8},"end":{"line":33,"column":9}},"15":{"start":{"line":32,"column":12},"end":{"line":32,"column":67}},"16":{"start":{"line":35,"column":25},"end":{"line":35,"column":92}},"17":{"start":{"line":36,"column":8},"end":{"line":38,"column":9}},"18":{"start":{"line":37,"column":12},"end":{"line":37,"column":72}},"19":{"start":{"line":41,"column":21},"end":{"line":41,"column":37}},"20":{"start":{"line":42,"column":24},"end":{"line":42,"column":69}},"21":{"start":{"line":43,"column":8},"end":{"line":45,"column":9}},"22":{"start":{"line":44,"column":12},"end":{"line":44,"column":72}},"23":{"start":{"line":48,"column":22},"end":{"line":48,"column":106}},"24":{"start":{"line":50,"column":8},"end":{"line":50,"column":45}},"25":{"start":{"line":52,"column":8},"end":{"line":52,"column":52}},"26":{"start":{"line":53,"column":8},"end":{"line":53,"column":70}},"27":{"start":{"line":57,"column":29},"end":{"line":100,"column":1}},"28":{"start":{"line":58,"column":20},"end":{"line":58,"column":28}},"29":{"start":{"line":60,"column":2},"end":{"line":99,"column":3}},"30":{"start":{"line":61,"column":22},"end":{"line":61,"column":89}},"31":{"start":{"line":62,"column":4},"end":{"line":64,"column":5}},"32":{"start":{"line":63,"column":6},"end":{"line":63,"column":63}},"33":{"start":{"line":66,"column":17},"end":{"line":66,"column":34}},"34":{"start":{"line":67,"column":18},"end":{"line":67,"column":56}},"35":{"start":{"line":68,"column":23},"end":{"line":68,"column":43}},"36":{"start":{"line":70,"column":4},"end":{"line":73,"column":6}},"37":{"start":{"line":76,"column":17},"end":{"line":84,"column":5}},"38":{"start":{"line":87,"column":4},"end":{"line":95,"column":9}},"39":{"start":{"line":89,"column":8},"end":{"line":89,"column":26}},"40":{"start":{"line":90,"column":8},"end":{"line":90,"column":71}},"41":{"start":{"line":93,"column":8},"end":{"line":93,"column":53}},"42":{"start":{"line":94,"column":8},"end":{"line":94,"column":63}},"43":{"start":{"line":97,"column":4},"end":{"line":97,"column":59}},"44":{"start":{"line":98,"column":4},"end":{"line":98,"column":85}},"45":{"start":{"line":102,"column":22},"end":{"line":127,"column":1}},"46":{"start":{"line":103,"column":33},"end":{"line":103,"column":41}},"47":{"start":{"line":105,"column":2},"end":{"line":126,"column":3}},"48":{"start":{"line":106,"column":22},"end":{"line":109,"column":5}},"49":{"start":{"line":111,"column":4},"end":{"line":113,"column":5}},"50":{"start":{"line":112,"column":6},"end":{"line":112,"column":95}},"51":{"start":{"line":115,"column":17},"end":{"line":115,"column":34}},"52":{"start":{"line":116,"column":17},"end":{"line":116,"column":41}},"53":{"start":{"line":117,"column":27},"end":{"line":117,"column":63}},"54":{"start":{"line":119,"column":4},"end":{"line":119,"column":108}},"55":{"start":{"line":120,"column":4},"end":{"line":120,"column":89}},"56":{"start":{"line":122,"column":4},"end":{"line":122,"column":65}},"57":{"start":{"line":124,"column":4},"end":{"line":124,"column":52}},"58":{"start":{"line":125,"column":4},"end":{"line":125,"column":85}},"59":{"start":{"line":130,"column":0},"end":{"line":130,"column":68}}},"fnMap":{"0":{"name":"(anonymous_0)","decl":{"start":{"line":26,"column":18},"end":{"line":26,"column":19}},"loc":{"start":{"line":26,"column":37},"end":{"line":55,"column":1}},"line":26},"1":{"name":"(anonymous_1)","decl":{"start":{"line":57,"column":29},"end":{"line":57,"column":30}},"loc":{"start":{"line":57,"column":49},"end":{"line":100,"column":1}},"line":57},"2":{"name":"(anonymous_2)","decl":{"start":{"line":88,"column":12},"end":{"line":88,"column":13}},"loc":{"start":{"line":88,"column":20},"end":{"line":91,"column":7}},"line":88},"3":{"name":"(anonymous_3)","decl":{"start":{"line":92,"column":13},"end":{"line":92,"column":14}},"loc":{"start":{"line":92,"column":22},"end":{"line":95,"column":7}},"line":92},"4":{"name":"(anonymous_4)","decl":{"start":{"line":102,"column":22},"end":{"line":102,"column":23}},"loc":{"start":{"line":102,"column":42},"end":{"line":127,"column":1}},"line":102}},"branchMap":{"0":{"loc":{"start":{"line":18,"column":0},"end":{"line":20,"column":1}},"type":"if","locations":[{"start":{"line":18,"column":0},"end":{"line":20,"column":1}},{"start":{},"end":{}}],"line":18},"1":{"loc":{"start":{"line":24,"column":49},"end":{"line":24,"column":97}},"type":"binary-expr","locations":[{"start":{"line":24,"column":49},"end":{"line":24,"column":76}},{"start":{"line":24,"column":80},"end":{"line":24,"column":97}}],"line":24},"2":{"loc":{"start":{"line":31,"column":8},"end":{"line":33,"column":9}},"type":"if","locations":[{"start":{"line":31,"column":8},"end":{"line":33,"column":9}},{"start":{},"end":{}}],"line":31},"3":{"loc":{"start":{"line":31,"column":12},"end":{"line":31,"column":31}},"type":"binary-expr","locations":[{"start":{"line":31,"column":12},"end":{"line":31,"column":18}},{"start":{"line":31,"column":22},"end":{"line":31,"column":31}}],"line":31},"4":{"loc":{"start":{"line":36,"column":8},"end":{"line":38,"column":9}},"type":"if","locations":[{"start":{"line":36,"column":8},"end":{"line":38,"column":9}},{"start":{},"end":{}}],"line":36},"5":{"loc":{"start":{"line":36,"column":12},"end":{"line":36,"column":56}},"type":"binary-expr","locations":[{"start":{"line":36,"column":12},"end":{"line":36,"column":26}},{"start":{"line":36,"column":30},"end":{"line":36,"column":56}}],"line":36},"6":{"loc":{"start":{"line":43,"column":8},"end":{"line":45,"column":9}},"type":"if","locations":[{"start":{"line":43,"column":8},"end":{"line":45,"column":9}},{"start":{},"end":{}}],"line":43},"7":{"loc":{"start":{"line":62,"column":4},"end":{"line":64,"column":5}},"type":"if","locations":[{"start":{"line":62,"column":4},"end":{"line":64,"column":5}},{"start":{},"end":{}}],"line":62},"8":{"loc":{"start":{"line":111,"column":4},"end":{"line":113,"column":5}},"type":"if","locations":[{"start":{"line":111,"column":4},"end":{"line":113,"column":5}},{"start":{},"end":{}}],"line":111}},"s":{"0":1,"1":1,"2":1,"3":1,"4":1,"5":1,"6":1,"7":1,"8":0,"9":1,"10":1,"11":1,"12":4,"13":4,"14":4,"15":1,"16":3,"17":3,"18":1,"19":2,"20":2,"21":2,"22":1,"23":1,"24":1,"25":0,"26":0,"27":1,"28":0,"29":0,"30":0,"31":0,"32":0,"33":0,"34":0,"35":0,"36":0,"37":0,"38":0,"39":0,"40":0,"41":0,"42":0,"43":0,"44":0,"45":1,"46":2,"47":2,"48":2,"49":2,"50":1,"51":1,"52":1,"53":1,"54":1,"55":1,"56":1,"57":0,"58":0,"59":1},"f":{"0":4,"1":0,"2":0,"3":0,"4":2},"b":{"0":[0,1],"1":[1,1],"2":[1,3],"3":[4,3],"4":[1,2],"5":[3,3],"6":[1,1],"7":[0,0],"8":[1,1]},"_coverageSchema":"1a1c01bbd47fc00a2c39e90264f33305004495a9","hash":"923513d02676e25f7b9441290024a89ae7ba89d9"}
,"/Users/yanshuyu/Desktop/TheChosenOnes-1/backend/src/controllers/messageController.js": {"path":"/Users/yanshuyu/Desktop/TheChosenOnes-1/backend/src/controllers/messageController.js","statementMap":{"0":{"start":{"line":1,"column":0},"end":{"line":21,"column":2}},"1":{"start":{"line":1,"column":30},"end":{"line":21,"column":1}},"2":{"start":{"line":2,"column":52},"end":{"line":2,"column":60}},"3":{"start":{"line":4,"column":2},"end":{"line":6,"column":3}},"4":{"start":{"line":5,"column":4},"end":{"line":5,"column":70}},"5":{"start":{"line":8,"column":2},"end":{"line":20,"column":3}},"6":{"start":{"line":9,"column":23},"end":{"line":15,"column":6}},"7":{"start":{"line":17,"column":4},"end":{"line":17,"column":74}},"8":{"start":{"line":19,"column":4},"end":{"line":19,"column":51}},"9":{"start":{"line":23,"column":0},"end":{"line":42,"column":2}},"10":{"start":{"line":23,"column":30},"end":{"line":42,"column":1}},"11":{"start":{"line":24,"column":21},"end":{"line":24,"column":31}},"12":{"start":{"line":26,"column":2},"end":{"line":41,"column":3}},"13":{"start":{"line":27,"column":29},"end":{"line":31,"column":12}},"14":{"start":{"line":33,"column":21},"end":{"line":36,"column":7}},"15":{"start":{"line":33,"column":57},"end":{"line":36,"column":5}},"16":{"start":{"line":38,"column":4},"end":{"line":38,"column":35}},"17":{"start":{"line":40,"column":4},"end":{"line":40,"column":51}},"18":{"start":{"line":44,"column":0},"end":{"line":72,"column":2}},"19":{"start":{"line":44,"column":30},"end":{"line":72,"column":1}},"20":{"start":{"line":45,"column":24},"end":{"line":45,"column":34}},"21":{"start":{"line":46,"column":21},"end":{"line":46,"column":29}},"22":{"start":{"line":48,"column":2},"end":{"line":71,"column":3}},"23":{"start":{"line":49,"column":23},"end":{"line":49,"column":63}},"24":{"start":{"line":50,"column":23},"end":{"line":50,"column":45}},"25":{"start":{"line":52,"column":4},"end":{"line":54,"column":5}},"26":{"start":{"line":53,"column":6},"end":{"line":53,"column":66}},"27":{"start":{"line":56,"column":24},"end":{"line":56,"column":41}},"28":{"start":{"line":57,"column":20},"end":{"line":57,"column":45}},"29":{"start":{"line":59,"column":4},"end":{"line":61,"column":5}},"30":{"start":{"line":60,"column":6},"end":{"line":60,"column":80}},"31":{"start":{"line":63,"column":4},"end":{"line":66,"column":7}},"32":{"start":{"line":68,"column":4},"end":{"line":68,"column":56}},"33":{"start":{"line":70,"column":4},"end":{"line":70,"column":51}}},"fnMap":{"0":{"name":"(anonymous_0)","decl":{"start":{"line":1,"column":22},"end":{"line":1,"column":23}},"loc":{"start":{"line":1,"column":30},"end":{"line":21,"column":1}},"line":1},"1":{"name":"(anonymous_1)","decl":{"start":{"line":1,"column":30},"end":{"line":1,"column":31}},"loc":{"start":{"line":1,"column":50},"end":{"line":21,"column":1}},"line":1},"2":{"name":"(anonymous_2)","decl":{"start":{"line":23,"column":22},"end":{"line":23,"column":23}},"loc":{"start":{"line":23,"column":30},"end":{"line":42,"column":1}},"line":23},"3":{"name":"(anonymous_3)","decl":{"start":{"line":23,"column":30},"end":{"line":23,"column":31}},"loc":{"start":{"line":23,"column":50},"end":{"line":42,"column":1}},"line":23},"4":{"name":"(anonymous_4)","decl":{"start":{"line":33,"column":47},"end":{"line":33,"column":48}},"loc":{"start":{"line":33,"column":57},"end":{"line":36,"column":5}},"line":33},"5":{"name":"(anonymous_5)","decl":{"start":{"line":44,"column":22},"end":{"line":44,"column":23}},"loc":{"start":{"line":44,"column":30},"end":{"line":72,"column":1}},"line":44},"6":{"name":"(anonymous_6)","decl":{"start":{"line":44,"column":30},"end":{"line":44,"column":31}},"loc":{"start":{"line":44,"column":50},"end":{"line":72,"column":1}},"line":44}},"branchMap":{"0":{"loc":{"start":{"line":2,"column":34},"end":{"line":2,"column":47}},"type":"default-arg","locations":[{"start":{"line":2,"column":45},"end":{"line":2,"column":47}}],"line":2},"1":{"loc":{"start":{"line":4,"column":2},"end":{"line":6,"column":3}},"type":"if","locations":[{"start":{"line":4,"column":2},"end":{"line":6,"column":3}},{"start":{},"end":{}}],"line":4},"2":{"loc":{"start":{"line":4,"column":6},"end":{"line":4,"column":31}},"type":"binary-expr","locations":[{"start":{"line":4,"column":6},"end":{"line":4,"column":18}},{"start":{"line":4,"column":22},"end":{"line":4,"column":31}}],"line":4},"3":{"loc":{"start":{"line":52,"column":4},"end":{"line":54,"column":5}},"type":"if","locations":[{"start":{"line":52,"column":4},"end":{"line":54,"column":5}},{"start":{},"end":{}}],"line":52},"4":{"loc":{"start":{"line":57,"column":20},"end":{"line":57,"column":45}},"type":"binary-expr","locations":[{"start":{"line":57,"column":20},"end":{"line":57,"column":39}},{"start":{"line":57,"column":43},"end":{"line":57,"column":45}}],"line":57},"5":{"loc":{"start":{"line":59,"column":4},"end":{"line":61,"column":5}},"type":"if","locations":[{"start":{"line":59,"column":4},"end":{"line":61,"column":5}},{"start":{},"end":{}}],"line":59}},"s":{"0":1,"1":1,"2":2,"3":2,"4":1,"5":1,"6":1,"7":0,"8":1,"9":1,"10":1,"11":1,"12":1,"13":1,"14":1,"15":0,"16":0,"17":1,"18":1,"19":1,"20":1,"21":1,"22":1,"23":1,"24":1,"25":1,"26":0,"27":0,"28":0,"29":0,"30":0,"31":0,"32":0,"33":1},"f":{"0":1,"1":2,"2":1,"3":1,"4":0,"5":1,"6":1},"b":{"0":[2],"1":[1,1],"2":[2,1],"3":[0,0],"4":[0,0],"5":[0,0]},"_coverageSchema":"1a1c01bbd47fc00a2c39e90264f33305004495a9","hash":"39420274006cd7fd1797bc98b1087a7d8395a4e6"}
,"/Users/yanshuyu/Desktop/TheChosenOnes-1/backend/src/controllers/taskController.js": {"path":"/Users/yanshuyu/Desktop/TheChosenOnes-1/backend/src/controllers/taskController.js","statementMap":{"0":{"start":{"line":2,"column":19},"end":{"line":2,"column":32}},"1":{"start":{"line":3,"column":15},"end":{"line":3,"column":32}},"2":{"start":{"line":6,"column":15},"end":{"line":9,"column":2}},"3":{"start":{"line":12,"column":0},"end":{"line":14,"column":1}},"4":{"start":{"line":13,"column":2},"end":{"line":13,"column":19}},"5":{"start":{"line":17,"column":17},"end":{"line":30,"column":1}},"6":{"start":{"line":18,"column":2},"end":{"line":29,"column":3}},"7":{"start":{"line":19,"column":19},"end":{"line":19,"column":60}},"8":{"start":{"line":21,"column":4},"end":{"line":23,"column":5}},"9":{"start":{"line":22,"column":6},"end":{"line":22,"column":66}},"10":{"start":{"line":25,"column":4},"end":{"line":25,"column":49}},"11":{"start":{"line":27,"column":4},"end":{"line":27,"column":47}},"12":{"start":{"line":28,"column":4},"end":{"line":28,"column":61}},"13":{"start":{"line":33,"column":19},"end":{"line":58,"column":1}},"14":{"start":{"line":34,"column":2},"end":{"line":57,"column":3}},"15":{"start":{"line":35,"column":115},"end":{"line":35,"column":123}},"16":{"start":{"line":37,"column":4},"end":{"line":40,"column":5}},"17":{"start":{"line":38,"column":6},"end":{"line":38,"column":56}},"18":{"start":{"line":39,"column":6},"end":{"line":39,"column":88}},"19":{"start":{"line":42,"column":19},"end":{"line":45,"column":5}},"20":{"start":{"line":47,"column":4},"end":{"line":50,"column":5}},"21":{"start":{"line":48,"column":6},"end":{"line":48,"column":52}},"22":{"start":{"line":49,"column":6},"end":{"line":49,"column":71}},"23":{"start":{"line":52,"column":4},"end":{"line":52,"column":49}},"24":{"start":{"line":53,"column":4},"end":{"line":53,"column":89}},"25":{"start":{"line":55,"column":4},"end":{"line":55,"column":90}},"26":{"start":{"line":56,"column":4},"end":{"line":56,"column":76}},"27":{"start":{"line":61,"column":19},"end":{"line":83,"column":1}},"28":{"start":{"line":62,"column":2},"end":{"line":82,"column":3}},"29":{"start":{"line":63,"column":23},"end":{"line":63,"column":33}},"30":{"start":{"line":66,"column":22},"end":{"line":66,"column":87}},"31":{"start":{"line":67,"column":4},"end":{"line":69,"column":5}},"32":{"start":{"line":68,"column":6},"end":{"line":68,"column":65}},"33":{"start":{"line":71,"column":26},"end":{"line":71,"column":51}},"34":{"start":{"line":73,"column":24},"end":{"line":76,"column":5}},"35":{"start":{"line":78,"column":4},"end":{"line":78,"column":113}},"36":{"start":{"line":80,"column":4},"end":{"line":80,"column":49}},"37":{"start":{"line":81,"column":4},"end":{"line":81,"column":61}},"38":{"start":{"line":85,"column":17},"end":{"line":119,"column":1}},"39":{"start":{"line":86,"column":2},"end":{"line":118,"column":3}},"40":{"start":{"line":87,"column":23},"end":{"line":87,"column":33}},"41":{"start":{"line":88,"column":26},"end":{"line":88,"column":34}},"42":{"start":{"line":89,"column":24},"end":{"line":89,"column":54}},"43":{"start":{"line":92,"column":23},"end":{"line":92,"column":88}},"44":{"start":{"line":93,"column":4},"end":{"line":95,"column":5}},"45":{"start":{"line":94,"column":6},"end":{"line":94,"column":65}},"46":{"start":{"line":97,"column":17},"end":{"line":97,"column":35}},"47":{"start":{"line":98,"column":4},"end":{"line":100,"column":5}},"48":{"start":{"line":99,"column":6},"end":{"line":99,"column":85}},"49":{"start":{"line":102,"column":25},"end":{"line":102,"column":57}},"50":{"start":{"line":103,"column":21},"end":{"line":103,"column":79}},"51":{"start":{"line":105,"column":4},"end":{"line":107,"column":5}},"52":{"start":{"line":106,"column":6},"end":{"line":106,"column":75}},"53":{"start":{"line":109,"column":24},"end":{"line":112,"column":5}},"54":{"start":{"line":114,"column":4},"end":{"line":114,"column":92}},"55":{"start":{"line":116,"column":4},"end":{"line":116,"column":47}},"56":{"start":{"line":117,"column":4},"end":{"line":117,"column":61}},"57":{"start":{"line":122,"column":19},"end":{"line":159,"column":1}},"58":{"start":{"line":123,"column":2},"end":{"line":158,"column":3}},"59":{"start":{"line":124,"column":95},"end":{"line":124,"column":103}},"60":{"start":{"line":125,"column":23},"end":{"line":125,"column":33}},"61":{"start":{"line":126,"column":4},"end":{"line":129,"column":5}},"62":{"start":{"line":127,"column":6},"end":{"line":127,"column":52}},"63":{"start":{"line":128,"column":6},"end":{"line":128,"column":77}},"64":{"start":{"line":130,"column":22},"end":{"line":130,"column":92}},"65":{"start":{"line":133,"column":4},"end":{"line":136,"column":5}},"66":{"start":{"line":134,"column":6},"end":{"line":134,"column":57}},"67":{"start":{"line":135,"column":6},"end":{"line":135,"column":65}},"68":{"start":{"line":138,"column":17},"end":{"line":138,"column":34}},"69":{"start":{"line":140,"column":4},"end":{"line":142,"column":5}},"70":{"start":{"line":141,"column":6},"end":{"line":141,"column":88}},"71":{"start":{"line":144,"column":19},"end":{"line":147,"column":5}},"72":{"start":{"line":149,"column":4},"end":{"line":151,"column":5}},"73":{"start":{"line":150,"column":6},"end":{"line":150,"column":72}},"74":{"start":{"line":153,"column":4},"end":{"line":153,"column":43}},"75":{"start":{"line":154,"column":4},"end":{"line":154,"column":89}},"76":{"start":{"line":156,"column":4},"end":{"line":156,"column":49}},"77":{"start":{"line":157,"column":4},"end":{"line":157,"column":61}},"78":{"start":{"line":162,"column":25},"end":{"line":176,"column":1}},"79":{"start":{"line":163,"column":2},"end":{"line":175,"column":3}},"80":{"start":{"line":164,"column":23},"end":{"line":164,"column":33}},"81":{"start":{"line":165,"column":19},"end":{"line":165,"column":89}},"82":{"start":{"line":167,"column":4},"end":{"line":169,"column":5}},"83":{"start":{"line":168,"column":6},"end":{"line":168,"column":89}},"84":{"start":{"line":171,"column":4},"end":{"line":171,"column":57}},"85":{"start":{"line":173,"column":4},"end":{"line":173,"column":55}},"86":{"start":{"line":174,"column":4},"end":{"line":174,"column":61}},"87":{"start":{"line":179,"column":27},"end":{"line":208,"column":1}},"88":{"start":{"line":180,"column":21},"end":{"line":180,"column":31}},"89":{"start":{"line":181,"column":61},"end":{"line":181,"column":69}},"90":{"start":{"line":183,"column":2},"end":{"line":207,"column":3}},"91":{"start":{"line":184,"column":19},"end":{"line":184,"column":89}},"92":{"start":{"line":186,"column":4},"end":{"line":188,"column":5}},"93":{"start":{"line":187,"column":6},"end":{"line":187,"column":65}},"94":{"start":{"line":190,"column":17},"end":{"line":190,"column":31}},"95":{"start":{"line":192,"column":4},"end":{"line":194,"column":5}},"96":{"start":{"line":193,"column":6},"end":{"line":193,"column":88}},"97":{"start":{"line":196,"column":24},"end":{"line":199,"column":5}},"98":{"start":{"line":203,"column":4},"end":{"line":203,"column":94}},"99":{"start":{"line":205,"column":4},"end":{"line":205,"column":57}},"100":{"start":{"line":206,"column":4},"end":{"line":206,"column":61}},"101":{"start":{"line":211,"column":19},"end":{"line":228,"column":1}},"102":{"start":{"line":212,"column":2},"end":{"line":227,"column":3}},"103":{"start":{"line":213,"column":23},"end":{"line":213,"column":33}},"104":{"start":{"line":215,"column":19},"end":{"line":215,"column":94}},"105":{"start":{"line":217,"column":4},"end":{"line":220,"column":5}},"106":{"start":{"line":218,"column":6},"end":{"line":218,"column":55}},"107":{"start":{"line":219,"column":6},"end":{"line":219,"column":65}},"108":{"start":{"line":222,"column":4},"end":{"line":222,"column":43}},"109":{"start":{"line":223,"column":4},"end":{"line":223,"column":67}},"110":{"start":{"line":225,"column":4},"end":{"line":225,"column":49}},"111":{"start":{"line":226,"column":4},"end":{"line":226,"column":76}},"112":{"start":{"line":231,"column":26},"end":{"line":239,"column":1}},"113":{"start":{"line":232,"column":21},"end":{"line":232,"column":31}},"114":{"start":{"line":233,"column":22},"end":{"line":233,"column":30}},"115":{"start":{"line":234,"column":2},"end":{"line":236,"column":3}},"116":{"start":{"line":235,"column":4},"end":{"line":235,"column":83}},"117":{"start":{"line":238,"column":2},"end":{"line":238,"column":82}},"118":{"start":{"line":242,"column":24},"end":{"line":246,"column":1}},"119":{"start":{"line":243,"column":21},"end":{"line":243,"column":31}},"120":{"start":{"line":245,"column":2},"end":{"line":245,"column":101}},"121":{"start":{"line":249,"column":28},"end":{"line":256,"column":1}},"122":{"start":{"line":250,"column":22},"end":{"line":250,"column":30}},"123":{"start":{"line":251,"column":2},"end":{"line":253,"column":3}},"124":{"start":{"line":252,"column":4},"end":{"line":252,"column":83}},"125":{"start":{"line":255,"column":2},"end":{"line":255,"column":83}},"126":{"start":{"line":259,"column":25},"end":{"line":300,"column":1}},"127":{"start":{"line":260,"column":2},"end":{"line":299,"column":3}},"128":{"start":{"line":261,"column":50},"end":{"line":261,"column":59}},"129":{"start":{"line":263,"column":16},"end":{"line":263,"column":47}},"130":{"start":{"line":264,"column":19},"end":{"line":264,"column":21}},"131":{"start":{"line":265,"column":21},"end":{"line":265,"column":22}},"132":{"start":{"line":268,"column":4},"end":{"line":272,"column":5}},"133":{"start":{"line":269,"column":31},"end":{"line":269,"column":67}},"134":{"start":{"line":270,"column":6},"end":{"line":270,"column":50}},"135":{"start":{"line":271,"column":6},"end":{"line":271,"column":36}},"136":{"start":{"line":275,"column":4},"end":{"line":278,"column":5}},"137":{"start":{"line":276,"column":6},"end":{"line":276,"column":49}},"138":{"start":{"line":277,"column":6},"end":{"line":277,"column":26}},"139":{"start":{"line":280,"column":4},"end":{"line":283,"column":5}},"140":{"start":{"line":281,"column":6},"end":{"line":281,"column":50}},"141":{"start":{"line":282,"column":6},"end":{"line":282,"column":28}},"142":{"start":{"line":285,"column":4},"end":{"line":288,"column":5}},"143":{"start":{"line":286,"column":6},"end":{"line":286,"column":48}},"144":{"start":{"line":287,"column":6},"end":{"line":287,"column":26}},"145":{"start":{"line":291,"column":19},"end":{"line":291,"column":52}},"146":{"start":{"line":294,"column":4},"end":{"line":294,"column":47}},"147":{"start":{"line":298,"column":4},"end":{"line":298,"column":83}},"148":{"start":{"line":302,"column":0},"end":{"line":315,"column":2}}},"fnMap":{"0":{"name":"(anonymous_0)","decl":{"start":{"line":17,"column":17},"end":{"line":17,"column":18}},"loc":{"start":{"line":17,"column":37},"end":{"line":30,"column":1}},"line":17},"1":{"name":"(anonymous_1)","decl":{"start":{"line":33,"column":19},"end":{"line":33,"column":20}},"loc":{"start":{"line":33,"column":39},"end":{"line":58,"column":1}},"line":33},"2":{"name":"(anonymous_2)","decl":{"start":{"line":61,"column":19},"end":{"line":61,"column":20}},"loc":{"start":{"line":61,"column":39},"end":{"line":83,"column":1}},"line":61},"3":{"name":"(anonymous_3)","decl":{"start":{"line":85,"column":17},"end":{"line":85,"column":18}},"loc":{"start":{"line":85,"column":37},"end":{"line":119,"column":1}},"line":85},"4":{"name":"(anonymous_4)","decl":{"start":{"line":122,"column":19},"end":{"line":122,"column":20}},"loc":{"start":{"line":122,"column":39},"end":{"line":159,"column":1}},"line":122},"5":{"name":"(anonymous_5)","decl":{"start":{"line":162,"column":25},"end":{"line":162,"column":26}},"loc":{"start":{"line":162,"column":45},"end":{"line":176,"column":1}},"line":162},"6":{"name":"(anonymous_6)","decl":{"start":{"line":179,"column":27},"end":{"line":179,"column":28}},"loc":{"start":{"line":179,"column":47},"end":{"line":208,"column":1}},"line":179},"7":{"name":"(anonymous_7)","decl":{"start":{"line":211,"column":19},"end":{"line":211,"column":20}},"loc":{"start":{"line":211,"column":39},"end":{"line":228,"column":1}},"line":211},"8":{"name":"(anonymous_8)","decl":{"start":{"line":231,"column":26},"end":{"line":231,"column":27}},"loc":{"start":{"line":231,"column":46},"end":{"line":239,"column":1}},"line":231},"9":{"name":"(anonymous_9)","decl":{"start":{"line":242,"column":24},"end":{"line":242,"column":25}},"loc":{"start":{"line":242,"column":44},"end":{"line":246,"column":1}},"line":242},"10":{"name":"(anonymous_10)","decl":{"start":{"line":249,"column":28},"end":{"line":249,"column":29}},"loc":{"start":{"line":249,"column":48},"end":{"line":256,"column":1}},"line":249},"11":{"name":"(anonymous_11)","decl":{"start":{"line":259,"column":25},"end":{"line":259,"column":26}},"loc":{"start":{"line":259,"column":45},"end":{"line":300,"column":1}},"line":259}},"branchMap":{"0":{"loc":{"start":{"line":12,"column":0},"end":{"line":14,"column":1}},"type":"if","locations":[{"start":{"line":12,"column":0},"end":{"line":14,"column":1}},{"start":{},"end":{}}],"line":12},"1":{"loc":{"start":{"line":21,"column":4},"end":{"line":23,"column":5}},"type":"if","locations":[{"start":{"line":21,"column":4},"end":{"line":23,"column":5}},{"start":{},"end":{}}],"line":21},"2":{"loc":{"start":{"line":37,"column":4},"end":{"line":40,"column":5}},"type":"if","locations":[{"start":{"line":37,"column":4},"end":{"line":40,"column":5}},{"start":{},"end":{}}],"line":37},"3":{"loc":{"start":{"line":37,"column":8},"end":{"line":37,"column":84}},"type":"binary-expr","locations":[{"start":{"line":37,"column":8},"end":{"line":37,"column":14}},{"start":{"line":37,"column":18},"end":{"line":37,"column":30}},{"start":{"line":37,"column":34},"end":{"line":37,"column":43}},{"start":{"line":37,"column":47},"end":{"line":37,"column":56}},{"start":{"line":37,"column":60},"end":{"line":37,"column":71}},{"start":{"line":37,"column":75},"end":{"line":37,"column":84}}],"line":37},"4":{"loc":{"start":{"line":47,"column":4},"end":{"line":50,"column":5}},"type":"if","locations":[{"start":{"line":47,"column":4},"end":{"line":50,"column":5}},{"start":{},"end":{}}],"line":47},"5":{"loc":{"start":{"line":47,"column":8},"end":{"line":47,"column":59}},"type":"binary-expr","locations":[{"start":{"line":47,"column":8},"end":{"line":47,"column":15}},{"start":{"line":47,"column":19},"end":{"line":47,"column":31}},{"start":{"line":47,"column":35},"end":{"line":47,"column":59}}],"line":47},"6":{"loc":{"start":{"line":67,"column":4},"end":{"line":69,"column":5}},"type":"if","locations":[{"start":{"line":67,"column":4},"end":{"line":69,"column":5}},{"start":{},"end":{}}],"line":67},"7":{"loc":{"start":{"line":93,"column":4},"end":{"line":95,"column":5}},"type":"if","locations":[{"start":{"line":93,"column":4},"end":{"line":95,"column":5}},{"start":{},"end":{}}],"line":93},"8":{"loc":{"start":{"line":98,"column":4},"end":{"line":100,"column":5}},"type":"if","locations":[{"start":{"line":98,"column":4},"end":{"line":100,"column":5}},{"start":{},"end":{}}],"line":98},"9":{"loc":{"start":{"line":103,"column":21},"end":{"line":103,"column":79}},"type":"cond-expr","locations":[{"start":{"line":103,"column":44},"end":{"line":103,"column":60}},{"start":{"line":103,"column":63},"end":{"line":103,"column":79}}],"line":103},"10":{"loc":{"start":{"line":105,"column":4},"end":{"line":107,"column":5}},"type":"if","locations":[{"start":{"line":105,"column":4},"end":{"line":107,"column":5}},{"start":{},"end":{}}],"line":105},"11":{"loc":{"start":{"line":105,"column":8},"end":{"line":105,"column":54}},"type":"binary-expr","locations":[{"start":{"line":105,"column":8},"end":{"line":105,"column":20}},{"start":{"line":105,"column":24},"end":{"line":105,"column":54}}],"line":105},"12":{"loc":{"start":{"line":126,"column":4},"end":{"line":129,"column":5}},"type":"if","locations":[{"start":{"line":126,"column":4},"end":{"line":129,"column":5}},{"start":{},"end":{}}],"line":126},"13":{"loc":{"start":{"line":126,"column":8},"end":{"line":126,"column":32}},"type":"binary-expr","locations":[{"start":{"line":126,"column":8},"end":{"line":126,"column":15}},{"start":{"line":126,"column":19},"end":{"line":126,"column":32}}],"line":126},"14":{"loc":{"start":{"line":133,"column":4},"end":{"line":136,"column":5}},"type":"if","locations":[{"start":{"line":133,"column":4},"end":{"line":136,"column":5}},{"start":{},"end":{}}],"line":133},"15":{"loc":{"start":{"line":133,"column":8},"end":{"line":133,"column":68}},"type":"binary-expr","locations":[{"start":{"line":133,"column":8},"end":{"line":133,"column":18}},{"start":{"line":133,"column":22},"end":{"line":133,"column":46}},{"start":{"line":133,"column":50},"end":{"line":133,"column":68}}],"line":133},"16":{"loc":{"start":{"line":140,"column":4},"end":{"line":142,"column":5}},"type":"if","locations":[{"start":{"line":140,"column":4},"end":{"line":142,"column":5}},{"start":{},"end":{}}],"line":140},"17":{"loc":{"start":{"line":146,"column":37},"end":{"line":146,"column":53}},"type":"binary-expr","locations":[{"start":{"line":146,"column":37},"end":{"line":146,"column":45}},{"start":{"line":146,"column":49},"end":{"line":146,"column":53}}],"line":146},"18":{"loc":{"start":{"line":146,"column":55},"end":{"line":146,"column":73}},"type":"binary-expr","locations":[{"start":{"line":146,"column":55},"end":{"line":146,"column":65}},{"start":{"line":146,"column":69},"end":{"line":146,"column":73}}],"line":146},"19":{"loc":{"start":{"line":146,"column":75},"end":{"line":146,"column":91}},"type":"binary-expr","locations":[{"start":{"line":146,"column":75},"end":{"line":146,"column":83}},{"start":{"line":146,"column":87},"end":{"line":146,"column":91}}],"line":146},"20":{"loc":{"start":{"line":149,"column":4},"end":{"line":151,"column":5}},"type":"if","locations":[{"start":{"line":149,"column":4},"end":{"line":151,"column":5}},{"start":{},"end":{}}],"line":149},"21":{"loc":{"start":{"line":149,"column":8},"end":{"line":149,"column":40}},"type":"binary-expr","locations":[{"start":{"line":149,"column":8},"end":{"line":149,"column":15}},{"start":{"line":149,"column":19},"end":{"line":149,"column":40}}],"line":149},"22":{"loc":{"start":{"line":167,"column":4},"end":{"line":169,"column":5}},"type":"if","locations":[{"start":{"line":167,"column":4},"end":{"line":169,"column":5}},{"start":{},"end":{}}],"line":167},"23":{"loc":{"start":{"line":186,"column":4},"end":{"line":188,"column":5}},"type":"if","locations":[{"start":{"line":186,"column":4},"end":{"line":188,"column":5}},{"start":{},"end":{}}],"line":186},"24":{"loc":{"start":{"line":192,"column":4},"end":{"line":194,"column":5}},"type":"if","locations":[{"start":{"line":192,"column":4},"end":{"line":194,"column":5}},{"start":{},"end":{}}],"line":192},"25":{"loc":{"start":{"line":217,"column":4},"end":{"line":220,"column":5}},"type":"if","locations":[{"start":{"line":217,"column":4},"end":{"line":220,"column":5}},{"start":{},"end":{}}],"line":217},"26":{"loc":{"start":{"line":234,"column":2},"end":{"line":236,"column":3}},"type":"if","locations":[{"start":{"line":234,"column":2},"end":{"line":236,"column":3}},{"start":{},"end":{}}],"line":234},"27":{"loc":{"start":{"line":234,"column":6},"end":{"line":234,"column":65}},"type":"binary-expr","locations":[{"start":{"line":234,"column":6},"end":{"line":234,"column":14}},{"start":{"line":234,"column":18},"end":{"line":234,"column":41}},{"start":{"line":234,"column":45},"end":{"line":234,"column":65}}],"line":234},"28":{"loc":{"start":{"line":251,"column":2},"end":{"line":253,"column":3}},"type":"if","locations":[{"start":{"line":251,"column":2},"end":{"line":253,"column":3}},{"start":{},"end":{}}],"line":251},"29":{"loc":{"start":{"line":251,"column":6},"end":{"line":251,"column":65}},"type":"binary-expr","locations":[{"start":{"line":251,"column":6},"end":{"line":251,"column":14}},{"start":{"line":251,"column":18},"end":{"line":251,"column":41}},{"start":{"line":251,"column":45},"end":{"line":251,"column":65}}],"line":251},"30":{"loc":{"start":{"line":268,"column":4},"end":{"line":272,"column":5}},"type":"if","locations":[{"start":{"line":268,"column":4},"end":{"line":272,"column":5}},{"start":{},"end":{}}],"line":268},"31":{"loc":{"start":{"line":275,"column":4},"end":{"line":278,"column":5}},"type":"if","locations":[{"start":{"line":275,"column":4},"end":{"line":278,"column":5}},{"start":{},"end":{}}],"line":275},"32":{"loc":{"start":{"line":275,"column":8},"end":{"line":275,"column":34}},"type":"binary-expr","locations":[{"start":{"line":275,"column":8},"end":{"line":275,"column":14}},{"start":{"line":275,"column":18},"end":{"line":275,"column":34}}],"line":275},"33":{"loc":{"start":{"line":280,"column":4},"end":{"line":283,"column":5}},"type":"if","locations":[{"start":{"line":280,"column":4},"end":{"line":283,"column":5}},{"start":{},"end":{}}],"line":280},"34":{"loc":{"start":{"line":280,"column":8},"end":{"line":280,"column":38}},"type":"binary-expr","locations":[{"start":{"line":280,"column":8},"end":{"line":280,"column":16}},{"start":{"line":280,"column":20},"end":{"line":280,"column":38}}],"line":280},"35":{"loc":{"start":{"line":285,"column":4},"end":{"line":288,"column":5}},"type":"if","locations":[{"start":{"line":285,"column":4},"end":{"line":288,"column":5}},{"start":{},"end":{}}],"line":285},"36":{"loc":{"start":{"line":285,"column":8},"end":{"line":285,"column":34}},"type":"binary-expr","locations":[{"start":{"line":285,"column":8},"end":{"line":285,"column":14}},{"start":{"line":285,"column":18},"end":{"line":285,"column":34}}],"line":285}},"s":{"0":1,"1":1,"2":1,"3":1,"4":0,"5":1,"6":2,"7":2,"8":2,"9":0,"10":2,"11":0,"12":0,"13":1,"14":2,"15":2,"16":2,"17":1,"18":1,"19":1,"20":1,"21":0,"22":0,"23":1,"24":1,"25":0,"26":0,"27":1,"28":1,"29":1,"30":1,"31":1,"32":1,"33":0,"34":0,"35":0,"36":0,"37":0,"38":1,"39":0,"40":0,"41":0,"42":0,"43":0,"44":0,"45":0,"46":0,"47":0,"48":0,"49":0,"50":0,"51":0,"52":0,"53":0,"54":0,"55":0,"56":0,"57":1,"58":1,"59":1,"60":1,"61":1,"62":0,"63":0,"64":1,"65":1,"66":1,"67":1,"68":0,"69":0,"70":0,"71":0,"72":0,"73":0,"74":0,"75":0,"76":0,"77":0,"78":1,"79":2,"80":2,"81":2,"82":2,"83":1,"84":1,"85":0,"86":0,"87":1,"88":3,"89":3,"90":3,"91":3,"92":3,"93":1,"94":2,"95":2,"96":1,"97":1,"98":1,"99":0,"100":0,"101":1,"102":1,"103":1,"104":1,"105":1,"106":1,"107":1,"108":0,"109":0,"110":0,"111":0,"112":1,"113":2,"114":2,"115":2,"116":1,"117":1,"118":1,"119":1,"120":1,"121":1,"122":2,"123":2,"124":1,"125":1,"126":1,"127":2,"128":2,"129":2,"130":2,"131":2,"132":2,"133":1,"134":1,"135":1,"136":2,"137":1,"138":1,"139":2,"140":1,"141":1,"142":2,"143":0,"144":0,"145":2,"146":2,"147":0,"148":1},"f":{"0":2,"1":2,"2":1,"3":0,"4":1,"5":2,"6":3,"7":1,"8":2,"9":1,"10":2,"11":2},"b":{"0":[0,1],"1":[0,2],"2":[1,1],"3":[2,1,1,1,1,1],"4":[0,1],"5":[1,1,1],"6":[1,0],"7":[0,0],"8":[0,0],"9":[0,0],"10":[0,0],"11":[0,0],"12":[0,1],"13":[1,1],"14":[1,0],"15":[1,1,0],"16":[0,0],"17":[0,0],"18":[0,0],"19":[0,0],"20":[0,0],"21":[0,0],"22":[1,1],"23":[1,2],"24":[1,1],"25":[1,0],"26":[1,1],"27":[2,2,2],"28":[1,1],"29":[2,2,2],"30":[1,1],"31":[1,1],"32":[2,1],"33":[1,1],"34":[2,1],"35":[0,2],"36":[2,0]},"_coverageSchema":"1a1c01bbd47fc00a2c39e90264f33305004495a9","hash":"56f3da684ec7ed9699912b8c7739dbdf46918abf"}
,"/Users/yanshuyu/Desktop/TheChosenOnes-1/backend/src/controllers/userController.js": {"path":"/Users/yanshuyu/Desktop/TheChosenOnes-1/backend/src/controllers/userController.js","statementMap":{"0":{"start":{"line":1,"column":15},"end":{"line":1,"column":34}},"1":{"start":{"line":2,"column":19},"end":{"line":2,"column":32}},"2":{"start":{"line":5,"column":15},"end":{"line":8,"column":2}},"3":{"start":{"line":11,"column":0},"end":{"line":13,"column":1}},"4":{"start":{"line":12,"column":2},"end":{"line":12,"column":19}},"5":{"start":{"line":15,"column":21},"end":{"line":58,"column":1}},"6":{"start":{"line":16,"column":83},"end":{"line":16,"column":91}},"7":{"start":{"line":18,"column":2},"end":{"line":57,"column":3}},"8":{"start":{"line":20,"column":28},"end":{"line":20,"column":95}},"9":{"start":{"line":21,"column":4},"end":{"line":23,"column":5}},"10":{"start":{"line":22,"column":6},"end":{"line":22,"column":69}},"11":{"start":{"line":26,"column":17},"end":{"line":26,"column":41}},"12":{"start":{"line":27,"column":27},"end":{"line":27,"column":60}},"13":{"start":{"line":30,"column":28},"end":{"line":33,"column":5}},"14":{"start":{"line":35,"column":20},"end":{"line":35,"column":43}},"15":{"start":{"line":36,"column":4},"end":{"line":36,"column":28}},"16":{"start":{"line":39,"column":4},"end":{"line":50,"column":7}},"17":{"start":{"line":52,"column":4},"end":{"line":52,"column":51}},"18":{"start":{"line":53,"column":4},"end":{"line":56,"column":8}},"19":{"start":{"line":60,"column":0},"end":{"line":60,"column":34}}},"fnMap":{"0":{"name":"(anonymous_0)","decl":{"start":{"line":15,"column":21},"end":{"line":15,"column":22}},"loc":{"start":{"line":15,"column":41},"end":{"line":58,"column":1}},"line":15}},"branchMap":{"0":{"loc":{"start":{"line":11,"column":0},"end":{"line":13,"column":1}},"type":"if","locations":[{"start":{"line":11,"column":0},"end":{"line":13,"column":1}},{"start":{},"end":{}}],"line":11},"1":{"loc":{"start":{"line":21,"column":4},"end":{"line":23,"column":5}},"type":"if","locations":[{"start":{"line":21,"column":4},"end":{"line":23,"column":5}},{"start":{},"end":{}}],"line":21}},"s":{"0":1,"1":1,"2":1,"3":1,"4":0,"5":1,"6":0,"7":0,"8":0,"9":0,"10":0,"11":0,"12":0,"13":0,"14":0,"15":0,"16":0,"17":0,"18":0,"19":1},"f":{"0":0},"b":{"0":[0,1],"1":[0,0]},"_coverageSchema":"1a1c01bbd47fc00a2c39e90264f33305004495a9","hash":"c6375486d9198d9bb3dc1dab7f3fb0daaa44b79a"}
,"/Users/yanshuyu/Desktop/TheChosenOnes-1/backend/src/middlewares/validateRegistration.js": {"path":"/Users/yanshuyu/Desktop/TheChosenOnes-1/backend/src/middlewares/validateRegistration.js","statementMap":{"0":{"start":{"line":1,"column":36},"end":{"line":1,"column":64}},"1":{"start":{"line":4,"column":29},"end":{"line":48,"column":1}},"2":{"start":{"line":37,"column":32},"end":{"line":37,"column":59}},"3":{"start":{"line":42,"column":19},"end":{"line":42,"column":40}},"4":{"start":{"line":43,"column":4},"end":{"line":45,"column":5}},"5":{"start":{"line":44,"column":6},"end":{"line":44,"column":62}},"6":{"start":{"line":46,"column":4},"end":{"line":46,"column":11}},"7":{"start":{"line":50,"column":0},"end":{"line":50,"column":42}}},"fnMap":{"0":{"name":"(anonymous_0)","decl":{"start":{"line":37,"column":12},"end":{"line":37,"column":13}},"loc":{"start":{"line":37,"column":32},"end":{"line":37,"column":59}},"line":37},"1":{"name":"(anonymous_1)","decl":{"start":{"line":41,"column":2},"end":{"line":41,"column":3}},"loc":{"start":{"line":41,"column":22},"end":{"line":47,"column":3}},"line":41}},"branchMap":{"0":{"loc":{"start":{"line":43,"column":4},"end":{"line":45,"column":5}},"type":"if","locations":[{"start":{"line":43,"column":4},"end":{"line":45,"column":5}},{"start":{},"end":{}}],"line":43}},"s":{"0":1,"1":1,"2":11,"3":11,"4":11,"5":11,"6":0,"7":1},"f":{"0":11,"1":11},"b":{"0":[11,0]},"_coverageSchema":"1a1c01bbd47fc00a2c39e90264f33305004495a9","hash":"c052b9bc0d0c5c840a926ec4558f4e7e150000e3"}
,"/Users/yanshuyu/Desktop/TheChosenOnes-1/backend/src/routes/taskRoutes.js": {"path":"/Users/yanshuyu/Desktop/TheChosenOnes-1/backend/src/routes/taskRoutes.js","statementMap":{"0":{"start":{"line":1,"column":16},"end":{"line":1,"column":34}},"1":{"start":{"line":2,"column":15},"end":{"line":2,"column":31}},"2":{"start":{"line":3,"column":23},"end":{"line":3,"column":63}},"3":{"start":{"line":5,"column":0},"end":{"line":5,"column":41}},"4":{"start":{"line":6,"column":0},"end":{"line":6,"column":55}},"5":{"start":{"line":7,"column":0},"end":{"line":7,"column":44}},"6":{"start":{"line":8,"column":0},"end":{"line":8,"column":53}},"7":{"start":{"line":9,"column":0},"end":{"line":9,"column":55}},"8":{"start":{"line":10,"column":0},"end":{"line":10,"column":50}},"9":{"start":{"line":11,"column":0},"end":{"line":11,"column":53}},"10":{"start":{"line":13,"column":0},"end":{"line":13,"column":65}},"11":{"start":{"line":16,"column":0},"end":{"line":16,"column":67}},"12":{"start":{"line":19,"column":0},"end":{"line":19,"column":71}},"13":{"start":{"line":20,"column":0},"end":{"line":20,"column":61}},"14":{"start":{"line":21,"column":0},"end":{"line":21,"column":75}},"15":{"start":{"line":23,"column":0},"end":{"line":23,"column":24}}},"fnMap":{},"branchMap":{},"s":{"0":1,"1":1,"2":1,"3":1,"4":1,"5":1,"6":1,"7":1,"8":1,"9":1,"10":1,"11":1,"12":1,"13":1,"14":1,"15":1},"f":{},"b":{},"_coverageSchema":"1a1c01bbd47fc00a2c39e90264f33305004495a9","hash":"1b68b35879b5e50f487d01c45f609062b5cefda6"}
}
