TN:
SF:src/controllers/adminController.js
FN:14,(anonymous_0)
FN:52,(anonymous_1)
FNF:2
FNH:2
FNDA:3,(anonymous_0)
FNDA:4,(anonymous_1)
DA:1,2
DA:4,2
DA:10,2
DA:11,0
DA:14,2
DA:15,3
DA:17,3
DA:19,3
DA:20,3
DA:21,1
DA:25,2
DA:26,2
DA:27,1
DA:31,1
DA:33,1
DA:36,1
DA:43,0
DA:44,0
DA:52,2
DA:53,4
DA:55,4
DA:56,3
DA:57,3
DA:59,3
DA:60,3
DA:61,3
DA:64,3
DA:65,3
DA:68,3
DA:74,3
DA:77,3
DA:84,3
DA:87,3
DA:97,1
DA:98,1
DA:104,2
LF:36
LH:33
BRDA:10,0,0,0
BRDA:10,0,1,2
BRDA:20,1,0,1
BRDA:20,1,1,2
BRDA:26,2,0,1
BRDA:26,2,1,1
BRDA:65,3,0,2
BRDA:65,3,1,1
BRDA:84,4,0,1
BRDA:84,4,1,2
BRF:10
BRH:9
end_of_record
TN:
SF:src/controllers/authController.js
FN:26,(anonymous_0)
FN:57,(anonymous_1)
FN:88,(anonymous_2)
FN:92,(anonymous_3)
FN:102,(anonymous_4)
FNF:5
FNH:2
FNDA:4,(anonymous_0)
FNDA:0,(anonymous_1)
FNDA:0,(anonymous_2)
FNDA:0,(anonymous_3)
FNDA:2,(anonymous_4)
DA:4,1
DA:5,1
DA:6,1
DA:7,1
DA:8,1
DA:9,1
DA:12,1
DA:18,1
DA:19,0
DA:23,1
DA:24,1
DA:26,1
DA:27,4
DA:29,4
DA:31,4
DA:32,1
DA:35,3
DA:36,3
DA:37,1
DA:41,2
DA:42,2
DA:43,2
DA:44,1
DA:48,1
DA:50,1
DA:52,0
DA:53,0
DA:57,1
DA:58,0
DA:60,0
DA:61,0
DA:62,0
DA:63,0
DA:66,0
DA:67,0
DA:68,0
DA:70,0
DA:76,0
DA:87,0
DA:89,0
DA:90,0
DA:93,0
DA:94,0
DA:97,0
DA:98,0
DA:102,1
DA:103,2
DA:105,2
DA:106,2
DA:111,2
DA:112,1
DA:115,1
DA:116,1
DA:117,1
DA:119,1
DA:120,1
DA:122,1
DA:124,0
DA:125,0
DA:130,1
LF:60
LH:38
BRDA:18,0,0,0
BRDA:18,0,1,1
BRDA:24,1,0,1
BRDA:24,1,1,1
BRDA:31,2,0,1
BRDA:31,2,1,3
BRDA:31,3,0,4
BRDA:31,3,1,3
BRDA:36,4,0,1
BRDA:36,4,1,2
BRDA:36,5,0,3
BRDA:36,5,1,3
BRDA:43,6,0,1
BRDA:43,6,1,1
BRDA:62,7,0,0
BRDA:62,7,1,0
BRDA:111,8,0,1
BRDA:111,8,1,1
BRF:18
BRH:15
end_of_record
TN:
SF:src/controllers/messageController.js
FN:1,(anonymous_0)
FN:1,(anonymous_1)
FN:23,(anonymous_2)
FN:23,(anonymous_3)
FN:33,(anonymous_4)
FN:44,(anonymous_5)
FN:44,(anonymous_6)
FNF:7
FNH:6
FNDA:1,(anonymous_0)
FNDA:2,(anonymous_1)
FNDA:1,(anonymous_2)
FNDA:1,(anonymous_3)
FNDA:0,(anonymous_4)
FNDA:1,(anonymous_5)
FNDA:1,(anonymous_6)
DA:1,1
DA:2,2
DA:4,2
DA:5,1
DA:8,1
DA:9,1
DA:17,0
DA:19,1
DA:23,1
DA:24,1
DA:26,1
DA:27,1
DA:33,1
DA:38,0
DA:40,1
DA:44,1
DA:45,1
DA:46,1
DA:48,1
DA:49,1
DA:50,1
DA:52,1
DA:53,0
DA:56,0
DA:57,0
DA:59,0
DA:60,0
DA:63,0
DA:68,0
DA:70,1
LF:30
LH:21
BRDA:2,0,0,2
BRDA:4,1,0,1
BRDA:4,1,1,1
BRDA:4,2,0,2
BRDA:4,2,1,1
BRDA:52,3,0,0
BRDA:52,3,1,0
BRDA:57,4,0,0
BRDA:57,4,1,0
BRDA:59,5,0,0
BRDA:59,5,1,0
BRF:11
BRH:5
end_of_record
TN:
SF:src/controllers/taskController.js
FN:17,(anonymous_0)
FN:33,(anonymous_1)
FN:61,(anonymous_2)
FN:85,(anonymous_3)
FN:122,(anonymous_4)
FN:162,(anonymous_5)
FN:179,(anonymous_6)
FN:211,(anonymous_7)
FN:231,(anonymous_8)
FN:242,(anonymous_9)
FN:249,(anonymous_10)
FN:259,(anonymous_11)
FNF:12
FNH:11
FNDA:2,(anonymous_0)
FNDA:2,(anonymous_1)
FNDA:1,(anonymous_2)
FNDA:0,(anonymous_3)
FNDA:1,(anonymous_4)
FNDA:2,(anonymous_5)
FNDA:3,(anonymous_6)
FNDA:1,(anonymous_7)
FNDA:2,(anonymous_8)
FNDA:1,(anonymous_9)
FNDA:2,(anonymous_10)
FNDA:2,(anonymous_11)
DA:2,1
DA:3,1
DA:6,1
DA:12,1
DA:13,0
DA:17,1
DA:18,2
DA:19,2
DA:21,2
DA:22,0
DA:25,2
DA:27,0
DA:28,0
DA:33,1
DA:34,2
DA:35,2
DA:37,2
DA:38,1
DA:39,1
DA:42,1
DA:47,1
DA:48,0
DA:49,0
DA:52,1
DA:53,1
DA:55,0
DA:56,0
DA:61,1
DA:62,1
DA:63,1
DA:66,1
DA:67,1
DA:68,1
DA:71,0
DA:73,0
DA:78,0
DA:80,0
DA:81,0
DA:85,1
DA:86,0
DA:87,0
DA:88,0
DA:89,0
DA:92,0
DA:93,0
DA:94,0
DA:97,0
DA:98,0
DA:99,0
DA:102,0
DA:103,0
DA:105,0
DA:106,0
DA:109,0
DA:114,0
DA:116,0
DA:117,0
DA:122,1
DA:123,1
DA:124,1
DA:125,1
DA:126,1
DA:127,0
DA:128,0
DA:130,1
DA:133,1
DA:134,1
DA:135,1
DA:138,0
DA:140,0
DA:141,0
DA:144,0
DA:149,0
DA:150,0
DA:153,0
DA:154,0
DA:156,0
DA:157,0
DA:162,1
DA:163,2
DA:164,2
DA:165,2
DA:167,2
DA:168,1
DA:171,1
DA:173,0
DA:174,0
DA:179,1
DA:180,3
DA:181,3
DA:183,3
DA:184,3
DA:186,3
DA:187,1
DA:190,2
DA:192,2
DA:193,1
DA:196,1
DA:203,1
DA:205,0
DA:206,0
DA:211,1
DA:212,1
DA:213,1
DA:215,1
DA:217,1
DA:218,1
DA:219,1
DA:222,0
DA:223,0
DA:225,0
DA:226,0
DA:231,1
DA:232,2
DA:233,2
DA:234,2
DA:235,1
DA:238,1
DA:242,1
DA:243,1
DA:245,1
DA:249,1
DA:250,2
DA:251,2
DA:252,1
DA:255,1
DA:259,1
DA:260,2
DA:261,2
DA:263,2
DA:264,2
DA:265,2
DA:268,2
DA:269,1
DA:270,1
DA:271,1
DA:275,2
DA:276,1
DA:277,1
DA:280,2
DA:281,1
DA:282,1
DA:285,2
DA:286,0
DA:287,0
DA:291,2
DA:294,2
DA:298,0
DA:302,1
LF:149
LH:95
BRDA:12,0,0,0
BRDA:12,0,1,1
BRDA:21,1,0,0
BRDA:21,1,1,2
BRDA:37,2,0,1
BRDA:37,2,1,1
BRDA:37,3,0,2
BRDA:37,3,1,1
BRDA:37,3,2,1
BRDA:37,3,3,1
BRDA:37,3,4,1
BRDA:37,3,5,1
BRDA:47,4,0,0
BRDA:47,4,1,1
BRDA:47,5,0,1
BRDA:47,5,1,1
BRDA:47,5,2,1
BRDA:67,6,0,1
BRDA:67,6,1,0
BRDA:93,7,0,0
BRDA:93,7,1,0
BRDA:98,8,0,0
BRDA:98,8,1,0
BRDA:103,9,0,0
BRDA:103,9,1,0
BRDA:105,10,0,0
BRDA:105,10,1,0
BRDA:105,11,0,0
BRDA:105,11,1,0
BRDA:126,12,0,0
BRDA:126,12,1,1
BRDA:126,13,0,1
BRDA:126,13,1,1
BRDA:133,14,0,1
BRDA:133,14,1,0
BRDA:133,15,0,1
BRDA:133,15,1,1
BRDA:133,15,2,0
BRDA:140,16,0,0
BRDA:140,16,1,0
BRDA:146,17,0,0
BRDA:146,17,1,0
BRDA:146,18,0,0
BRDA:146,18,1,0
BRDA:146,19,0,0
BRDA:146,19,1,0
BRDA:149,20,0,0
BRDA:149,20,1,0
BRDA:149,21,0,0
BRDA:149,21,1,0
BRDA:167,22,0,1
BRDA:167,22,1,1
BRDA:186,23,0,1
BRDA:186,23,1,2
BRDA:192,24,0,1
BRDA:192,24,1,1
BRDA:217,25,0,1
BRDA:217,25,1,0
BRDA:234,26,0,1
BRDA:234,26,1,1
BRDA:234,27,0,2
BRDA:234,27,1,2
BRDA:234,27,2,2
BRDA:251,28,0,1
BRDA:251,28,1,1
BRDA:251,29,0,2
BRDA:251,29,1,2
BRDA:251,29,2,2
BRDA:268,30,0,1
BRDA:268,30,1,1
BRDA:275,31,0,1
BRDA:275,31,1,1
BRDA:275,32,0,2
BRDA:275,32,1,1
BRDA:280,33,0,1
BRDA:280,33,1,1
BRDA:280,34,0,2
BRDA:280,34,1,1
BRDA:285,35,0,0
BRDA:285,35,1,2
BRDA:285,36,0,2
BRDA:285,36,1,0
BRF:82
BRH:50
end_of_record
TN:
SF:src/controllers/userController.js
FN:15,(anonymous_0)
FNF:1
FNH:0
FNDA:0,(anonymous_0)
DA:1,1
DA:2,1
DA:5,1
DA:11,1
DA:12,0
DA:15,1
DA:16,0
DA:18,0
DA:20,0
DA:21,0
DA:22,0
DA:26,0
DA:27,0
DA:30,0
DA:35,0
DA:36,0
DA:39,0
DA:52,0
DA:53,0
DA:60,1
LF:20
LH:6
BRDA:11,0,0,0
BRDA:11,0,1,1
BRDA:21,1,0,0
BRDA:21,1,1,0
BRF:4
BRH:1
end_of_record
TN:
SF:src/middlewares/validateRegistration.js
FN:37,(anonymous_0)
FN:41,(anonymous_1)
FNF:2
FNH:2
FNDA:11,(anonymous_0)
FNDA:11,(anonymous_1)
DA:1,1
DA:4,1
DA:37,11
DA:42,11
DA:43,11
DA:44,11
DA:46,0
DA:50,1
LF:8
LH:7
BRDA:43,0,0,11
BRDA:43,0,1,0
BRF:2
BRH:1
end_of_record
TN:
SF:src/routes/taskRoutes.js
FNF:0
FNH:0
DA:1,1
DA:2,1
DA:3,1
DA:5,1
DA:6,1
DA:7,1
DA:8,1
DA:9,1
DA:10,1
DA:11,1
DA:13,1
DA:16,1
DA:19,1
DA:20,1
DA:21,1
DA:23,1
LF:16
LH:16
BRF:0
BRH:0
end_of_record
