TN:
SF:src/controllers/adminController.js
FN:3,(anonymous_0)
FN:41,(anonymous_1)
FN:64,(anonymous_2)
FN:91,(anonymous_3)
FN:112,(anonymous_4)
FN:166,(anonymous_5)
FNF:6
FNH:5
FNDA:3,(anonymous_0)
FNDA:1,(anonymous_1)
FNDA:1,(anonymous_2)
FNDA:1,(anonymous_3)
FNDA:4,(anonymous_4)
FNDA:0,(anonymous_5)
DA:1,3
DA:3,3
DA:4,3
DA:6,3
DA:8,3
DA:9,3
DA:10,1
DA:14,2
DA:15,2
DA:16,1
DA:20,1
DA:22,1
DA:25,1
DA:32,0
DA:33,0
DA:41,3
DA:42,1
DA:43,1
DA:53,1
DA:55,0
DA:56,0
DA:64,3
DA:65,1
DA:66,1
DA:68,1
DA:69,1
DA:76,1
DA:77,0
DA:80,1
DA:82,0
DA:83,0
DA:91,3
DA:92,1
DA:94,1
DA:95,1
DA:97,1
DA:98,0
DA:101,1
DA:103,0
DA:104,0
DA:112,3
DA:113,4
DA:115,4
DA:116,3
DA:117,3
DA:119,3
DA:120,3
DA:121,3
DA:124,3
DA:125,3
DA:128,3
DA:134,3
DA:137,3
DA:144,3
DA:147,3
DA:157,1
DA:158,1
DA:166,3
DA:167,0
DA:168,0
DA:170,0
DA:171,0
DA:172,0
DA:175,0
DA:176,0
DA:177,0
DA:180,0
DA:181,0
DA:183,0
DA:190,0
DA:191,0
DA:198,3
LF:72
LH:49
BRDA:9,0,0,1
BRDA:9,0,1,2
BRDA:15,1,0,1
BRDA:15,1,1,1
BRDA:76,2,0,0
BRDA:76,2,1,1
BRDA:97,3,0,0
BRDA:97,3,1,1
BRDA:125,4,0,2
BRDA:125,4,1,1
BRDA:144,5,0,1
BRDA:144,5,1,2
BRDA:171,6,0,0
BRDA:171,6,1,0
BRDA:176,7,0,0
BRDA:176,7,1,0
BRF:16
BRH:10
end_of_record
TN:
SF:src/controllers/authController.js
FN:15,(anonymous_0)
FN:73,(anonymous_1)
FN:104,(anonymous_2)
FN:108,(anonymous_3)
FN:118,(anonymous_4)
FNF:5
FNH:2
FNDA:4,(anonymous_0)
FNDA:0,(anonymous_1)
FNDA:0,(anonymous_2)
FNDA:0,(anonymous_3)
FNDA:2,(anonymous_4)
DA:4,1
DA:5,1
DA:6,1
DA:7,1
DA:8,1
DA:9,1
DA:12,1
DA:13,1
DA:15,1
DA:16,4
DA:17,4
DA:19,4
DA:20,4
DA:21,1
DA:22,1
DA:25,3
DA:26,3
DA:27,3
DA:28,3
DA:29,1
DA:30,1
DA:33,2
DA:34,2
DA:35,2
DA:36,2
DA:37,2
DA:38,1
DA:41,1
DA:42,1
DA:43,1
DA:44,1
DA:45,1
DA:46,1
DA:47,0
DA:50,0
DA:53,1
DA:54,1
DA:55,0
DA:56,0
DA:59,1
DA:64,1
DA:66,1
DA:68,0
DA:69,0
DA:73,1
DA:74,0
DA:76,0
DA:77,0
DA:78,0
DA:79,0
DA:82,0
DA:83,0
DA:84,0
DA:86,0
DA:92,0
DA:103,0
DA:105,0
DA:106,0
DA:109,0
DA:110,0
DA:113,0
DA:114,0
DA:118,1
DA:119,2
DA:121,2
DA:122,2
DA:127,2
DA:128,1
DA:131,1
DA:132,1
DA:133,1
DA:135,1
DA:136,1
DA:138,1
DA:140,0
DA:141,0
DA:146,1
LF:77
LH:52
BRDA:13,0,0,1
BRDA:13,0,1,1
BRDA:20,1,0,1
BRDA:20,1,1,3
BRDA:20,2,0,4
BRDA:20,2,1,3
BRDA:28,3,0,1
BRDA:28,3,1,2
BRDA:28,4,0,3
BRDA:28,4,1,3
BRDA:37,5,0,1
BRDA:37,5,1,1
BRDA:46,6,0,0
BRDA:46,6,1,1
BRDA:54,7,0,0
BRDA:54,7,1,1
BRDA:78,8,0,0
BRDA:78,8,1,0
BRDA:127,9,0,1
BRDA:127,9,1,1
BRF:20
BRH:16
end_of_record
TN:
SF:src/controllers/messageController.js
FN:1,(anonymous_0)
FN:1,(anonymous_1)
FN:23,(anonymous_2)
FN:23,(anonymous_3)
FN:33,(anonymous_4)
FN:44,(anonymous_5)
FN:44,(anonymous_6)
FNF:7
FNH:6
FNDA:1,(anonymous_0)
FNDA:2,(anonymous_1)
FNDA:1,(anonymous_2)
FNDA:1,(anonymous_3)
FNDA:0,(anonymous_4)
FNDA:1,(anonymous_5)
FNDA:1,(anonymous_6)
DA:1,1
DA:2,2
DA:4,2
DA:5,1
DA:8,1
DA:9,1
DA:17,0
DA:19,1
DA:23,1
DA:24,1
DA:26,1
DA:27,1
DA:33,1
DA:38,0
DA:40,1
DA:44,1
DA:45,1
DA:46,1
DA:48,1
DA:49,1
DA:50,1
DA:52,1
DA:53,0
DA:56,0
DA:57,0
DA:59,0
DA:60,0
DA:63,0
DA:68,0
DA:70,1
LF:30
LH:21
BRDA:2,0,0,2
BRDA:4,1,0,1
BRDA:4,1,1,1
BRDA:4,2,0,2
BRDA:4,2,1,1
BRDA:52,3,0,0
BRDA:52,3,1,0
BRDA:57,4,0,0
BRDA:57,4,1,0
BRDA:59,5,0,0
BRDA:59,5,1,0
BRF:11
BRH:5
end_of_record
TN:
SF:src/controllers/taskController.js
FN:6,(anonymous_0)
FN:23,(anonymous_1)
FN:52,(anonymous_2)
FN:76,(anonymous_3)
FN:114,(anonymous_4)
FN:156,(anonymous_5)
FN:174,(anonymous_6)
FN:207,(anonymous_7)
FN:228,(anonymous_8)
FN:240,(anonymous_9)
FN:248,(anonymous_10)
FN:258,(anonymous_11)
FNF:12
FNH:11
FNDA:2,(anonymous_0)
FNDA:2,(anonymous_1)
FNDA:1,(anonymous_2)
FNDA:0,(anonymous_3)
FNDA:1,(anonymous_4)
FNDA:2,(anonymous_5)
FNDA:3,(anonymous_6)
FNDA:1,(anonymous_7)
FNDA:2,(anonymous_8)
FNDA:1,(anonymous_9)
FNDA:2,(anonymous_10)
FNDA:2,(anonymous_11)
DA:2,1
DA:3,1
DA:6,1
DA:7,2
DA:8,2
DA:10,2
DA:11,0
DA:14,2
DA:16,0
DA:17,0
DA:23,1
DA:24,2
DA:25,2
DA:27,2
DA:28,1
DA:29,1
DA:32,1
DA:37,1
DA:38,0
DA:39,0
DA:42,1
DA:43,1
DA:45,0
DA:46,0
DA:52,1
DA:53,1
DA:54,1
DA:57,1
DA:58,1
DA:59,1
DA:62,0
DA:64,0
DA:69,0
DA:71,0
DA:72,0
DA:76,1
DA:77,0
DA:78,0
DA:79,0
DA:80,0
DA:83,0
DA:84,0
DA:85,0
DA:88,0
DA:89,0
DA:90,0
DA:93,0
DA:94,0
DA:96,0
DA:97,0
DA:100,0
DA:105,0
DA:107,0
DA:108,0
DA:114,1
DA:115,1
DA:116,1
DA:117,1
DA:118,1
DA:119,0
DA:120,0
DA:122,1
DA:126,1
DA:127,1
DA:128,1
DA:131,0
DA:133,0
DA:134,0
DA:137,0
DA:142,0
DA:143,0
DA:146,0
DA:147,0
DA:149,0
DA:150,0
DA:156,1
DA:157,2
DA:158,2
DA:159,2
DA:161,2
DA:162,1
DA:165,1
DA:167,0
DA:168,0
DA:174,1
DA:175,3
DA:176,3
DA:178,3
DA:179,3
DA:181,3
DA:182,1
DA:185,2
DA:187,2
DA:188,1
DA:191,1
DA:198,1
DA:200,0
DA:201,0
DA:207,1
DA:208,1
DA:209,1
DA:211,1
DA:213,1
DA:214,1
DA:215,1
DA:218,0
DA:219,0
DA:221,0
DA:222,0
DA:228,1
DA:229,2
DA:230,2
DA:231,2
DA:232,1
DA:235,1
DA:240,1
DA:241,1
DA:243,1
DA:248,1
DA:249,2
DA:250,2
DA:251,1
DA:254,1
DA:258,1
DA:259,2
DA:260,2
DA:262,2
DA:263,2
DA:264,2
DA:267,2
DA:268,1
DA:269,1
DA:270,1
DA:274,2
DA:275,1
DA:276,1
DA:279,2
DA:280,1
DA:281,1
DA:284,2
DA:285,0
DA:286,0
DA:290,2
DA:293,2
DA:297,0
DA:301,1
LF:146
LH:93
BRDA:10,0,0,0
BRDA:10,0,1,2
BRDA:27,1,0,1
BRDA:27,1,1,1
BRDA:27,2,0,2
BRDA:27,2,1,1
BRDA:27,2,2,1
BRDA:27,2,3,1
BRDA:27,2,4,1
BRDA:27,2,5,1
BRDA:37,3,0,0
BRDA:37,3,1,1
BRDA:37,4,0,1
BRDA:37,4,1,1
BRDA:37,4,2,1
BRDA:58,5,0,1
BRDA:58,5,1,0
BRDA:84,6,0,0
BRDA:84,6,1,0
BRDA:89,7,0,0
BRDA:89,7,1,0
BRDA:94,8,0,0
BRDA:94,8,1,0
BRDA:96,9,0,0
BRDA:96,9,1,0
BRDA:96,10,0,0
BRDA:96,10,1,0
BRDA:118,11,0,0
BRDA:118,11,1,1
BRDA:118,12,0,1
BRDA:118,12,1,1
BRDA:126,13,0,1
BRDA:126,13,1,0
BRDA:126,14,0,1
BRDA:126,14,1,1
BRDA:126,14,2,0
BRDA:133,15,0,0
BRDA:133,15,1,0
BRDA:139,16,0,0
BRDA:139,16,1,0
BRDA:139,17,0,0
BRDA:139,17,1,0
BRDA:139,18,0,0
BRDA:139,18,1,0
BRDA:142,19,0,0
BRDA:142,19,1,0
BRDA:142,20,0,0
BRDA:142,20,1,0
BRDA:161,21,0,1
BRDA:161,21,1,1
BRDA:181,22,0,1
BRDA:181,22,1,2
BRDA:187,23,0,1
BRDA:187,23,1,1
BRDA:213,24,0,1
BRDA:213,24,1,0
BRDA:231,25,0,1
BRDA:231,25,1,1
BRDA:231,26,0,2
BRDA:231,26,1,2
BRDA:231,26,2,2
BRDA:250,27,0,1
BRDA:250,27,1,1
BRDA:250,28,0,2
BRDA:250,28,1,2
BRDA:250,28,2,2
BRDA:267,29,0,1
BRDA:267,29,1,1
BRDA:274,30,0,1
BRDA:274,30,1,1
BRDA:274,31,0,2
BRDA:274,31,1,1
BRDA:279,32,0,1
BRDA:279,32,1,1
BRDA:279,33,0,2
BRDA:279,33,1,1
BRDA:284,34,0,0
BRDA:284,34,1,2
BRDA:284,35,0,2
BRDA:284,35,1,0
BRF:80
BRH:49
end_of_record
TN:
SF:src/controllers/userController.js
FN:4,(anonymous_0)
FN:51,(anonymous_1)
FNF:2
FNH:0
FNDA:0,(anonymous_0)
FNDA:0,(anonymous_1)
DA:1,1
DA:2,1
DA:4,1
DA:5,0
DA:7,0
DA:9,0
DA:10,0
DA:11,0
DA:15,0
DA:16,0
DA:19,0
DA:24,0
DA:25,0
DA:28,0
DA:41,0
DA:42,0
DA:51,1
DA:52,0
DA:53,0
DA:54,0
DA:56,0
DA:57,0
DA:62,1
LF:23
LH:5
BRDA:10,0,0,0
BRDA:10,0,1,0
BRF:2
BRH:0
end_of_record
TN:
SF:src/database/db.js
FN:10,(anonymous_0)
FN:11,(anonymous_1)
FNF:2
FNH:0
FNDA:0,(anonymous_0)
FNDA:0,(anonymous_1)
DA:1,6
DA:3,6
DA:8,6
DA:9,0
DA:10,0
DA:11,0
DA:14,6
LF:7
LH:4
BRDA:4,0,0,6
BRDA:4,0,1,6
BRDA:8,1,0,0
BRDA:8,1,1,6
BRF:4
BRH:3
end_of_record
TN:
SF:src/middlewares/authMiddleware.js
FN:6,(anonymous_0)
FNF:1
FNH:1
FNDA:3,(anonymous_0)
DA:4,1
DA:6,1
DA:8,3
DA:9,3
DA:11,3
DA:12,0
DA:15,3
DA:16,3
DA:17,3
DA:18,3
DA:19,3
DA:21,0
DA:22,0
DA:29,1
LF:14
LH:11
BRDA:11,0,0,0
BRDA:11,0,1,3
BRF:2
BRH:1
end_of_record
TN:
SF:src/middlewares/validateAdmin.js
FN:14,(anonymous_0)
FNF:1
FNH:1
FNDA:3,(anonymous_0)
DA:1,1
DA:4,1
DA:10,1
DA:11,0
DA:14,1
DA:15,3
DA:16,0
DA:17,0
DA:20,3
DA:21,3
DA:23,3
DA:24,0
DA:25,0
DA:28,3
DA:29,3
DA:30,3
DA:32,3
DA:33,0
DA:36,3
DA:38,0
DA:39,0
DA:46,1
LF:22
LH:14
BRDA:10,0,0,0
BRDA:10,0,1,1
BRDA:15,1,0,0
BRDA:15,1,1,3
BRDA:20,2,0,3
BRDA:20,2,1,3
BRDA:23,3,0,0
BRDA:23,3,1,3
BRDA:32,4,0,0
BRDA:32,4,1,3
BRF:10
BRH:6
end_of_record
TN:
SF:src/middlewares/validateRegistration.js
FN:37,(anonymous_0)
FN:41,(anonymous_1)
FNF:2
FNH:2
FNDA:11,(anonymous_0)
FNDA:11,(anonymous_1)
DA:1,1
DA:4,1
DA:37,11
DA:42,11
DA:43,11
DA:44,11
DA:46,0
DA:50,1
LF:8
LH:7
BRDA:43,0,0,11
BRDA:43,0,1,0
BRF:2
BRH:1
end_of_record
TN:
SF:src/routes/taskRoutes.js
FNF:0
FNH:0
DA:1,1
DA:2,1
DA:3,1
DA:5,1
DA:6,1
DA:7,1
DA:8,1
DA:9,1
DA:10,1
DA:11,1
DA:13,1
DA:16,1
DA:19,1
DA:20,1
DA:21,1
DA:23,1
LF:16
LH:16
BRF:0
BRH:0
end_of_record
