
> frontend@0.1.0 test
> jest --coverage --coverage --verbose

---------------------|---------|----------|---------|---------|-------------------
File                 | % Stmts | % Branch | % Funcs | % Lines | Uncovered Line #s 
---------------------|---------|----------|---------|---------|-------------------
All files            |   16.66 |        0 |       0 |   17.24 |                   
 components          |    12.5 |        0 |       0 |    12.5 |                   
  AdminTaskList.js   |    12.5 |        0 |       0 |    12.5 | 4-85              
 components/ui       |      50 |      100 |       0 |      50 |                   
  button.js          |      50 |      100 |       0 |      50 | 4                 
 pages               |   16.66 |        0 |       0 |   18.18 |                   
  AdminManagement.js |   16.66 |        0 |       0 |   18.18 | 6-56              
---------------------|---------|----------|---------|---------|-------------------
